Calling target program-options parser
[20:06:08.472] [bmv2] [D] [thread 4058] Set default default entry for table 'MyIngress.ipv4_lpm': NoAction - 
[20:06:08.472] [bmv2] [D] [thread 4058] Set default default entry for table 'MyEgress.swtrace': NoAction - 
Adding interface s3-eth1 as port 1
[20:06:08.472] [bmv2] [D] [thread 4058] Adding interface s3-eth1 as port 1
Adding interface s3-eth2 as port 2
[20:06:08.509] [bmv2] [D] [thread 4058] Adding interface s3-eth2 as port 2
Adding interface s3-eth3 as port 3
[20:06:08.557] [bmv2] [D] [thread 4058] Adding interface s3-eth3 as port 3
Server listening on 0.0.0.0:50053
[20:06:08.598] [bmv2] [I] [thread 4058] Starting Thrift server on port 9092
[20:06:08.598] [bmv2] [I] [thread 4058] Thrift server was started
[20:06:08.599] [bmv2] [D] [thread 4068] [0.0] [cxt 0] Processing packet received on port 2
[20:06:08.599] [bmv2] [D] [thread 4068] [0.0] [cxt 0] Parser 'parser': start
[20:06:08.599] [bmv2] [D] [thread 4068] [0.0] [cxt 0] Parser 'parser' entering state 'start'
[20:06:08.599] [bmv2] [D] [thread 4068] [0.0] [cxt 0] Extracting header 'ethernet'
[20:06:08.599] [bmv2] [D] [thread 4068] [0.0] [cxt 0] Parser state 'start': key is 86dd
[20:06:08.599] [bmv2] [T] [thread 4068] [0.0] [cxt 0] Bytes parsed: 14
[20:06:08.599] [bmv2] [D] [thread 4068] [0.0] [cxt 0] Parser 'parser': end
[20:06:08.599] [bmv2] [D] [thread 4068] [0.0] [cxt 0] Pipeline 'ingress': start
[20:06:08.599] [bmv2] [T] [thread 4068] [0.0] [cxt 0] mri.p4(188) Condition "hdr.ipv4.isValid()" (node_2) is false
[20:06:08.599] [bmv2] [D] [thread 4068] [0.0] [cxt 0] Pipeline 'ingress': end
[20:06:08.599] [bmv2] [D] [thread 4068] [0.0] [cxt 0] Egress port is 0
[20:06:08.600] [bmv2] [D] [thread 4069] [0.0] [cxt 0] Pipeline 'egress': start
[20:06:08.600] [bmv2] [T] [thread 4069] [0.0] [cxt 0] Applying table 'MyEgress.swtrace'
[20:06:08.600] [bmv2] [D] [thread 4069] [0.0] [cxt 0] Looking up key:

[20:06:08.600] [bmv2] [D] [thread 4069] [0.0] [cxt 0] Table 'MyEgress.swtrace': miss
[20:06:08.600] [bmv2] [D] [thread 4069] [0.0] [cxt 0] Action entry is NoAction - 
[20:06:08.600] [bmv2] [T] [thread 4069] [0.0] [cxt 0] Action NoAction
[20:06:08.600] [bmv2] [D] [thread 4069] [0.0] [cxt 0] Pipeline 'egress': end
[20:06:08.600] [bmv2] [D] [thread 4069] [0.0] [cxt 0] Deparser 'deparser': start
[20:06:08.600] [bmv2] [T] [thread 4069] [0.0] [cxt 0] Skipping checksum 'cksum' update because condition not met
[20:06:08.600] [bmv2] [D] [thread 4069] [0.0] [cxt 0] Deparsing header 'ethernet'
[20:06:08.600] [bmv2] [D] [thread 4069] [0.0] [cxt 0] Deparser 'deparser': end
[20:06:08.600] [bmv2] [D] [thread 4068] [1.0] [cxt 0] Processing packet received on port 2
[20:06:08.600] [bmv2] [D] [thread 4068] [1.0] [cxt 0] Parser 'parser': start
[20:06:08.600] [bmv2] [D] [thread 4068] [1.0] [cxt 0] Parser 'parser' entering state 'start'
[20:06:08.600] [bmv2] [D] [thread 4068] [1.0] [cxt 0] Extracting header 'ethernet'
[20:06:08.600] [bmv2] [D] [thread 4068] [1.0] [cxt 0] Parser state 'start': key is 86dd
[20:06:08.600] [bmv2] [T] [thread 4068] [1.0] [cxt 0] Bytes parsed: 14
[20:06:08.600] [bmv2] [D] [thread 4068] [1.0] [cxt 0] Parser 'parser': end
[20:06:08.600] [bmv2] [D] [thread 4068] [1.0] [cxt 0] Pipeline 'ingress': start
[20:06:08.600] [bmv2] [T] [thread 4068] [1.0] [cxt 0] mri.p4(188) Condition "hdr.ipv4.isValid()" (node_2) is false
[20:06:08.600] [bmv2] [D] [thread 4068] [1.0] [cxt 0] Pipeline 'ingress': end
[20:06:08.600] [bmv2] [D] [thread 4068] [1.0] [cxt 0] Egress port is 0
[20:06:08.600] [bmv2] [D] [thread 4069] [1.0] [cxt 0] Pipeline 'egress': start
[20:06:08.600] [bmv2] [D] [thread 4073] [0.0] [cxt 0] Transmitting packet of size 90 out of port 0
[20:06:08.600] [bmv2] [T] [thread 4069] [1.0] [cxt 0] Applying table 'MyEgress.swtrace'
[20:06:08.600] [bmv2] [D] [thread 4069] [1.0] [cxt 0] Looking up key:

[20:06:08.600] [bmv2] [D] [thread 4069] [1.0] [cxt 0] Table 'MyEgress.swtrace': miss
[20:06:08.600] [bmv2] [D] [thread 4069] [1.0] [cxt 0] Action entry is NoAction - 
[20:06:08.600] [bmv2] [T] [thread 4069] [1.0] [cxt 0] Action NoAction
[20:06:08.600] [bmv2] [D] [thread 4069] [1.0] [cxt 0] Pipeline 'egress': end
[20:06:08.600] [bmv2] [D] [thread 4069] [1.0] [cxt 0] Deparser 'deparser': start
[20:06:08.600] [bmv2] [T] [thread 4069] [1.0] [cxt 0] Skipping checksum 'cksum' update because condition not met
[20:06:08.600] [bmv2] [D] [thread 4069] [1.0] [cxt 0] Deparsing header 'ethernet'
[20:06:08.600] [bmv2] [D] [thread 4069] [1.0] [cxt 0] Deparser 'deparser': end
[20:06:08.600] [bmv2] [D] [thread 4073] [1.0] [cxt 0] Transmitting packet of size 70 out of port 0
[20:06:08.613] [bmv2] [D] [thread 4068] [2.0] [cxt 0] Processing packet received on port 3
[20:06:08.614] [bmv2] [D] [thread 4068] [2.0] [cxt 0] Parser 'parser': start
[20:06:08.614] [bmv2] [D] [thread 4068] [2.0] [cxt 0] Parser 'parser' entering state 'start'
[20:06:08.614] [bmv2] [D] [thread 4068] [2.0] [cxt 0] Extracting header 'ethernet'
[20:06:08.614] [bmv2] [D] [thread 4068] [2.0] [cxt 0] Parser state 'start': key is 86dd
[20:06:08.614] [bmv2] [T] [thread 4068] [2.0] [cxt 0] Bytes parsed: 14
[20:06:08.614] [bmv2] [D] [thread 4068] [2.0] [cxt 0] Parser 'parser': end
[20:06:08.614] [bmv2] [D] [thread 4068] [2.0] [cxt 0] Pipeline 'ingress': start
[20:06:08.614] [bmv2] [T] [thread 4068] [2.0] [cxt 0] mri.p4(188) Condition "hdr.ipv4.isValid()" (node_2) is false
[20:06:08.614] [bmv2] [D] [thread 4068] [2.0] [cxt 0] Pipeline 'ingress': end
[20:06:08.614] [bmv2] [D] [thread 4068] [2.0] [cxt 0] Egress port is 0
[20:06:08.614] [bmv2] [D] [thread 4068] [3.0] [cxt 0] Processing packet received on port 3
[20:06:08.614] [bmv2] [D] [thread 4068] [3.0] [cxt 0] Parser 'parser': start
[20:06:08.614] [bmv2] [D] [thread 4068] [3.0] [cxt 0] Parser 'parser' entering state 'start'
[20:06:08.614] [bmv2] [D] [thread 4068] [3.0] [cxt 0] Extracting header 'ethernet'
[20:06:08.614] [bmv2] [D] [thread 4068] [3.0] [cxt 0] Parser state 'start': key is 86dd
[20:06:08.614] [bmv2] [T] [thread 4068] [3.0] [cxt 0] Bytes parsed: 14
[20:06:08.614] [bmv2] [D] [thread 4068] [3.0] [cxt 0] Parser 'parser': end
[20:06:08.614] [bmv2] [D] [thread 4068] [3.0] [cxt 0] Pipeline 'ingress': start
[20:06:08.614] [bmv2] [T] [thread 4068] [3.0] [cxt 0] mri.p4(188) Condition "hdr.ipv4.isValid()" (node_2) is false
[20:06:08.614] [bmv2] [D] [thread 4068] [3.0] [cxt 0] Pipeline 'ingress': end
[20:06:08.614] [bmv2] [D] [thread 4068] [3.0] [cxt 0] Egress port is 0
[20:06:08.614] [bmv2] [D] [thread 4069] [2.0] [cxt 0] Pipeline 'egress': start
[20:06:08.614] [bmv2] [T] [thread 4069] [2.0] [cxt 0] Applying table 'MyEgress.swtrace'
[20:06:08.614] [bmv2] [D] [thread 4069] [2.0] [cxt 0] Looking up key:

[20:06:08.614] [bmv2] [D] [thread 4069] [2.0] [cxt 0] Table 'MyEgress.swtrace': miss
[20:06:08.614] [bmv2] [D] [thread 4069] [2.0] [cxt 0] Action entry is NoAction - 
[20:06:08.614] [bmv2] [T] [thread 4069] [2.0] [cxt 0] Action NoAction
[20:06:08.614] [bmv2] [D] [thread 4069] [2.0] [cxt 0] Pipeline 'egress': end
[20:06:08.614] [bmv2] [D] [thread 4069] [2.0] [cxt 0] Deparser 'deparser': start
[20:06:08.614] [bmv2] [T] [thread 4069] [2.0] [cxt 0] Skipping checksum 'cksum' update because condition not met
[20:06:08.614] [bmv2] [D] [thread 4069] [2.0] [cxt 0] Deparsing header 'ethernet'
[20:06:08.614] [bmv2] [D] [thread 4069] [2.0] [cxt 0] Deparser 'deparser': end
[20:06:08.614] [bmv2] [D] [thread 4069] [3.0] [cxt 0] Pipeline 'egress': start
[20:06:08.614] [bmv2] [T] [thread 4069] [3.0] [cxt 0] Applying table 'MyEgress.swtrace'
[20:06:08.614] [bmv2] [D] [thread 4069] [3.0] [cxt 0] Looking up key:

[20:06:08.614] [bmv2] [D] [thread 4069] [3.0] [cxt 0] Table 'MyEgress.swtrace': miss
[20:06:08.614] [bmv2] [D] [thread 4069] [3.0] [cxt 0] Action entry is NoAction - 
[20:06:08.614] [bmv2] [T] [thread 4069] [3.0] [cxt 0] Action NoAction
[20:06:08.614] [bmv2] [D] [thread 4069] [3.0] [cxt 0] Pipeline 'egress': end
[20:06:08.614] [bmv2] [D] [thread 4069] [3.0] [cxt 0] Deparser 'deparser': start
[20:06:08.614] [bmv2] [T] [thread 4069] [3.0] [cxt 0] Skipping checksum 'cksum' update because condition not met
[20:06:08.614] [bmv2] [D] [thread 4069] [3.0] [cxt 0] Deparsing header 'ethernet'
[20:06:08.614] [bmv2] [D] [thread 4069] [3.0] [cxt 0] Deparser 'deparser': end
[20:06:08.616] [bmv2] [D] [thread 4073] [2.0] [cxt 0] Transmitting packet of size 90 out of port 0
[20:06:08.616] [bmv2] [D] [thread 4073] [3.0] [cxt 0] Transmitting packet of size 70 out of port 0
[20:06:08.645] [bmv2] [D] [thread 4068] [4.0] [cxt 0] Processing packet received on port 1
[20:06:08.645] [bmv2] [D] [thread 4068] [4.0] [cxt 0] Parser 'parser': start
[20:06:08.645] [bmv2] [D] [thread 4068] [4.0] [cxt 0] Parser 'parser' entering state 'start'
[20:06:08.645] [bmv2] [D] [thread 4068] [4.0] [cxt 0] Extracting header 'ethernet'
[20:06:08.645] [bmv2] [D] [thread 4068] [4.0] [cxt 0] Parser state 'start': key is 86dd
[20:06:08.645] [bmv2] [T] [thread 4068] [4.0] [cxt 0] Bytes parsed: 14
[20:06:08.645] [bmv2] [D] [thread 4068] [4.0] [cxt 0] Parser 'parser': end
[20:06:08.645] [bmv2] [D] [thread 4068] [4.0] [cxt 0] Pipeline 'ingress': start
[20:06:08.645] [bmv2] [T] [thread 4068] [4.0] [cxt 0] mri.p4(188) Condition "hdr.ipv4.isValid()" (node_2) is false
[20:06:08.645] [bmv2] [D] [thread 4068] [4.0] [cxt 0] Pipeline 'ingress': end
[20:06:08.645] [bmv2] [D] [thread 4068] [4.0] [cxt 0] Egress port is 0
[20:06:08.645] [bmv2] [D] [thread 4068] [5.0] [cxt 0] Processing packet received on port 1
[20:06:08.645] [bmv2] [D] [thread 4068] [5.0] [cxt 0] Parser 'parser': start
[20:06:08.645] [bmv2] [D] [thread 4068] [5.0] [cxt 0] Parser 'parser' entering state 'start'
[20:06:08.645] [bmv2] [D] [thread 4068] [5.0] [cxt 0] Extracting header 'ethernet'
[20:06:08.645] [bmv2] [D] [thread 4068] [5.0] [cxt 0] Parser state 'start': key is 86dd
[20:06:08.645] [bmv2] [T] [thread 4068] [5.0] [cxt 0] Bytes parsed: 14
[20:06:08.645] [bmv2] [D] [thread 4068] [5.0] [cxt 0] Parser 'parser': end
[20:06:08.645] [bmv2] [D] [thread 4068] [5.0] [cxt 0] Pipeline 'ingress': start
[20:06:08.645] [bmv2] [T] [thread 4068] [5.0] [cxt 0] mri.p4(188) Condition "hdr.ipv4.isValid()" (node_2) is false
[20:06:08.645] [bmv2] [D] [thread 4068] [5.0] [cxt 0] Pipeline 'ingress': end
[20:06:08.645] [bmv2] [D] [thread 4068] [5.0] [cxt 0] Egress port is 0
[20:06:08.645] [bmv2] [D] [thread 4069] [4.0] [cxt 0] Pipeline 'egress': start
[20:06:08.645] [bmv2] [T] [thread 4069] [4.0] [cxt 0] Applying table 'MyEgress.swtrace'
[20:06:08.645] [bmv2] [D] [thread 4069] [4.0] [cxt 0] Looking up key:

[20:06:08.645] [bmv2] [D] [thread 4069] [4.0] [cxt 0] Table 'MyEgress.swtrace': miss
[20:06:08.645] [bmv2] [D] [thread 4069] [4.0] [cxt 0] Action entry is NoAction - 
[20:06:08.645] [bmv2] [T] [thread 4069] [4.0] [cxt 0] Action NoAction
[20:06:08.645] [bmv2] [D] [thread 4069] [4.0] [cxt 0] Pipeline 'egress': end
[20:06:08.645] [bmv2] [D] [thread 4069] [4.0] [cxt 0] Deparser 'deparser': start
[20:06:08.645] [bmv2] [T] [thread 4069] [4.0] [cxt 0] Skipping checksum 'cksum' update because condition not met
[20:06:08.645] [bmv2] [D] [thread 4069] [4.0] [cxt 0] Deparsing header 'ethernet'
[20:06:08.645] [bmv2] [D] [thread 4069] [4.0] [cxt 0] Deparser 'deparser': end
[20:06:08.645] [bmv2] [D] [thread 4069] [5.0] [cxt 0] Pipeline 'egress': start
[20:06:08.645] [bmv2] [T] [thread 4069] [5.0] [cxt 0] Applying table 'MyEgress.swtrace'
[20:06:08.645] [bmv2] [D] [thread 4069] [5.0] [cxt 0] Looking up key:

[20:06:08.645] [bmv2] [D] [thread 4073] [4.0] [cxt 0] Transmitting packet of size 90 out of port 0
[20:06:08.645] [bmv2] [D] [thread 4069] [5.0] [cxt 0] Table 'MyEgress.swtrace': miss
[20:06:08.645] [bmv2] [D] [thread 4069] [5.0] [cxt 0] Action entry is NoAction - 
[20:06:08.645] [bmv2] [T] [thread 4069] [5.0] [cxt 0] Action NoAction
[20:06:08.645] [bmv2] [D] [thread 4069] [5.0] [cxt 0] Pipeline 'egress': end
[20:06:08.645] [bmv2] [D] [thread 4069] [5.0] [cxt 0] Deparser 'deparser': start
[20:06:08.645] [bmv2] [T] [thread 4069] [5.0] [cxt 0] Skipping checksum 'cksum' update because condition not met
[20:06:08.645] [bmv2] [D] [thread 4069] [5.0] [cxt 0] Deparsing header 'ethernet'
[20:06:08.645] [bmv2] [D] [thread 4069] [5.0] [cxt 0] Deparser 'deparser': end
[20:06:08.645] [bmv2] [D] [thread 4073] [5.0] [cxt 0] Transmitting packet of size 70 out of port 0
[20:06:08.675] [bmv2] [D] [thread 4068] [6.0] [cxt 0] Processing packet received on port 3
[20:06:08.675] [bmv2] [D] [thread 4068] [6.0] [cxt 0] Parser 'parser': start
[20:06:08.675] [bmv2] [D] [thread 4068] [6.0] [cxt 0] Parser 'parser' entering state 'start'
[20:06:08.675] [bmv2] [D] [thread 4068] [6.0] [cxt 0] Extracting header 'ethernet'
[20:06:08.675] [bmv2] [D] [thread 4068] [6.0] [cxt 0] Parser state 'start': key is 86dd
[20:06:08.675] [bmv2] [T] [thread 4068] [6.0] [cxt 0] Bytes parsed: 14
[20:06:08.675] [bmv2] [D] [thread 4068] [6.0] [cxt 0] Parser 'parser': end
[20:06:08.675] [bmv2] [D] [thread 4068] [6.0] [cxt 0] Pipeline 'ingress': start
[20:06:08.675] [bmv2] [T] [thread 4068] [6.0] [cxt 0] mri.p4(188) Condition "hdr.ipv4.isValid()" (node_2) is false
[20:06:08.675] [bmv2] [D] [thread 4068] [6.0] [cxt 0] Pipeline 'ingress': end
[20:06:08.675] [bmv2] [D] [thread 4068] [6.0] [cxt 0] Egress port is 0
[20:06:08.675] [bmv2] [D] [thread 4068] [7.0] [cxt 0] Processing packet received on port 3
[20:06:08.675] [bmv2] [D] [thread 4068] [7.0] [cxt 0] Parser 'parser': start
[20:06:08.675] [bmv2] [D] [thread 4068] [7.0] [cxt 0] Parser 'parser' entering state 'start'
[20:06:08.675] [bmv2] [D] [thread 4068] [7.0] [cxt 0] Extracting header 'ethernet'
[20:06:08.675] [bmv2] [D] [thread 4068] [7.0] [cxt 0] Parser state 'start': key is 86dd
[20:06:08.675] [bmv2] [T] [thread 4068] [7.0] [cxt 0] Bytes parsed: 14
[20:06:08.675] [bmv2] [D] [thread 4068] [7.0] [cxt 0] Parser 'parser': end
[20:06:08.675] [bmv2] [D] [thread 4068] [7.0] [cxt 0] Pipeline 'ingress': start
[20:06:08.675] [bmv2] [T] [thread 4068] [7.0] [cxt 0] mri.p4(188) Condition "hdr.ipv4.isValid()" (node_2) is false
[20:06:08.675] [bmv2] [D] [thread 4068] [7.0] [cxt 0] Pipeline 'ingress': end
[20:06:08.675] [bmv2] [D] [thread 4068] [7.0] [cxt 0] Egress port is 0
[20:06:08.675] [bmv2] [D] [thread 4069] [6.0] [cxt 0] Pipeline 'egress': start
[20:06:08.675] [bmv2] [T] [thread 4069] [6.0] [cxt 0] Applying table 'MyEgress.swtrace'
[20:06:08.675] [bmv2] [D] [thread 4069] [6.0] [cxt 0] Looking up key:

[20:06:08.675] [bmv2] [D] [thread 4069] [6.0] [cxt 0] Table 'MyEgress.swtrace': miss
[20:06:08.675] [bmv2] [D] [thread 4069] [6.0] [cxt 0] Action entry is NoAction - 
[20:06:08.675] [bmv2] [T] [thread 4069] [6.0] [cxt 0] Action NoAction
[20:06:08.676] [bmv2] [D] [thread 4069] [6.0] [cxt 0] Pipeline 'egress': end
[20:06:08.676] [bmv2] [D] [thread 4069] [6.0] [cxt 0] Deparser 'deparser': start
[20:06:08.676] [bmv2] [T] [thread 4069] [6.0] [cxt 0] Skipping checksum 'cksum' update because condition not met
[20:06:08.676] [bmv2] [D] [thread 4069] [6.0] [cxt 0] Deparsing header 'ethernet'
[20:06:08.676] [bmv2] [D] [thread 4069] [6.0] [cxt 0] Deparser 'deparser': end
[20:06:08.676] [bmv2] [D] [thread 4069] [7.0] [cxt 0] Pipeline 'egress': start
[20:06:08.676] [bmv2] [T] [thread 4069] [7.0] [cxt 0] Applying table 'MyEgress.swtrace'
[20:06:08.676] [bmv2] [D] [thread 4069] [7.0] [cxt 0] Looking up key:

[20:06:08.676] [bmv2] [D] [thread 4069] [7.0] [cxt 0] Table 'MyEgress.swtrace': miss
[20:06:08.676] [bmv2] [D] [thread 4069] [7.0] [cxt 0] Action entry is NoAction - 
[20:06:08.676] [bmv2] [T] [thread 4069] [7.0] [cxt 0] Action NoAction
[20:06:08.676] [bmv2] [D] [thread 4069] [7.0] [cxt 0] Pipeline 'egress': end
[20:06:08.676] [bmv2] [D] [thread 4069] [7.0] [cxt 0] Deparser 'deparser': start
[20:06:08.676] [bmv2] [T] [thread 4069] [7.0] [cxt 0] Skipping checksum 'cksum' update because condition not met
[20:06:08.676] [bmv2] [D] [thread 4073] [6.0] [cxt 0] Transmitting packet of size 90 out of port 0
[20:06:08.676] [bmv2] [D] [thread 4069] [7.0] [cxt 0] Deparsing header 'ethernet'
[20:06:08.676] [bmv2] [D] [thread 4069] [7.0] [cxt 0] Deparser 'deparser': end
[20:06:08.676] [bmv2] [D] [thread 4073] [7.0] [cxt 0] Transmitting packet of size 70 out of port 0
[20:06:08.682] [bmv2] [D] [thread 4068] [8.0] [cxt 0] Processing packet received on port 1
[20:06:08.682] [bmv2] [D] [thread 4068] [8.0] [cxt 0] Parser 'parser': start
[20:06:08.682] [bmv2] [D] [thread 4068] [8.0] [cxt 0] Parser 'parser' entering state 'start'
[20:06:08.682] [bmv2] [D] [thread 4068] [8.0] [cxt 0] Extracting header 'ethernet'
[20:06:08.682] [bmv2] [D] [thread 4068] [8.0] [cxt 0] Parser state 'start': key is 86dd
[20:06:08.682] [bmv2] [T] [thread 4068] [8.0] [cxt 0] Bytes parsed: 14
[20:06:08.682] [bmv2] [D] [thread 4068] [8.0] [cxt 0] Parser 'parser': end
[20:06:08.682] [bmv2] [D] [thread 4068] [8.0] [cxt 0] Pipeline 'ingress': start
[20:06:08.682] [bmv2] [T] [thread 4068] [8.0] [cxt 0] mri.p4(188) Condition "hdr.ipv4.isValid()" (node_2) is false
[20:06:08.682] [bmv2] [D] [thread 4068] [8.0] [cxt 0] Pipeline 'ingress': end
[20:06:08.682] [bmv2] [D] [thread 4068] [8.0] [cxt 0] Egress port is 0
[20:06:08.682] [bmv2] [D] [thread 4069] [8.0] [cxt 0] Pipeline 'egress': start
[20:06:08.682] [bmv2] [T] [thread 4069] [8.0] [cxt 0] Applying table 'MyEgress.swtrace'
[20:06:08.682] [bmv2] [D] [thread 4069] [8.0] [cxt 0] Looking up key:

[20:06:08.682] [bmv2] [D] [thread 4069] [8.0] [cxt 0] Table 'MyEgress.swtrace': miss
[20:06:08.682] [bmv2] [D] [thread 4069] [8.0] [cxt 0] Action entry is NoAction - 
[20:06:08.682] [bmv2] [T] [thread 4069] [8.0] [cxt 0] Action NoAction
[20:06:08.682] [bmv2] [D] [thread 4069] [8.0] [cxt 0] Pipeline 'egress': end
[20:06:08.682] [bmv2] [D] [thread 4069] [8.0] [cxt 0] Deparser 'deparser': start
[20:06:08.682] [bmv2] [T] [thread 4069] [8.0] [cxt 0] Skipping checksum 'cksum' update because condition not met
[20:06:08.682] [bmv2] [D] [thread 4069] [8.0] [cxt 0] Deparsing header 'ethernet'
[20:06:08.682] [bmv2] [D] [thread 4069] [8.0] [cxt 0] Deparser 'deparser': end
[20:06:08.682] [bmv2] [D] [thread 4073] [8.0] [cxt 0] Transmitting packet of size 90 out of port 0
[20:06:08.726] [bmv2] [D] [thread 4068] [9.0] [cxt 0] Processing packet received on port 2
[20:06:08.726] [bmv2] [D] [thread 4068] [9.0] [cxt 0] Parser 'parser': start
[20:06:08.726] [bmv2] [D] [thread 4068] [9.0] [cxt 0] Parser 'parser' entering state 'start'
[20:06:08.726] [bmv2] [D] [thread 4068] [9.0] [cxt 0] Extracting header 'ethernet'
[20:06:08.726] [bmv2] [D] [thread 4068] [9.0] [cxt 0] Parser state 'start': key is 86dd
[20:06:08.726] [bmv2] [T] [thread 4068] [9.0] [cxt 0] Bytes parsed: 14
[20:06:08.726] [bmv2] [D] [thread 4068] [9.0] [cxt 0] Parser 'parser': end
[20:06:08.726] [bmv2] [D] [thread 4068] [9.0] [cxt 0] Pipeline 'ingress': start
[20:06:08.726] [bmv2] [T] [thread 4068] [9.0] [cxt 0] mri.p4(188) Condition "hdr.ipv4.isValid()" (node_2) is false
[20:06:08.726] [bmv2] [D] [thread 4068] [9.0] [cxt 0] Pipeline 'ingress': end
[20:06:08.726] [bmv2] [D] [thread 4068] [9.0] [cxt 0] Egress port is 0
[20:06:08.726] [bmv2] [D] [thread 4069] [9.0] [cxt 0] Pipeline 'egress': start
[20:06:08.726] [bmv2] [T] [thread 4069] [9.0] [cxt 0] Applying table 'MyEgress.swtrace'
[20:06:08.726] [bmv2] [D] [thread 4069] [9.0] [cxt 0] Looking up key:

[20:06:08.726] [bmv2] [D] [thread 4069] [9.0] [cxt 0] Table 'MyEgress.swtrace': miss
[20:06:08.726] [bmv2] [D] [thread 4069] [9.0] [cxt 0] Action entry is NoAction - 
[20:06:08.726] [bmv2] [T] [thread 4069] [9.0] [cxt 0] Action NoAction
[20:06:08.726] [bmv2] [D] [thread 4069] [9.0] [cxt 0] Pipeline 'egress': end
[20:06:08.726] [bmv2] [D] [thread 4069] [9.0] [cxt 0] Deparser 'deparser': start
[20:06:08.726] [bmv2] [T] [thread 4069] [9.0] [cxt 0] Skipping checksum 'cksum' update because condition not met
[20:06:08.726] [bmv2] [D] [thread 4069] [9.0] [cxt 0] Deparsing header 'ethernet'
[20:06:08.726] [bmv2] [D] [thread 4069] [9.0] [cxt 0] Deparser 'deparser': end
[20:06:08.726] [bmv2] [D] [thread 4073] [9.0] [cxt 0] Transmitting packet of size 90 out of port 0
[20:06:08.746] [bmv2] [D] [thread 4068] [10.0] [cxt 0] Processing packet received on port 3
[20:06:08.746] [bmv2] [D] [thread 4068] [10.0] [cxt 0] Parser 'parser': start
[20:06:08.746] [bmv2] [D] [thread 4068] [10.0] [cxt 0] Parser 'parser' entering state 'start'
[20:06:08.746] [bmv2] [D] [thread 4068] [10.0] [cxt 0] Extracting header 'ethernet'
[20:06:08.746] [bmv2] [D] [thread 4068] [10.0] [cxt 0] Parser state 'start': key is 86dd
[20:06:08.746] [bmv2] [T] [thread 4068] [10.0] [cxt 0] Bytes parsed: 14
[20:06:08.746] [bmv2] [D] [thread 4068] [10.0] [cxt 0] Parser 'parser': end
[20:06:08.746] [bmv2] [D] [thread 4068] [10.0] [cxt 0] Pipeline 'ingress': start
[20:06:08.746] [bmv2] [T] [thread 4068] [10.0] [cxt 0] mri.p4(188) Condition "hdr.ipv4.isValid()" (node_2) is false
[20:06:08.746] [bmv2] [D] [thread 4068] [10.0] [cxt 0] Pipeline 'ingress': end
[20:06:08.746] [bmv2] [D] [thread 4068] [10.0] [cxt 0] Egress port is 0
[20:06:08.747] [bmv2] [D] [thread 4069] [10.0] [cxt 0] Pipeline 'egress': start
[20:06:08.747] [bmv2] [T] [thread 4069] [10.0] [cxt 0] Applying table 'MyEgress.swtrace'
[20:06:08.747] [bmv2] [D] [thread 4069] [10.0] [cxt 0] Looking up key:

[20:06:08.747] [bmv2] [D] [thread 4069] [10.0] [cxt 0] Table 'MyEgress.swtrace': miss
[20:06:08.747] [bmv2] [D] [thread 4069] [10.0] [cxt 0] Action entry is NoAction - 
[20:06:08.747] [bmv2] [T] [thread 4069] [10.0] [cxt 0] Action NoAction
[20:06:08.747] [bmv2] [D] [thread 4069] [10.0] [cxt 0] Pipeline 'egress': end
[20:06:08.747] [bmv2] [D] [thread 4069] [10.0] [cxt 0] Deparser 'deparser': start
[20:06:08.747] [bmv2] [T] [thread 4069] [10.0] [cxt 0] Skipping checksum 'cksum' update because condition not met
[20:06:08.747] [bmv2] [D] [thread 4069] [10.0] [cxt 0] Deparsing header 'ethernet'
[20:06:08.747] [bmv2] [D] [thread 4069] [10.0] [cxt 0] Deparser 'deparser': end
[20:06:08.747] [bmv2] [D] [thread 4073] [10.0] [cxt 0] Transmitting packet of size 90 out of port 0
[20:06:08.773] [bmv2] [D] [thread 4068] [11.0] [cxt 0] Processing packet received on port 3
[20:06:08.773] [bmv2] [D] [thread 4068] [11.0] [cxt 0] Parser 'parser': start
[20:06:08.773] [bmv2] [D] [thread 4068] [11.0] [cxt 0] Parser 'parser' entering state 'start'
[20:06:08.773] [bmv2] [D] [thread 4068] [11.0] [cxt 0] Extracting header 'ethernet'
[20:06:08.773] [bmv2] [D] [thread 4068] [11.0] [cxt 0] Parser state 'start': key is 86dd
[20:06:08.773] [bmv2] [T] [thread 4068] [11.0] [cxt 0] Bytes parsed: 14
[20:06:08.773] [bmv2] [D] [thread 4068] [11.0] [cxt 0] Parser 'parser': end
[20:06:08.773] [bmv2] [D] [thread 4068] [11.0] [cxt 0] Pipeline 'ingress': start
[20:06:08.773] [bmv2] [T] [thread 4068] [11.0] [cxt 0] mri.p4(188) Condition "hdr.ipv4.isValid()" (node_2) is false
[20:06:08.773] [bmv2] [D] [thread 4068] [11.0] [cxt 0] Pipeline 'ingress': end
[20:06:08.773] [bmv2] [D] [thread 4068] [11.0] [cxt 0] Egress port is 0
[20:06:08.773] [bmv2] [D] [thread 4069] [11.0] [cxt 0] Pipeline 'egress': start
[20:06:08.773] [bmv2] [T] [thread 4069] [11.0] [cxt 0] Applying table 'MyEgress.swtrace'
[20:06:08.773] [bmv2] [D] [thread 4069] [11.0] [cxt 0] Looking up key:

[20:06:08.773] [bmv2] [D] [thread 4069] [11.0] [cxt 0] Table 'MyEgress.swtrace': miss
[20:06:08.773] [bmv2] [D] [thread 4069] [11.0] [cxt 0] Action entry is NoAction - 
[20:06:08.773] [bmv2] [T] [thread 4069] [11.0] [cxt 0] Action NoAction
[20:06:08.773] [bmv2] [D] [thread 4069] [11.0] [cxt 0] Pipeline 'egress': end
[20:06:08.773] [bmv2] [D] [thread 4069] [11.0] [cxt 0] Deparser 'deparser': start
[20:06:08.773] [bmv2] [T] [thread 4069] [11.0] [cxt 0] Skipping checksum 'cksum' update because condition not met
[20:06:08.773] [bmv2] [D] [thread 4069] [11.0] [cxt 0] Deparsing header 'ethernet'
[20:06:08.773] [bmv2] [D] [thread 4069] [11.0] [cxt 0] Deparser 'deparser': end
[20:06:08.774] [bmv2] [D] [thread 4073] [11.0] [cxt 0] Transmitting packet of size 90 out of port 0
[20:06:09.345] [bmv2] [D] [thread 4068] [12.0] [cxt 0] Processing packet received on port 2
[20:06:09.345] [bmv2] [D] [thread 4068] [12.0] [cxt 0] Parser 'parser': start
[20:06:09.345] [bmv2] [D] [thread 4068] [12.0] [cxt 0] Parser 'parser' entering state 'start'
[20:06:09.345] [bmv2] [D] [thread 4068] [12.0] [cxt 0] Extracting header 'ethernet'
[20:06:09.345] [bmv2] [D] [thread 4068] [12.0] [cxt 0] Parser state 'start': key is 86dd
[20:06:09.345] [bmv2] [T] [thread 4068] [12.0] [cxt 0] Bytes parsed: 14
[20:06:09.345] [bmv2] [D] [thread 4068] [12.0] [cxt 0] Parser 'parser': end
[20:06:09.346] [bmv2] [D] [thread 4068] [12.0] [cxt 0] Pipeline 'ingress': start
[20:06:09.346] [bmv2] [T] [thread 4068] [12.0] [cxt 0] mri.p4(188) Condition "hdr.ipv4.isValid()" (node_2) is false
[20:06:09.346] [bmv2] [D] [thread 4068] [12.0] [cxt 0] Pipeline 'ingress': end
[20:06:09.346] [bmv2] [D] [thread 4068] [12.0] [cxt 0] Egress port is 0
[20:06:09.346] [bmv2] [D] [thread 4069] [12.0] [cxt 0] Pipeline 'egress': start
[20:06:09.346] [bmv2] [T] [thread 4069] [12.0] [cxt 0] Applying table 'MyEgress.swtrace'
[20:06:09.346] [bmv2] [D] [thread 4069] [12.0] [cxt 0] Looking up key:

[20:06:09.346] [bmv2] [D] [thread 4069] [12.0] [cxt 0] Table 'MyEgress.swtrace': miss
[20:06:09.346] [bmv2] [D] [thread 4069] [12.0] [cxt 0] Action entry is NoAction - 
[20:06:09.346] [bmv2] [T] [thread 4069] [12.0] [cxt 0] Action NoAction
[20:06:09.346] [bmv2] [D] [thread 4069] [12.0] [cxt 0] Pipeline 'egress': end
[20:06:09.346] [bmv2] [D] [thread 4069] [12.0] [cxt 0] Deparser 'deparser': start
[20:06:09.346] [bmv2] [T] [thread 4069] [12.0] [cxt 0] Skipping checksum 'cksum' update because condition not met
[20:06:09.346] [bmv2] [D] [thread 4069] [12.0] [cxt 0] Deparsing header 'ethernet'
[20:06:09.346] [bmv2] [D] [thread 4069] [12.0] [cxt 0] Deparser 'deparser': end
[20:06:09.346] [bmv2] [D] [thread 4073] [12.0] [cxt 0] Transmitting packet of size 90 out of port 0
[20:06:10.062] [bmv2] [W] [thread 4106] [P4Runtime] p4::tmp::P4DeviceConfig is deprecated
[20:06:10.063] [bmv2] [D] [thread 4106] Set default default entry for table 'MyIngress.ipv4_lpm': NoAction - 
[20:06:10.063] [bmv2] [D] [thread 4106] Set default default entry for table 'MyEgress.swtrace': NoAction - 
[20:06:10.064] [bmv2] [D] [thread 4106] simple_switch target has been notified of a config swap
[20:06:10.065] [bmv2] [D] [thread 4107] Set default entry for table 'MyEgress.swtrace': MyEgress.add_swtrace - 3,
[20:06:10.066] [bmv2] [D] [thread 4106] Entry 0 added to table 'MyIngress.ipv4_lpm'
[20:06:10.066] [bmv2] [D] [thread 4106] Dumping entry 0
Match key:
* hdr.ipv4.dstAddr    : LPM       0a000303/32
Action entry: MyIngress.ipv4_forward - 80000000303,1,

[20:06:10.067] [bmv2] [D] [thread 4107] Entry 1 added to table 'MyIngress.ipv4_lpm'
[20:06:10.067] [bmv2] [D] [thread 4107] Dumping entry 1
Match key:
* hdr.ipv4.dstAddr    : LPM       0a000100/24
Action entry: MyIngress.ipv4_forward - 80000000100,2,

[20:06:10.067] [bmv2] [D] [thread 4106] Entry 2 added to table 'MyIngress.ipv4_lpm'
[20:06:10.067] [bmv2] [D] [thread 4106] Dumping entry 2
Match key:
* hdr.ipv4.dstAddr    : LPM       0a000200/24
Action entry: MyIngress.ipv4_forward - 80000000200,3,

open: No such file or directory
open: No such file or directory
open: No such file or directory
open: No such file or directory
