Calling target program-options parser
Adding interface s1-eth1 as port 1
[18:12:55.801] [bmv2] [D] [thread 8583] Adding interface s1-eth1 as port 1
Adding interface s1-eth2 as port 2
[18:12:55.830] [bmv2] [D] [thread 8583] Adding interface s1-eth2 as port 2
Adding interface s1-eth3 as port 3
[18:12:55.847] [bmv2] [D] [thread 8583] Adding interface s1-eth3 as port 3
Adding interface s1-eth4 as port 4
[18:12:55.858] [bmv2] [D] [thread 8583] Adding interface s1-eth4 as port 4
Server listening on 0.0.0.0:50051
[18:12:55.881] [bmv2] [I] [thread 8583] Starting Thrift server on port 9090
[18:12:55.884] [bmv2] [I] [thread 8583] Thrift server was started
[18:12:59.450] [bmv2] [W] [thread 8656] [P4Runtime] p4::tmp::P4DeviceConfig is deprecated
[18:12:59.454] [bmv2] [D] [thread 8656] Set default default entry for table 'MyIngress.rtp_lpm': MyIngress.drop - 
[18:12:59.454] [bmv2] [D] [thread 8656] Set default default entry for table 'MyIngress.tigercy_lpm': MyIngress.drop - 
[18:12:59.454] [bmv2] [D] [thread 8656] Set default default entry for table 'MyIngress.ipv4_lpm': MyIngress.drop - 
[18:12:59.454] [bmv2] [D] [thread 8656] Set default default entry for table 'MyEgress.swtrace': NoAction - 
[18:12:59.455] [bmv2] [D] [thread 8656] simple_switch target has been notified of a config swap
[18:12:59.456] [bmv2] [D] [thread 8657] Set default entry for table 'MyIngress.ipv4_lpm': MyIngress.drop - 
[18:12:59.456] [bmv2] [D] [thread 8664] [0.0] [cxt 0] Processing packet received on port 1
[18:12:59.456] [bmv2] [D] [thread 8664] [0.0] [cxt 0] Parser 'parser': start
[18:12:59.456] [bmv2] [D] [thread 8664] [0.0] [cxt 0] Parser 'parser' entering state 'start'
[18:12:59.456] [bmv2] [D] [thread 8664] [0.0] [cxt 0] Extracting header 'ethernet'
[18:12:59.456] [bmv2] [D] [thread 8656] Set default entry for table 'MyIngress.tigercy_lpm': MyIngress.drop - 
[18:12:59.456] [bmv2] [D] [thread 8664] [0.0] [cxt 0] Parser state 'start': key is 86dd
[18:12:59.456] [bmv2] [T] [thread 8664] [0.0] [cxt 0] Bytes parsed: 14
[18:12:59.456] [bmv2] [D] [thread 8664] [0.0] [cxt 0] Parser 'parser': end
[18:12:59.456] [bmv2] [D] [thread 8664] [0.0] [cxt 0] Pipeline 'ingress': start
[18:12:59.456] [bmv2] [T] [thread 8664] [0.0] [cxt 0] tiger.p4(290) Condition "hdr.rtp.isValid()" (node_2) is false
[18:12:59.456] [bmv2] [T] [thread 8664] [0.0] [cxt 0] tiger.p4(293) Condition "hdr.tigercy.isValid()" (node_4) is false
[18:12:59.456] [bmv2] [T] [thread 8664] [0.0] [cxt 0] tiger.p4(296) Condition "hdr.ipv4.isValid()" (node_6) is false
[18:12:59.456] [bmv2] [D] [thread 8664] [0.0] [cxt 0] Pipeline 'ingress': end
[18:12:59.456] [bmv2] [D] [thread 8664] [0.0] [cxt 0] Egress port is 0
[18:12:59.457] [bmv2] [D] [thread 8657] Set default entry for table 'MyIngress.rtp_lpm': MyIngress.drop - 
[18:12:59.457] [bmv2] [D] [thread 8664] [1.0] [cxt 0] Processing packet received on port 2
[18:12:59.457] [bmv2] [D] [thread 8664] [1.0] [cxt 0] Parser 'parser': start
[18:12:59.457] [bmv2] [D] [thread 8664] [1.0] [cxt 0] Parser 'parser' entering state 'start'
[18:12:59.457] [bmv2] [D] [thread 8664] [1.0] [cxt 0] Extracting header 'ethernet'
[18:12:59.457] [bmv2] [D] [thread 8664] [1.0] [cxt 0] Parser state 'start': key is 86dd
[18:12:59.457] [bmv2] [T] [thread 8664] [1.0] [cxt 0] Bytes parsed: 14
[18:12:59.457] [bmv2] [D] [thread 8664] [1.0] [cxt 0] Parser 'parser': end
[18:12:59.457] [bmv2] [D] [thread 8664] [1.0] [cxt 0] Pipeline 'ingress': start
[18:12:59.457] [bmv2] [T] [thread 8664] [1.0] [cxt 0] tiger.p4(290) Condition "hdr.rtp.isValid()" (node_2) is false
[18:12:59.457] [bmv2] [T] [thread 8664] [1.0] [cxt 0] tiger.p4(293) Condition "hdr.tigercy.isValid()" (node_4) is false
[18:12:59.457] [bmv2] [T] [thread 8664] [1.0] [cxt 0] tiger.p4(296) Condition "hdr.ipv4.isValid()" (node_6) is false
[18:12:59.457] [bmv2] [D] [thread 8664] [1.0] [cxt 0] Pipeline 'ingress': end
[18:12:59.457] [bmv2] [D] [thread 8664] [1.0] [cxt 0] Egress port is 0
[18:12:59.457] [bmv2] [D] [thread 8664] [2.0] [cxt 0] Processing packet received on port 3
[18:12:59.457] [bmv2] [D] [thread 8664] [2.0] [cxt 0] Parser 'parser': start
[18:12:59.457] [bmv2] [D] [thread 8664] [2.0] [cxt 0] Parser 'parser' entering state 'start'
[18:12:59.457] [bmv2] [D] [thread 8664] [2.0] [cxt 0] Extracting header 'ethernet'
[18:12:59.457] [bmv2] [D] [thread 8664] [2.0] [cxt 0] Parser state 'start': key is 86dd
[18:12:59.457] [bmv2] [T] [thread 8664] [2.0] [cxt 0] Bytes parsed: 14
[18:12:59.457] [bmv2] [D] [thread 8664] [2.0] [cxt 0] Parser 'parser': end
[18:12:59.457] [bmv2] [D] [thread 8664] [2.0] [cxt 0] Pipeline 'ingress': start
[18:12:59.457] [bmv2] [T] [thread 8664] [2.0] [cxt 0] tiger.p4(290) Condition "hdr.rtp.isValid()" (node_2) is false
[18:12:59.457] [bmv2] [T] [thread 8664] [2.0] [cxt 0] tiger.p4(293) Condition "hdr.tigercy.isValid()" (node_4) is false
[18:12:59.457] [bmv2] [T] [thread 8664] [2.0] [cxt 0] tiger.p4(296) Condition "hdr.ipv4.isValid()" (node_6) is false
[18:12:59.457] [bmv2] [D] [thread 8664] [2.0] [cxt 0] Pipeline 'ingress': end
[18:12:59.457] [bmv2] [D] [thread 8664] [2.0] [cxt 0] Egress port is 0
[18:12:59.457] [bmv2] [D] [thread 8664] [3.0] [cxt 0] Processing packet received on port 4
[18:12:59.457] [bmv2] [D] [thread 8664] [3.0] [cxt 0] Parser 'parser': start
[18:12:59.457] [bmv2] [D] [thread 8664] [3.0] [cxt 0] Parser 'parser' entering state 'start'
[18:12:59.457] [bmv2] [D] [thread 8664] [3.0] [cxt 0] Extracting header 'ethernet'
[18:12:59.457] [bmv2] [D] [thread 8664] [3.0] [cxt 0] Parser state 'start': key is 86dd
[18:12:59.457] [bmv2] [T] [thread 8664] [3.0] [cxt 0] Bytes parsed: 14
[18:12:59.457] [bmv2] [D] [thread 8664] [3.0] [cxt 0] Parser 'parser': end
[18:12:59.457] [bmv2] [D] [thread 8664] [3.0] [cxt 0] Pipeline 'ingress': start
[18:12:59.457] [bmv2] [T] [thread 8664] [3.0] [cxt 0] tiger.p4(290) Condition "hdr.rtp.isValid()" (node_2) is false
[18:12:59.457] [bmv2] [T] [thread 8664] [3.0] [cxt 0] tiger.p4(293) Condition "hdr.tigercy.isValid()" (node_4) is false
[18:12:59.457] [bmv2] [T] [thread 8664] [3.0] [cxt 0] tiger.p4(296) Condition "hdr.ipv4.isValid()" (node_6) is false
[18:12:59.457] [bmv2] [D] [thread 8664] [3.0] [cxt 0] Pipeline 'ingress': end
[18:12:59.457] [bmv2] [D] [thread 8664] [3.0] [cxt 0] Egress port is 0
[18:12:59.457] [bmv2] [D] [thread 8664] [4.0] [cxt 0] Processing packet received on port 1
[18:12:59.457] [bmv2] [D] [thread 8664] [4.0] [cxt 0] Parser 'parser': start
[18:12:59.457] [bmv2] [D] [thread 8664] [4.0] [cxt 0] Parser 'parser' entering state 'start'
[18:12:59.457] [bmv2] [D] [thread 8664] [4.0] [cxt 0] Extracting header 'ethernet'
[18:12:59.457] [bmv2] [D] [thread 8664] [4.0] [cxt 0] Parser state 'start': key is 86dd
[18:12:59.457] [bmv2] [T] [thread 8664] [4.0] [cxt 0] Bytes parsed: 14
[18:12:59.457] [bmv2] [D] [thread 8664] [4.0] [cxt 0] Parser 'parser': end
[18:12:59.457] [bmv2] [D] [thread 8664] [4.0] [cxt 0] Pipeline 'ingress': start
[18:12:59.457] [bmv2] [T] [thread 8664] [4.0] [cxt 0] tiger.p4(290) Condition "hdr.rtp.isValid()" (node_2) is false
[18:12:59.457] [bmv2] [T] [thread 8664] [4.0] [cxt 0] tiger.p4(293) Condition "hdr.tigercy.isValid()" (node_4) is false
[18:12:59.457] [bmv2] [T] [thread 8664] [4.0] [cxt 0] tiger.p4(296) Condition "hdr.ipv4.isValid()" (node_6) is false
[18:12:59.457] [bmv2] [D] [thread 8664] [4.0] [cxt 0] Pipeline 'ingress': end
[18:12:59.457] [bmv2] [D] [thread 8664] [4.0] [cxt 0] Egress port is 0
[18:12:59.457] [bmv2] [D] [thread 8664] [5.0] [cxt 0] Processing packet received on port 2
[18:12:59.457] [bmv2] [D] [thread 8664] [5.0] [cxt 0] Parser 'parser': start
[18:12:59.457] [bmv2] [D] [thread 8664] [5.0] [cxt 0] Parser 'parser' entering state 'start'
[18:12:59.457] [bmv2] [D] [thread 8664] [5.0] [cxt 0] Extracting header 'ethernet'
[18:12:59.457] [bmv2] [D] [thread 8664] [5.0] [cxt 0] Parser state 'start': key is 86dd
[18:12:59.457] [bmv2] [T] [thread 8664] [5.0] [cxt 0] Bytes parsed: 14
[18:12:59.457] [bmv2] [D] [thread 8664] [5.0] [cxt 0] Parser 'parser': end
[18:12:59.457] [bmv2] [D] [thread 8664] [5.0] [cxt 0] Pipeline 'ingress': start
[18:12:59.457] [bmv2] [T] [thread 8664] [5.0] [cxt 0] tiger.p4(290) Condition "hdr.rtp.isValid()" (node_2) is false
[18:12:59.457] [bmv2] [T] [thread 8664] [5.0] [cxt 0] tiger.p4(293) Condition "hdr.tigercy.isValid()" (node_4) is false
[18:12:59.457] [bmv2] [T] [thread 8664] [5.0] [cxt 0] tiger.p4(296) Condition "hdr.ipv4.isValid()" (node_6) is false
[18:12:59.457] [bmv2] [D] [thread 8664] [5.0] [cxt 0] Pipeline 'ingress': end
[18:12:59.457] [bmv2] [D] [thread 8664] [5.0] [cxt 0] Egress port is 0
[18:12:59.457] [bmv2] [D] [thread 8664] [6.0] [cxt 0] Processing packet received on port 3
[18:12:59.457] [bmv2] [D] [thread 8664] [6.0] [cxt 0] Parser 'parser': start
[18:12:59.457] [bmv2] [D] [thread 8664] [6.0] [cxt 0] Parser 'parser' entering state 'start'
[18:12:59.457] [bmv2] [D] [thread 8664] [6.0] [cxt 0] Extracting header 'ethernet'
[18:12:59.457] [bmv2] [D] [thread 8664] [6.0] [cxt 0] Parser state 'start': key is 86dd
[18:12:59.457] [bmv2] [T] [thread 8664] [6.0] [cxt 0] Bytes parsed: 14
[18:12:59.457] [bmv2] [D] [thread 8664] [6.0] [cxt 0] Parser 'parser': end
[18:12:59.457] [bmv2] [D] [thread 8664] [6.0] [cxt 0] Pipeline 'ingress': start
[18:12:59.457] [bmv2] [T] [thread 8664] [6.0] [cxt 0] tiger.p4(290) Condition "hdr.rtp.isValid()" (node_2) is false
[18:12:59.457] [bmv2] [T] [thread 8664] [6.0] [cxt 0] tiger.p4(293) Condition "hdr.tigercy.isValid()" (node_4) is false
[18:12:59.457] [bmv2] [T] [thread 8664] [6.0] [cxt 0] tiger.p4(296) Condition "hdr.ipv4.isValid()" (node_6) is false
[18:12:59.457] [bmv2] [D] [thread 8664] [6.0] [cxt 0] Pipeline 'ingress': end
[18:12:59.457] [bmv2] [D] [thread 8664] [6.0] [cxt 0] Egress port is 0
[18:12:59.457] [bmv2] [D] [thread 8664] [7.0] [cxt 0] Processing packet received on port 4
[18:12:59.457] [bmv2] [D] [thread 8664] [7.0] [cxt 0] Parser 'parser': start
[18:12:59.457] [bmv2] [D] [thread 8664] [7.0] [cxt 0] Parser 'parser' entering state 'start'
[18:12:59.457] [bmv2] [D] [thread 8664] [7.0] [cxt 0] Extracting header 'ethernet'
[18:12:59.457] [bmv2] [D] [thread 8664] [7.0] [cxt 0] Parser state 'start': key is 86dd
[18:12:59.457] [bmv2] [T] [thread 8664] [7.0] [cxt 0] Bytes parsed: 14
[18:12:59.457] [bmv2] [D] [thread 8664] [7.0] [cxt 0] Parser 'parser': end
[18:12:59.457] [bmv2] [D] [thread 8664] [7.0] [cxt 0] Pipeline 'ingress': start
[18:12:59.457] [bmv2] [T] [thread 8664] [7.0] [cxt 0] tiger.p4(290) Condition "hdr.rtp.isValid()" (node_2) is false
[18:12:59.457] [bmv2] [T] [thread 8664] [7.0] [cxt 0] tiger.p4(293) Condition "hdr.tigercy.isValid()" (node_4) is false
[18:12:59.457] [bmv2] [T] [thread 8664] [7.0] [cxt 0] tiger.p4(296) Condition "hdr.ipv4.isValid()" (node_6) is false
[18:12:59.457] [bmv2] [D] [thread 8664] [7.0] [cxt 0] Pipeline 'ingress': end
[18:12:59.457] [bmv2] [D] [thread 8664] [7.0] [cxt 0] Egress port is 0
[18:12:59.457] [bmv2] [D] [thread 8664] [8.0] [cxt 0] Processing packet received on port 1
[18:12:59.457] [bmv2] [D] [thread 8664] [8.0] [cxt 0] Parser 'parser': start
[18:12:59.457] [bmv2] [D] [thread 8664] [8.0] [cxt 0] Parser 'parser' entering state 'start'
[18:12:59.457] [bmv2] [D] [thread 8664] [8.0] [cxt 0] Extracting header 'ethernet'
[18:12:59.457] [bmv2] [D] [thread 8664] [8.0] [cxt 0] Parser state 'start': key is 86dd
[18:12:59.457] [bmv2] [T] [thread 8664] [8.0] [cxt 0] Bytes parsed: 14
[18:12:59.458] [bmv2] [D] [thread 8664] [8.0] [cxt 0] Parser 'parser': end
[18:12:59.458] [bmv2] [D] [thread 8664] [8.0] [cxt 0] Pipeline 'ingress': start
[18:12:59.458] [bmv2] [T] [thread 8664] [8.0] [cxt 0] tiger.p4(290) Condition "hdr.rtp.isValid()" (node_2) is false
[18:12:59.458] [bmv2] [T] [thread 8664] [8.0] [cxt 0] tiger.p4(293) Condition "hdr.tigercy.isValid()" (node_4) is false
[18:12:59.458] [bmv2] [T] [thread 8664] [8.0] [cxt 0] tiger.p4(296) Condition "hdr.ipv4.isValid()" (node_6) is false
[18:12:59.458] [bmv2] [D] [thread 8664] [8.0] [cxt 0] Pipeline 'ingress': end
[18:12:59.458] [bmv2] [D] [thread 8664] [8.0] [cxt 0] Egress port is 0
[18:12:59.458] [bmv2] [D] [thread 8664] [9.0] [cxt 0] Processing packet received on port 2
[18:12:59.458] [bmv2] [D] [thread 8664] [9.0] [cxt 0] Parser 'parser': start
[18:12:59.458] [bmv2] [D] [thread 8664] [9.0] [cxt 0] Parser 'parser' entering state 'start'
[18:12:59.458] [bmv2] [D] [thread 8664] [9.0] [cxt 0] Extracting header 'ethernet'
[18:12:59.458] [bmv2] [D] [thread 8664] [9.0] [cxt 0] Parser state 'start': key is 86dd
[18:12:59.458] [bmv2] [T] [thread 8664] [9.0] [cxt 0] Bytes parsed: 14
[18:12:59.458] [bmv2] [D] [thread 8664] [9.0] [cxt 0] Parser 'parser': end
[18:12:59.458] [bmv2] [D] [thread 8664] [9.0] [cxt 0] Pipeline 'ingress': start
[18:12:59.458] [bmv2] [T] [thread 8664] [9.0] [cxt 0] tiger.p4(290) Condition "hdr.rtp.isValid()" (node_2) is false
[18:12:59.458] [bmv2] [T] [thread 8664] [9.0] [cxt 0] tiger.p4(293) Condition "hdr.tigercy.isValid()" (node_4) is false
[18:12:59.458] [bmv2] [T] [thread 8664] [9.0] [cxt 0] tiger.p4(296) Condition "hdr.ipv4.isValid()" (node_6) is false
[18:12:59.458] [bmv2] [D] [thread 8664] [9.0] [cxt 0] Pipeline 'ingress': end
[18:12:59.458] [bmv2] [D] [thread 8664] [9.0] [cxt 0] Egress port is 0
[18:12:59.458] [bmv2] [D] [thread 8664] [10.0] [cxt 0] Processing packet received on port 3
[18:12:59.458] [bmv2] [D] [thread 8664] [10.0] [cxt 0] Parser 'parser': start
[18:12:59.458] [bmv2] [D] [thread 8664] [10.0] [cxt 0] Parser 'parser' entering state 'start'
[18:12:59.458] [bmv2] [D] [thread 8664] [10.0] [cxt 0] Extracting header 'ethernet'
[18:12:59.458] [bmv2] [D] [thread 8664] [10.0] [cxt 0] Parser state 'start': key is 86dd
[18:12:59.458] [bmv2] [T] [thread 8664] [10.0] [cxt 0] Bytes parsed: 14
[18:12:59.458] [bmv2] [D] [thread 8664] [10.0] [cxt 0] Parser 'parser': end
[18:12:59.458] [bmv2] [D] [thread 8664] [10.0] [cxt 0] Pipeline 'ingress': start
[18:12:59.458] [bmv2] [T] [thread 8664] [10.0] [cxt 0] tiger.p4(290) Condition "hdr.rtp.isValid()" (node_2) is false
[18:12:59.458] [bmv2] [T] [thread 8664] [10.0] [cxt 0] tiger.p4(293) Condition "hdr.tigercy.isValid()" (node_4) is false
[18:12:59.458] [bmv2] [T] [thread 8664] [10.0] [cxt 0] tiger.p4(296) Condition "hdr.ipv4.isValid()" (node_6) is false
[18:12:59.458] [bmv2] [D] [thread 8664] [10.0] [cxt 0] Pipeline 'ingress': end
[18:12:59.458] [bmv2] [D] [thread 8664] [10.0] [cxt 0] Egress port is 0
[18:12:59.458] [bmv2] [D] [thread 8664] [11.0] [cxt 0] Processing packet received on port 4
[18:12:59.458] [bmv2] [D] [thread 8664] [11.0] [cxt 0] Parser 'parser': start
[18:12:59.458] [bmv2] [D] [thread 8664] [11.0] [cxt 0] Parser 'parser' entering state 'start'
[18:12:59.458] [bmv2] [D] [thread 8664] [11.0] [cxt 0] Extracting header 'ethernet'
[18:12:59.458] [bmv2] [D] [thread 8664] [11.0] [cxt 0] Parser state 'start': key is 86dd
[18:12:59.458] [bmv2] [T] [thread 8664] [11.0] [cxt 0] Bytes parsed: 14
[18:12:59.458] [bmv2] [D] [thread 8664] [11.0] [cxt 0] Parser 'parser': end
[18:12:59.458] [bmv2] [D] [thread 8664] [11.0] [cxt 0] Pipeline 'ingress': start
[18:12:59.458] [bmv2] [T] [thread 8664] [11.0] [cxt 0] tiger.p4(290) Condition "hdr.rtp.isValid()" (node_2) is false
[18:12:59.458] [bmv2] [T] [thread 8664] [11.0] [cxt 0] tiger.p4(293) Condition "hdr.tigercy.isValid()" (node_4) is false
[18:12:59.458] [bmv2] [T] [thread 8664] [11.0] [cxt 0] tiger.p4(296) Condition "hdr.ipv4.isValid()" (node_6) is false
[18:12:59.458] [bmv2] [D] [thread 8664] [11.0] [cxt 0] Pipeline 'ingress': end
[18:12:59.458] [bmv2] [D] [thread 8664] [11.0] [cxt 0] Egress port is 0
[18:12:59.458] [bmv2] [D] [thread 8665] [0.0] [cxt 0] Pipeline 'egress': start
[18:12:59.458] [bmv2] [D] [thread 8656] Entry 0 added to table 'MyIngress.ipv4_lpm'
[18:12:59.458] [bmv2] [D] [thread 8664] [12.0] [cxt 0] Processing packet received on port 1
[18:12:59.458] [bmv2] [D] [thread 8664] [12.0] [cxt 0] Parser 'parser': start
[18:12:59.458] [bmv2] [D] [thread 8656] Dumping entry 0
Match key:
* hdr.ipv4.dstAddr    : LPM       0a000101/32
Action entry: MyIngress.ipv4_forward - 80000000111,1,

[18:12:59.458] [bmv2] [D] [thread 8664] [12.0] [cxt 0] Parser 'parser' entering state 'start'
[18:12:59.458] [bmv2] [D] [thread 8664] [12.0] [cxt 0] Extracting header 'ethernet'
[18:12:59.458] [bmv2] [D] [thread 8664] [12.0] [cxt 0] Parser state 'start': key is 86dd
[18:12:59.458] [bmv2] [T] [thread 8664] [12.0] [cxt 0] Bytes parsed: 14
[18:12:59.458] [bmv2] [D] [thread 8664] [12.0] [cxt 0] Parser 'parser': end
[18:12:59.458] [bmv2] [D] [thread 8664] [12.0] [cxt 0] Pipeline 'ingress': start
[18:12:59.459] [bmv2] [D] [thread 8657] Entry 1 added to table 'MyIngress.ipv4_lpm'
[18:12:59.459] [bmv2] [D] [thread 8657] Dumping entry 1
Match key:
* hdr.ipv4.dstAddr    : LPM       0a000202/32
Action entry: MyIngress.ipv4_forward - 80000000222,2,

[18:12:59.458] [bmv2] [T] [thread 8665] [0.0] [cxt 0] tiger.p4(333) Condition "hdr.mri.isValid()" (node_10) is false
[18:12:59.459] [bmv2] [D] [thread 8665] [0.0] [cxt 0] Pipeline 'egress': end
[18:12:59.459] [bmv2] [D] [thread 8665] [0.0] [cxt 0] Deparser 'deparser': start
[18:12:59.459] [bmv2] [T] [thread 8665] [0.0] [cxt 0] Skipping checksum 'cksum' update because condition not met
[18:12:59.459] [bmv2] [D] [thread 8665] [0.0] [cxt 0] Deparsing header 'ethernet'
[18:12:59.459] [bmv2] [D] [thread 8665] [0.0] [cxt 0] Deparser 'deparser': end
[18:12:59.459] [bmv2] [D] [thread 8665] [1.0] [cxt 0] Pipeline 'egress': start
[18:12:59.459] [bmv2] [T] [thread 8665] [1.0] [cxt 0] tiger.p4(333) Condition "hdr.mri.isValid()" (node_10) is false
[18:12:59.459] [bmv2] [D] [thread 8665] [1.0] [cxt 0] Pipeline 'egress': end
[18:12:59.459] [bmv2] [D] [thread 8665] [1.0] [cxt 0] Deparser 'deparser': start
[18:12:59.459] [bmv2] [T] [thread 8665] [1.0] [cxt 0] Skipping checksum 'cksum' update because condition not met
[18:12:59.459] [bmv2] [D] [thread 8665] [1.0] [cxt 0] Deparsing header 'ethernet'
[18:12:59.459] [bmv2] [D] [thread 8665] [1.0] [cxt 0] Deparser 'deparser': end
[18:12:59.459] [bmv2] [D] [thread 8665] [2.0] [cxt 0] Pipeline 'egress': start
[18:12:59.459] [bmv2] [T] [thread 8665] [2.0] [cxt 0] tiger.p4(333) Condition "hdr.mri.isValid()" (node_10) is false
[18:12:59.459] [bmv2] [D] [thread 8665] [2.0] [cxt 0] Pipeline 'egress': end
[18:12:59.459] [bmv2] [D] [thread 8665] [2.0] [cxt 0] Deparser 'deparser': start
[18:12:59.459] [bmv2] [T] [thread 8665] [2.0] [cxt 0] Skipping checksum 'cksum' update because condition not met
[18:12:59.459] [bmv2] [D] [thread 8665] [2.0] [cxt 0] Deparsing header 'ethernet'
[18:12:59.459] [bmv2] [D] [thread 8665] [2.0] [cxt 0] Deparser 'deparser': end
[18:12:59.459] [bmv2] [D] [thread 8665] [3.0] [cxt 0] Pipeline 'egress': start
[18:12:59.459] [bmv2] [T] [thread 8665] [3.0] [cxt 0] tiger.p4(333) Condition "hdr.mri.isValid()" (node_10) is false
[18:12:59.459] [bmv2] [D] [thread 8665] [3.0] [cxt 0] Pipeline 'egress': end
[18:12:59.459] [bmv2] [D] [thread 8665] [3.0] [cxt 0] Deparser 'deparser': start
[18:12:59.459] [bmv2] [T] [thread 8665] [3.0] [cxt 0] Skipping checksum 'cksum' update because condition not met
[18:12:59.459] [bmv2] [D] [thread 8665] [3.0] [cxt 0] Deparsing header 'ethernet'
[18:12:59.459] [bmv2] [D] [thread 8665] [3.0] [cxt 0] Deparser 'deparser': end
[18:12:59.459] [bmv2] [D] [thread 8665] [4.0] [cxt 0] Pipeline 'egress': start
[18:12:59.459] [bmv2] [T] [thread 8665] [4.0] [cxt 0] tiger.p4(333) Condition "hdr.mri.isValid()" (node_10) is false
[18:12:59.459] [bmv2] [D] [thread 8665] [4.0] [cxt 0] Pipeline 'egress': end
[18:12:59.459] [bmv2] [D] [thread 8665] [4.0] [cxt 0] Deparser 'deparser': start
[18:12:59.459] [bmv2] [T] [thread 8665] [4.0] [cxt 0] Skipping checksum 'cksum' update because condition not met
[18:12:59.459] [bmv2] [D] [thread 8665] [4.0] [cxt 0] Deparsing header 'ethernet'
[18:12:59.459] [bmv2] [D] [thread 8665] [4.0] [cxt 0] Deparser 'deparser': end
[18:12:59.459] [bmv2] [D] [thread 8665] [5.0] [cxt 0] Pipeline 'egress': start
[18:12:59.459] [bmv2] [T] [thread 8665] [5.0] [cxt 0] tiger.p4(333) Condition "hdr.mri.isValid()" (node_10) is false
[18:12:59.459] [bmv2] [D] [thread 8665] [5.0] [cxt 0] Pipeline 'egress': end
[18:12:59.459] [bmv2] [D] [thread 8665] [5.0] [cxt 0] Deparser 'deparser': start
[18:12:59.459] [bmv2] [T] [thread 8665] [5.0] [cxt 0] Skipping checksum 'cksum' update because condition not met
[18:12:59.459] [bmv2] [D] [thread 8665] [5.0] [cxt 0] Deparsing header 'ethernet'
[18:12:59.459] [bmv2] [D] [thread 8665] [5.0] [cxt 0] Deparser 'deparser': end
[18:12:59.459] [bmv2] [D] [thread 8665] [6.0] [cxt 0] Pipeline 'egress': start
[18:12:59.459] [bmv2] [T] [thread 8665] [6.0] [cxt 0] tiger.p4(333) Condition "hdr.mri.isValid()" (node_10) is false
[18:12:59.459] [bmv2] [D] [thread 8665] [6.0] [cxt 0] Pipeline 'egress': end
[18:12:59.459] [bmv2] [D] [thread 8665] [6.0] [cxt 0] Deparser 'deparser': start
[18:12:59.459] [bmv2] [T] [thread 8665] [6.0] [cxt 0] Skipping checksum 'cksum' update because condition not met
[18:12:59.459] [bmv2] [D] [thread 8665] [6.0] [cxt 0] Deparsing header 'ethernet'
[18:12:59.459] [bmv2] [D] [thread 8665] [6.0] [cxt 0] Deparser 'deparser': end
[18:12:59.459] [bmv2] [D] [thread 8665] [7.0] [cxt 0] Pipeline 'egress': start
[18:12:59.459] [bmv2] [T] [thread 8665] [7.0] [cxt 0] tiger.p4(333) Condition "hdr.mri.isValid()" (node_10) is false
[18:12:59.459] [bmv2] [D] [thread 8665] [7.0] [cxt 0] Pipeline 'egress': end
[18:12:59.459] [bmv2] [D] [thread 8665] [7.0] [cxt 0] Deparser 'deparser': start
[18:12:59.459] [bmv2] [T] [thread 8665] [7.0] [cxt 0] Skipping checksum 'cksum' update because condition not met
[18:12:59.459] [bmv2] [D] [thread 8665] [7.0] [cxt 0] Deparsing header 'ethernet'
[18:12:59.459] [bmv2] [D] [thread 8665] [7.0] [cxt 0] Deparser 'deparser': end
[18:12:59.459] [bmv2] [D] [thread 8665] [8.0] [cxt 0] Pipeline 'egress': start
[18:12:59.459] [bmv2] [T] [thread 8665] [8.0] [cxt 0] tiger.p4(333) Condition "hdr.mri.isValid()" (node_10) is false
[18:12:59.459] [bmv2] [D] [thread 8665] [8.0] [cxt 0] Pipeline 'egress': end
[18:12:59.459] [bmv2] [D] [thread 8665] [8.0] [cxt 0] Deparser 'deparser': start
[18:12:59.459] [bmv2] [T] [thread 8665] [8.0] [cxt 0] Skipping checksum 'cksum' update because condition not met
[18:12:59.459] [bmv2] [D] [thread 8665] [8.0] [cxt 0] Deparsing header 'ethernet'
[18:12:59.459] [bmv2] [D] [thread 8665] [8.0] [cxt 0] Deparser 'deparser': end
[18:12:59.459] [bmv2] [D] [thread 8665] [9.0] [cxt 0] Pipeline 'egress': start
[18:12:59.459] [bmv2] [T] [thread 8665] [9.0] [cxt 0] tiger.p4(333) Condition "hdr.mri.isValid()" (node_10) is false
[18:12:59.459] [bmv2] [D] [thread 8665] [9.0] [cxt 0] Pipeline 'egress': end
[18:12:59.459] [bmv2] [D] [thread 8665] [9.0] [cxt 0] Deparser 'deparser': start
[18:12:59.459] [bmv2] [T] [thread 8665] [9.0] [cxt 0] Skipping checksum 'cksum' update because condition not met
[18:12:59.459] [bmv2] [D] [thread 8665] [9.0] [cxt 0] Deparsing header 'ethernet'
[18:12:59.459] [bmv2] [D] [thread 8665] [9.0] [cxt 0] Deparser 'deparser': end
[18:12:59.459] [bmv2] [D] [thread 8665] [10.0] [cxt 0] Pipeline 'egress': start
[18:12:59.459] [bmv2] [T] [thread 8665] [10.0] [cxt 0] tiger.p4(333) Condition "hdr.mri.isValid()" (node_10) is false
[18:12:59.459] [bmv2] [D] [thread 8665] [10.0] [cxt 0] Pipeline 'egress': end
[18:12:59.459] [bmv2] [D] [thread 8665] [10.0] [cxt 0] Deparser 'deparser': start
[18:12:59.459] [bmv2] [T] [thread 8665] [10.0] [cxt 0] Skipping checksum 'cksum' update because condition not met
[18:12:59.459] [bmv2] [D] [thread 8665] [10.0] [cxt 0] Deparsing header 'ethernet'
[18:12:59.459] [bmv2] [D] [thread 8665] [10.0] [cxt 0] Deparser 'deparser': end
[18:12:59.459] [bmv2] [D] [thread 8665] [11.0] [cxt 0] Pipeline 'egress': start
[18:12:59.459] [bmv2] [T] [thread 8665] [11.0] [cxt 0] tiger.p4(333) Condition "hdr.mri.isValid()" (node_10) is false
[18:12:59.459] [bmv2] [D] [thread 8665] [11.0] [cxt 0] Pipeline 'egress': end
[18:12:59.459] [bmv2] [D] [thread 8665] [11.0] [cxt 0] Deparser 'deparser': start
[18:12:59.459] [bmv2] [T] [thread 8665] [11.0] [cxt 0] Skipping checksum 'cksum' update because condition not met
[18:12:59.459] [bmv2] [D] [thread 8665] [11.0] [cxt 0] Deparsing header 'ethernet'
[18:12:59.459] [bmv2] [D] [thread 8665] [11.0] [cxt 0] Deparser 'deparser': end
[18:12:59.459] [bmv2] [D] [thread 8669] [0.0] [cxt 0] Transmitting packet of size 90 out of port 0
[18:12:59.459] [bmv2] [D] [thread 8669] [1.0] [cxt 0] Transmitting packet of size 86 out of port 0
[18:12:59.459] [bmv2] [D] [thread 8669] [2.0] [cxt 0] Transmitting packet of size 90 out of port 0
[18:12:59.459] [bmv2] [D] [thread 8669] [3.0] [cxt 0] Transmitting packet of size 90 out of port 0
[18:12:59.459] [bmv2] [D] [thread 8669] [4.0] [cxt 0] Transmitting packet of size 86 out of port 0
[18:12:59.459] [bmv2] [D] [thread 8669] [5.0] [cxt 0] Transmitting packet of size 90 out of port 0
[18:12:59.459] [bmv2] [D] [thread 8669] [6.0] [cxt 0] Transmitting packet of size 90 out of port 0
[18:12:59.459] [bmv2] [D] [thread 8669] [7.0] [cxt 0] Transmitting packet of size 90 out of port 0
[18:12:59.459] [bmv2] [D] [thread 8669] [8.0] [cxt 0] Transmitting packet of size 90 out of port 0
[18:12:59.459] [bmv2] [D] [thread 8669] [9.0] [cxt 0] Transmitting packet of size 90 out of port 0
[18:12:59.459] [bmv2] [D] [thread 8669] [10.0] [cxt 0] Transmitting packet of size 90 out of port 0
[18:12:59.459] [bmv2] [D] [thread 8669] [11.0] [cxt 0] Transmitting packet of size 90 out of port 0
[18:12:59.458] [bmv2] [T] [thread 8664] [12.0] [cxt 0] tiger.p4(290) Condition "hdr.rtp.isValid()" (node_2) is false
[18:12:59.460] [bmv2] [T] [thread 8664] [12.0] [cxt 0] tiger.p4(293) Condition "hdr.tigercy.isValid()" (node_4) is false
[18:12:59.460] [bmv2] [T] [thread 8664] [12.0] [cxt 0] tiger.p4(296) Condition "hdr.ipv4.isValid()" (node_6) is false
[18:12:59.460] [bmv2] [D] [thread 8664] [12.0] [cxt 0] Pipeline 'ingress': end
[18:12:59.460] [bmv2] [D] [thread 8664] [12.0] [cxt 0] Egress port is 0
[18:12:59.460] [bmv2] [D] [thread 8664] [13.0] [cxt 0] Processing packet received on port 2
[18:12:59.460] [bmv2] [D] [thread 8664] [13.0] [cxt 0] Parser 'parser': start
[18:12:59.460] [bmv2] [D] [thread 8664] [13.0] [cxt 0] Parser 'parser' entering state 'start'
[18:12:59.460] [bmv2] [D] [thread 8664] [13.0] [cxt 0] Extracting header 'ethernet'
[18:12:59.460] [bmv2] [D] [thread 8664] [13.0] [cxt 0] Parser state 'start': key is 86dd
[18:12:59.460] [bmv2] [T] [thread 8664] [13.0] [cxt 0] Bytes parsed: 14
[18:12:59.460] [bmv2] [D] [thread 8664] [13.0] [cxt 0] Parser 'parser': end
[18:12:59.460] [bmv2] [D] [thread 8664] [13.0] [cxt 0] Pipeline 'ingress': start
[18:12:59.460] [bmv2] [T] [thread 8664] [13.0] [cxt 0] tiger.p4(290) Condition "hdr.rtp.isValid()" (node_2) is false
[18:12:59.460] [bmv2] [T] [thread 8664] [13.0] [cxt 0] tiger.p4(293) Condition "hdr.tigercy.isValid()" (node_4) is false
[18:12:59.460] [bmv2] [T] [thread 8664] [13.0] [cxt 0] tiger.p4(296) Condition "hdr.ipv4.isValid()" (node_6) is false
[18:12:59.460] [bmv2] [D] [thread 8664] [13.0] [cxt 0] Pipeline 'ingress': end
[18:12:59.460] [bmv2] [D] [thread 8664] [13.0] [cxt 0] Egress port is 0
[18:12:59.460] [bmv2] [D] [thread 8664] [14.0] [cxt 0] Processing packet received on port 3
[18:12:59.460] [bmv2] [D] [thread 8664] [14.0] [cxt 0] Parser 'parser': start
[18:12:59.460] [bmv2] [D] [thread 8664] [14.0] [cxt 0] Parser 'parser' entering state 'start'
[18:12:59.460] [bmv2] [D] [thread 8664] [14.0] [cxt 0] Extracting header 'ethernet'
[18:12:59.460] [bmv2] [D] [thread 8664] [14.0] [cxt 0] Parser state 'start': key is 86dd
[18:12:59.460] [bmv2] [T] [thread 8664] [14.0] [cxt 0] Bytes parsed: 14
[18:12:59.460] [bmv2] [D] [thread 8664] [14.0] [cxt 0] Parser 'parser': end
[18:12:59.460] [bmv2] [D] [thread 8664] [14.0] [cxt 0] Pipeline 'ingress': start
[18:12:59.460] [bmv2] [T] [thread 8664] [14.0] [cxt 0] tiger.p4(290) Condition "hdr.rtp.isValid()" (node_2) is false
[18:12:59.460] [bmv2] [T] [thread 8664] [14.0] [cxt 0] tiger.p4(293) Condition "hdr.tigercy.isValid()" (node_4) is false
[18:12:59.460] [bmv2] [T] [thread 8664] [14.0] [cxt 0] tiger.p4(296) Condition "hdr.ipv4.isValid()" (node_6) is false
[18:12:59.460] [bmv2] [D] [thread 8664] [14.0] [cxt 0] Pipeline 'ingress': end
[18:12:59.460] [bmv2] [D] [thread 8664] [14.0] [cxt 0] Egress port is 0
[18:12:59.460] [bmv2] [D] [thread 8664] [15.0] [cxt 0] Processing packet received on port 4
[18:12:59.460] [bmv2] [D] [thread 8664] [15.0] [cxt 0] Parser 'parser': start
[18:12:59.460] [bmv2] [D] [thread 8664] [15.0] [cxt 0] Parser 'parser' entering state 'start'
[18:12:59.460] [bmv2] [D] [thread 8664] [15.0] [cxt 0] Extracting header 'ethernet'
[18:12:59.460] [bmv2] [D] [thread 8664] [15.0] [cxt 0] Parser state 'start': key is 86dd
[18:12:59.460] [bmv2] [T] [thread 8664] [15.0] [cxt 0] Bytes parsed: 14
[18:12:59.460] [bmv2] [D] [thread 8664] [15.0] [cxt 0] Parser 'parser': end
[18:12:59.460] [bmv2] [D] [thread 8664] [15.0] [cxt 0] Pipeline 'ingress': start
[18:12:59.460] [bmv2] [T] [thread 8664] [15.0] [cxt 0] tiger.p4(290) Condition "hdr.rtp.isValid()" (node_2) is false
[18:12:59.460] [bmv2] [T] [thread 8664] [15.0] [cxt 0] tiger.p4(293) Condition "hdr.tigercy.isValid()" (node_4) is false
[18:12:59.460] [bmv2] [T] [thread 8664] [15.0] [cxt 0] tiger.p4(296) Condition "hdr.ipv4.isValid()" (node_6) is false
[18:12:59.460] [bmv2] [D] [thread 8664] [15.0] [cxt 0] Pipeline 'ingress': end
[18:12:59.460] [bmv2] [D] [thread 8664] [15.0] [cxt 0] Egress port is 0
[18:12:59.460] [bmv2] [D] [thread 8664] [16.0] [cxt 0] Processing packet received on port 1
[18:12:59.460] [bmv2] [D] [thread 8664] [16.0] [cxt 0] Parser 'parser': start
[18:12:59.460] [bmv2] [D] [thread 8664] [16.0] [cxt 0] Parser 'parser' entering state 'start'
[18:12:59.460] [bmv2] [D] [thread 8664] [16.0] [cxt 0] Extracting header 'ethernet'
[18:12:59.460] [bmv2] [D] [thread 8664] [16.0] [cxt 0] Parser state 'start': key is 86dd
[18:12:59.460] [bmv2] [T] [thread 8664] [16.0] [cxt 0] Bytes parsed: 14
[18:12:59.460] [bmv2] [D] [thread 8664] [16.0] [cxt 0] Parser 'parser': end
[18:12:59.460] [bmv2] [D] [thread 8664] [16.0] [cxt 0] Pipeline 'ingress': start
[18:12:59.460] [bmv2] [T] [thread 8664] [16.0] [cxt 0] tiger.p4(290) Condition "hdr.rtp.isValid()" (node_2) is false
[18:12:59.460] [bmv2] [T] [thread 8664] [16.0] [cxt 0] tiger.p4(293) Condition "hdr.tigercy.isValid()" (node_4) is false
[18:12:59.460] [bmv2] [T] [thread 8664] [16.0] [cxt 0] tiger.p4(296) Condition "hdr.ipv4.isValid()" (node_6) is false
[18:12:59.460] [bmv2] [D] [thread 8664] [16.0] [cxt 0] Pipeline 'ingress': end
[18:12:59.460] [bmv2] [D] [thread 8664] [16.0] [cxt 0] Egress port is 0
[18:12:59.460] [bmv2] [D] [thread 8665] [12.0] [cxt 0] Pipeline 'egress': start
[18:12:59.460] [bmv2] [T] [thread 8665] [12.0] [cxt 0] tiger.p4(333) Condition "hdr.mri.isValid()" (node_10) is false
[18:12:59.460] [bmv2] [D] [thread 8656] Entry 2 added to table 'MyIngress.ipv4_lpm'
[18:12:59.460] [bmv2] [D] [thread 8656] Dumping entry 2
Match key:
* hdr.ipv4.dstAddr    : LPM       0a000404/32
Action entry: MyIngress.ipv4_forward - 80000000400,3,

[18:12:59.460] [bmv2] [D] [thread 8664] [17.0] [cxt 0] Processing packet received on port 2
[18:12:59.460] [bmv2] [D] [thread 8664] [17.0] [cxt 0] Parser 'parser': start
[18:12:59.460] [bmv2] [D] [thread 8664] [17.0] [cxt 0] Parser 'parser' entering state 'start'
[18:12:59.460] [bmv2] [D] [thread 8664] [17.0] [cxt 0] Extracting header 'ethernet'
[18:12:59.460] [bmv2] [D] [thread 8664] [17.0] [cxt 0] Parser state 'start': key is 86dd
[18:12:59.460] [bmv2] [T] [thread 8664] [17.0] [cxt 0] Bytes parsed: 14
[18:12:59.460] [bmv2] [D] [thread 8664] [17.0] [cxt 0] Parser 'parser': end
[18:12:59.460] [bmv2] [D] [thread 8664] [17.0] [cxt 0] Pipeline 'ingress': start
[18:12:59.460] [bmv2] [T] [thread 8664] [17.0] [cxt 0] tiger.p4(290) Condition "hdr.rtp.isValid()" (node_2) is false
[18:12:59.460] [bmv2] [T] [thread 8664] [17.0] [cxt 0] tiger.p4(293) Condition "hdr.tigercy.isValid()" (node_4) is false
[18:12:59.460] [bmv2] [T] [thread 8664] [17.0] [cxt 0] tiger.p4(296) Condition "hdr.ipv4.isValid()" (node_6) is false
[18:12:59.460] [bmv2] [D] [thread 8664] [17.0] [cxt 0] Pipeline 'ingress': end
[18:12:59.460] [bmv2] [D] [thread 8664] [17.0] [cxt 0] Egress port is 0
[18:12:59.460] [bmv2] [D] [thread 8664] [18.0] [cxt 0] Processing packet received on port 3
[18:12:59.460] [bmv2] [D] [thread 8664] [18.0] [cxt 0] Parser 'parser': start
[18:12:59.460] [bmv2] [D] [thread 8664] [18.0] [cxt 0] Parser 'parser' entering state 'start'
[18:12:59.460] [bmv2] [D] [thread 8664] [18.0] [cxt 0] Extracting header 'ethernet'
[18:12:59.460] [bmv2] [D] [thread 8664] [18.0] [cxt 0] Parser state 'start': key is 86dd
[18:12:59.460] [bmv2] [T] [thread 8664] [18.0] [cxt 0] Bytes parsed: 14
[18:12:59.460] [bmv2] [D] [thread 8664] [18.0] [cxt 0] Parser 'parser': end
[18:12:59.460] [bmv2] [D] [thread 8664] [18.0] [cxt 0] Pipeline 'ingress': start
[18:12:59.460] [bmv2] [T] [thread 8664] [18.0] [cxt 0] tiger.p4(290) Condition "hdr.rtp.isValid()" (node_2) is false
[18:12:59.460] [bmv2] [T] [thread 8664] [18.0] [cxt 0] tiger.p4(293) Condition "hdr.tigercy.isValid()" (node_4) is false
[18:12:59.460] [bmv2] [T] [thread 8664] [18.0] [cxt 0] tiger.p4(296) Condition "hdr.ipv4.isValid()" (node_6) is false
[18:12:59.460] [bmv2] [D] [thread 8664] [18.0] [cxt 0] Pipeline 'ingress': end
[18:12:59.460] [bmv2] [D] [thread 8664] [18.0] [cxt 0] Egress port is 0
[18:12:59.460] [bmv2] [D] [thread 8664] [19.0] [cxt 0] Processing packet received on port 4
[18:12:59.460] [bmv2] [D] [thread 8664] [19.0] [cxt 0] Parser 'parser': start
[18:12:59.460] [bmv2] [D] [thread 8664] [19.0] [cxt 0] Parser 'parser' entering state 'start'
[18:12:59.460] [bmv2] [D] [thread 8664] [19.0] [cxt 0] Extracting header 'ethernet'
[18:12:59.460] [bmv2] [D] [thread 8664] [19.0] [cxt 0] Parser state 'start': key is 86dd
[18:12:59.460] [bmv2] [T] [thread 8664] [19.0] [cxt 0] Bytes parsed: 14
[18:12:59.460] [bmv2] [D] [thread 8664] [19.0] [cxt 0] Parser 'parser': end
[18:12:59.460] [bmv2] [D] [thread 8664] [19.0] [cxt 0] Pipeline 'ingress': start
[18:12:59.460] [bmv2] [T] [thread 8664] [19.0] [cxt 0] tiger.p4(290) Condition "hdr.rtp.isValid()" (node_2) is false
[18:12:59.460] [bmv2] [T] [thread 8664] [19.0] [cxt 0] tiger.p4(293) Condition "hdr.tigercy.isValid()" (node_4) is false
[18:12:59.460] [bmv2] [T] [thread 8664] [19.0] [cxt 0] tiger.p4(296) Condition "hdr.ipv4.isValid()" (node_6) is false
[18:12:59.460] [bmv2] [D] [thread 8664] [19.0] [cxt 0] Pipeline 'ingress': end
[18:12:59.460] [bmv2] [D] [thread 8664] [19.0] [cxt 0] Egress port is 0
[18:12:59.460] [bmv2] [D] [thread 8664] [20.0] [cxt 0] Processing packet received on port 3
[18:12:59.460] [bmv2] [D] [thread 8664] [20.0] [cxt 0] Parser 'parser': start
[18:12:59.460] [bmv2] [D] [thread 8664] [20.0] [cxt 0] Parser 'parser' entering state 'start'
[18:12:59.460] [bmv2] [D] [thread 8664] [20.0] [cxt 0] Extracting header 'ethernet'
[18:12:59.460] [bmv2] [D] [thread 8664] [20.0] [cxt 0] Parser state 'start': key is 86dd
[18:12:59.460] [bmv2] [T] [thread 8664] [20.0] [cxt 0] Bytes parsed: 14
[18:12:59.460] [bmv2] [D] [thread 8664] [20.0] [cxt 0] Parser 'parser': end
[18:12:59.460] [bmv2] [D] [thread 8664] [20.0] [cxt 0] Pipeline 'ingress': start
[18:12:59.460] [bmv2] [T] [thread 8664] [20.0] [cxt 0] tiger.p4(290) Condition "hdr.rtp.isValid()" (node_2) is false
[18:12:59.460] [bmv2] [T] [thread 8664] [20.0] [cxt 0] tiger.p4(293) Condition "hdr.tigercy.isValid()" (node_4) is false
[18:12:59.460] [bmv2] [T] [thread 8664] [20.0] [cxt 0] tiger.p4(296) Condition "hdr.ipv4.isValid()" (node_6) is false
[18:12:59.460] [bmv2] [D] [thread 8664] [20.0] [cxt 0] Pipeline 'ingress': end
[18:12:59.460] [bmv2] [D] [thread 8664] [20.0] [cxt 0] Egress port is 0
[18:12:59.460] [bmv2] [D] [thread 8664] [21.0] [cxt 0] Processing packet received on port 4
[18:12:59.460] [bmv2] [D] [thread 8664] [21.0] [cxt 0] Parser 'parser': start
[18:12:59.460] [bmv2] [D] [thread 8664] [21.0] [cxt 0] Parser 'parser' entering state 'start'
[18:12:59.460] [bmv2] [D] [thread 8664] [21.0] [cxt 0] Extracting header 'ethernet'
[18:12:59.460] [bmv2] [D] [thread 8664] [21.0] [cxt 0] Parser state 'start': key is 86dd
[18:12:59.460] [bmv2] [T] [thread 8664] [21.0] [cxt 0] Bytes parsed: 14
[18:12:59.460] [bmv2] [D] [thread 8664] [21.0] [cxt 0] Parser 'parser': end
[18:12:59.460] [bmv2] [D] [thread 8664] [21.0] [cxt 0] Pipeline 'ingress': start
[18:12:59.460] [bmv2] [T] [thread 8664] [21.0] [cxt 0] tiger.p4(290) Condition "hdr.rtp.isValid()" (node_2) is false
[18:12:59.460] [bmv2] [T] [thread 8664] [21.0] [cxt 0] tiger.p4(293) Condition "hdr.tigercy.isValid()" (node_4) is false
[18:12:59.460] [bmv2] [T] [thread 8664] [21.0] [cxt 0] tiger.p4(296) Condition "hdr.ipv4.isValid()" (node_6) is false
[18:12:59.460] [bmv2] [D] [thread 8664] [21.0] [cxt 0] Pipeline 'ingress': end
[18:12:59.460] [bmv2] [D] [thread 8664] [21.0] [cxt 0] Egress port is 0
[18:12:59.460] [bmv2] [D] [thread 8664] [22.0] [cxt 0] Processing packet received on port 3
[18:12:59.460] [bmv2] [D] [thread 8664] [22.0] [cxt 0] Parser 'parser': start
[18:12:59.460] [bmv2] [D] [thread 8664] [22.0] [cxt 0] Parser 'parser' entering state 'start'
[18:12:59.460] [bmv2] [D] [thread 8664] [22.0] [cxt 0] Extracting header 'ethernet'
[18:12:59.460] [bmv2] [D] [thread 8664] [22.0] [cxt 0] Parser state 'start': key is 86dd
[18:12:59.460] [bmv2] [T] [thread 8664] [22.0] [cxt 0] Bytes parsed: 14
[18:12:59.460] [bmv2] [D] [thread 8664] [22.0] [cxt 0] Parser 'parser': end
[18:12:59.460] [bmv2] [D] [thread 8664] [22.0] [cxt 0] Pipeline 'ingress': start
[18:12:59.460] [bmv2] [T] [thread 8664] [22.0] [cxt 0] tiger.p4(290) Condition "hdr.rtp.isValid()" (node_2) is false
[18:12:59.460] [bmv2] [T] [thread 8664] [22.0] [cxt 0] tiger.p4(293) Condition "hdr.tigercy.isValid()" (node_4) is false
[18:12:59.460] [bmv2] [T] [thread 8664] [22.0] [cxt 0] tiger.p4(296) Condition "hdr.ipv4.isValid()" (node_6) is false
[18:12:59.460] [bmv2] [D] [thread 8664] [22.0] [cxt 0] Pipeline 'ingress': end
[18:12:59.460] [bmv2] [D] [thread 8664] [22.0] [cxt 0] Egress port is 0
[18:12:59.460] [bmv2] [D] [thread 8664] [23.0] [cxt 0] Processing packet received on port 4
[18:12:59.460] [bmv2] [D] [thread 8664] [23.0] [cxt 0] Parser 'parser': start
[18:12:59.460] [bmv2] [D] [thread 8657] Entry 3 added to table 'MyIngress.ipv4_lpm'
[18:12:59.460] [bmv2] [D] [thread 8665] [12.0] [cxt 0] Pipeline 'egress': end
[18:12:59.460] [bmv2] [D] [thread 8657] Dumping entry 3
Match key:
* hdr.ipv4.dstAddr    : LPM       0a000303/32
Action entry: MyIngress.ipv4_forward - 80000000300,4,

[18:12:59.461] [bmv2] [D] [thread 8665] [12.0] [cxt 0] Deparser 'deparser': start
[18:12:59.461] [bmv2] [T] [thread 8665] [12.0] [cxt 0] Skipping checksum 'cksum' update because condition not met
[18:12:59.461] [bmv2] [D] [thread 8665] [12.0] [cxt 0] Deparsing header 'ethernet'
[18:12:59.461] [bmv2] [D] [thread 8665] [12.0] [cxt 0] Deparser 'deparser': end
[18:12:59.461] [bmv2] [D] [thread 8665] [13.0] [cxt 0] Pipeline 'egress': start
[18:12:59.461] [bmv2] [T] [thread 8665] [13.0] [cxt 0] tiger.p4(333) Condition "hdr.mri.isValid()" (node_10) is false
[18:12:59.461] [bmv2] [D] [thread 8665] [13.0] [cxt 0] Pipeline 'egress': end
[18:12:59.461] [bmv2] [D] [thread 8665] [13.0] [cxt 0] Deparser 'deparser': start
[18:12:59.461] [bmv2] [T] [thread 8665] [13.0] [cxt 0] Skipping checksum 'cksum' update because condition not met
[18:12:59.461] [bmv2] [D] [thread 8665] [13.0] [cxt 0] Deparsing header 'ethernet'
[18:12:59.461] [bmv2] [D] [thread 8665] [13.0] [cxt 0] Deparser 'deparser': end
[18:12:59.461] [bmv2] [D] [thread 8665] [14.0] [cxt 0] Pipeline 'egress': start
[18:12:59.461] [bmv2] [T] [thread 8665] [14.0] [cxt 0] tiger.p4(333) Condition "hdr.mri.isValid()" (node_10) is false
[18:12:59.461] [bmv2] [D] [thread 8665] [14.0] [cxt 0] Pipeline 'egress': end
[18:12:59.461] [bmv2] [D] [thread 8665] [14.0] [cxt 0] Deparser 'deparser': start
[18:12:59.461] [bmv2] [T] [thread 8665] [14.0] [cxt 0] Skipping checksum 'cksum' update because condition not met
[18:12:59.461] [bmv2] [D] [thread 8665] [14.0] [cxt 0] Deparsing header 'ethernet'
[18:12:59.461] [bmv2] [D] [thread 8665] [14.0] [cxt 0] Deparser 'deparser': end
[18:12:59.461] [bmv2] [D] [thread 8665] [15.0] [cxt 0] Pipeline 'egress': start
[18:12:59.461] [bmv2] [T] [thread 8665] [15.0] [cxt 0] tiger.p4(333) Condition "hdr.mri.isValid()" (node_10) is false
[18:12:59.461] [bmv2] [D] [thread 8665] [15.0] [cxt 0] Pipeline 'egress': end
[18:12:59.461] [bmv2] [D] [thread 8665] [15.0] [cxt 0] Deparser 'deparser': start
[18:12:59.461] [bmv2] [T] [thread 8665] [15.0] [cxt 0] Skipping checksum 'cksum' update because condition not met
[18:12:59.461] [bmv2] [D] [thread 8665] [15.0] [cxt 0] Deparsing header 'ethernet'
[18:12:59.461] [bmv2] [D] [thread 8665] [15.0] [cxt 0] Deparser 'deparser': end
[18:12:59.461] [bmv2] [D] [thread 8665] [16.0] [cxt 0] Pipeline 'egress': start
[18:12:59.461] [bmv2] [D] [thread 8669] [12.0] [cxt 0] Transmitting packet of size 70 out of port 0
[18:12:59.461] [bmv2] [D] [thread 8669] [13.0] [cxt 0] Transmitting packet of size 70 out of port 0
[18:12:59.461] [bmv2] [D] [thread 8669] [14.0] [cxt 0] Transmitting packet of size 70 out of port 0
[18:12:59.461] [bmv2] [D] [thread 8669] [15.0] [cxt 0] Transmitting packet of size 70 out of port 0
[18:12:59.461] [bmv2] [T] [thread 8665] [16.0] [cxt 0] tiger.p4(333) Condition "hdr.mri.isValid()" (node_10) is false
[18:12:59.461] [bmv2] [D] [thread 8665] [16.0] [cxt 0] Pipeline 'egress': end
[18:12:59.461] [bmv2] [D] [thread 8665] [16.0] [cxt 0] Deparser 'deparser': start
[18:12:59.461] [bmv2] [T] [thread 8665] [16.0] [cxt 0] Skipping checksum 'cksum' update because condition not met
[18:12:59.461] [bmv2] [D] [thread 8665] [16.0] [cxt 0] Deparsing header 'ethernet'
[18:12:59.461] [bmv2] [D] [thread 8665] [16.0] [cxt 0] Deparser 'deparser': end
[18:12:59.461] [bmv2] [D] [thread 8665] [17.0] [cxt 0] Pipeline 'egress': start
[18:12:59.461] [bmv2] [T] [thread 8665] [17.0] [cxt 0] tiger.p4(333) Condition "hdr.mri.isValid()" (node_10) is false
[18:12:59.461] [bmv2] [D] [thread 8665] [17.0] [cxt 0] Pipeline 'egress': end
[18:12:59.461] [bmv2] [D] [thread 8665] [17.0] [cxt 0] Deparser 'deparser': start
[18:12:59.461] [bmv2] [T] [thread 8665] [17.0] [cxt 0] Skipping checksum 'cksum' update because condition not met
[18:12:59.461] [bmv2] [D] [thread 8665] [17.0] [cxt 0] Deparsing header 'ethernet'
[18:12:59.461] [bmv2] [D] [thread 8665] [17.0] [cxt 0] Deparser 'deparser': end
[18:12:59.461] [bmv2] [D] [thread 8665] [18.0] [cxt 0] Pipeline 'egress': start
[18:12:59.461] [bmv2] [T] [thread 8665] [18.0] [cxt 0] tiger.p4(333) Condition "hdr.mri.isValid()" (node_10) is false
[18:12:59.461] [bmv2] [D] [thread 8665] [18.0] [cxt 0] Pipeline 'egress': end
[18:12:59.461] [bmv2] [D] [thread 8665] [18.0] [cxt 0] Deparser 'deparser': start
[18:12:59.461] [bmv2] [T] [thread 8665] [18.0] [cxt 0] Skipping checksum 'cksum' update because condition not met
[18:12:59.461] [bmv2] [D] [thread 8665] [18.0] [cxt 0] Deparsing header 'ethernet'
[18:12:59.461] [bmv2] [D] [thread 8665] [18.0] [cxt 0] Deparser 'deparser': end
[18:12:59.461] [bmv2] [D] [thread 8665] [19.0] [cxt 0] Pipeline 'egress': start
[18:12:59.461] [bmv2] [T] [thread 8665] [19.0] [cxt 0] tiger.p4(333) Condition "hdr.mri.isValid()" (node_10) is false
[18:12:59.461] [bmv2] [D] [thread 8665] [19.0] [cxt 0] Pipeline 'egress': end
[18:12:59.461] [bmv2] [D] [thread 8665] [19.0] [cxt 0] Deparser 'deparser': start
[18:12:59.461] [bmv2] [T] [thread 8665] [19.0] [cxt 0] Skipping checksum 'cksum' update because condition not met
[18:12:59.461] [bmv2] [D] [thread 8665] [19.0] [cxt 0] Deparsing header 'ethernet'
[18:12:59.461] [bmv2] [D] [thread 8665] [19.0] [cxt 0] Deparser 'deparser': end
[18:12:59.461] [bmv2] [D] [thread 8665] [20.0] [cxt 0] Pipeline 'egress': start
[18:12:59.461] [bmv2] [T] [thread 8665] [20.0] [cxt 0] tiger.p4(333) Condition "hdr.mri.isValid()" (node_10) is false
[18:12:59.461] [bmv2] [D] [thread 8665] [20.0] [cxt 0] Pipeline 'egress': end
[18:12:59.461] [bmv2] [D] [thread 8665] [20.0] [cxt 0] Deparser 'deparser': start
[18:12:59.461] [bmv2] [T] [thread 8665] [20.0] [cxt 0] Skipping checksum 'cksum' update because condition not met
[18:12:59.461] [bmv2] [D] [thread 8665] [20.0] [cxt 0] Deparsing header 'ethernet'
[18:12:59.461] [bmv2] [D] [thread 8665] [20.0] [cxt 0] Deparser 'deparser': end
[18:12:59.461] [bmv2] [D] [thread 8665] [21.0] [cxt 0] Pipeline 'egress': start
[18:12:59.461] [bmv2] [T] [thread 8665] [21.0] [cxt 0] tiger.p4(333) Condition "hdr.mri.isValid()" (node_10) is false
[18:12:59.461] [bmv2] [D] [thread 8665] [21.0] [cxt 0] Pipeline 'egress': end
[18:12:59.461] [bmv2] [D] [thread 8665] [21.0] [cxt 0] Deparser 'deparser': start
[18:12:59.461] [bmv2] [T] [thread 8665] [21.0] [cxt 0] Skipping checksum 'cksum' update because condition not met
[18:12:59.461] [bmv2] [D] [thread 8665] [21.0] [cxt 0] Deparsing header 'ethernet'
[18:12:59.461] [bmv2] [D] [thread 8665] [21.0] [cxt 0] Deparser 'deparser': end
[18:12:59.461] [bmv2] [D] [thread 8665] [22.0] [cxt 0] Pipeline 'egress': start
[18:12:59.461] [bmv2] [T] [thread 8665] [22.0] [cxt 0] tiger.p4(333) Condition "hdr.mri.isValid()" (node_10) is false
[18:12:59.461] [bmv2] [D] [thread 8665] [22.0] [cxt 0] Pipeline 'egress': end
[18:12:59.461] [bmv2] [D] [thread 8665] [22.0] [cxt 0] Deparser 'deparser': start
[18:12:59.461] [bmv2] [T] [thread 8665] [22.0] [cxt 0] Skipping checksum 'cksum' update because condition not met
[18:12:59.461] [bmv2] [D] [thread 8665] [22.0] [cxt 0] Deparsing header 'ethernet'
[18:12:59.461] [bmv2] [D] [thread 8665] [22.0] [cxt 0] Deparser 'deparser': end
[18:12:59.460] [bmv2] [D] [thread 8664] [23.0] [cxt 0] Parser 'parser' entering state 'start'
[18:12:59.461] [bmv2] [D] [thread 8664] [23.0] [cxt 0] Extracting header 'ethernet'
[18:12:59.461] [bmv2] [D] [thread 8664] [23.0] [cxt 0] Parser state 'start': key is 86dd
[18:12:59.461] [bmv2] [T] [thread 8664] [23.0] [cxt 0] Bytes parsed: 14
[18:12:59.461] [bmv2] [D] [thread 8664] [23.0] [cxt 0] Parser 'parser': end
[18:12:59.461] [bmv2] [D] [thread 8664] [23.0] [cxt 0] Pipeline 'ingress': start
[18:12:59.461] [bmv2] [T] [thread 8664] [23.0] [cxt 0] tiger.p4(290) Condition "hdr.rtp.isValid()" (node_2) is false
[18:12:59.461] [bmv2] [T] [thread 8664] [23.0] [cxt 0] tiger.p4(293) Condition "hdr.tigercy.isValid()" (node_4) is false
[18:12:59.461] [bmv2] [T] [thread 8664] [23.0] [cxt 0] tiger.p4(296) Condition "hdr.ipv4.isValid()" (node_6) is false
[18:12:59.461] [bmv2] [D] [thread 8669] [16.0] [cxt 0] Transmitting packet of size 90 out of port 0
[18:12:59.461] [bmv2] [D] [thread 8669] [17.0] [cxt 0] Transmitting packet of size 90 out of port 0
[18:12:59.461] [bmv2] [D] [thread 8669] [18.0] [cxt 0] Transmitting packet of size 90 out of port 0
[18:12:59.461] [bmv2] [D] [thread 8669] [19.0] [cxt 0] Transmitting packet of size 90 out of port 0
[18:12:59.461] [bmv2] [D] [thread 8664] [23.0] [cxt 0] Pipeline 'ingress': end
[18:12:59.461] [bmv2] [D] [thread 8664] [23.0] [cxt 0] Egress port is 0
[18:12:59.461] [bmv2] [D] [thread 8664] [24.0] [cxt 0] Processing packet received on port 3
[18:12:59.461] [bmv2] [D] [thread 8669] [20.0] [cxt 0] Transmitting packet of size 90 out of port 0
[18:12:59.461] [bmv2] [D] [thread 8669] [21.0] [cxt 0] Transmitting packet of size 70 out of port 0
[18:12:59.461] [bmv2] [D] [thread 8656] Entry 4 added to table 'MyIngress.ipv4_lpm'
[18:12:59.461] [bmv2] [D] [thread 8656] Dumping entry 4
Match key:
* hdr.ipv4.dstAddr    : LPM       0a000505/32
Action entry: MyIngress.ipv4_forward - 80000000500,4,

[18:12:59.461] [bmv2] [D] [thread 8665] [23.0] [cxt 0] Pipeline 'egress': start
[18:12:59.461] [bmv2] [T] [thread 8665] [23.0] [cxt 0] tiger.p4(333) Condition "hdr.mri.isValid()" (node_10) is false
[18:12:59.461] [bmv2] [D] [thread 8665] [23.0] [cxt 0] Pipeline 'egress': end
[18:12:59.461] [bmv2] [D] [thread 8665] [23.0] [cxt 0] Deparser 'deparser': start
[18:12:59.461] [bmv2] [T] [thread 8665] [23.0] [cxt 0] Skipping checksum 'cksum' update because condition not met
[18:12:59.461] [bmv2] [D] [thread 8665] [23.0] [cxt 0] Deparsing header 'ethernet'
[18:12:59.461] [bmv2] [D] [thread 8665] [23.0] [cxt 0] Deparser 'deparser': end
[18:12:59.461] [bmv2] [D] [thread 8664] [24.0] [cxt 0] Parser 'parser': start
[18:12:59.461] [bmv2] [D] [thread 8664] [24.0] [cxt 0] Parser 'parser' entering state 'start'
[18:12:59.461] [bmv2] [D] [thread 8664] [24.0] [cxt 0] Extracting header 'ethernet'
[18:12:59.461] [bmv2] [D] [thread 8664] [24.0] [cxt 0] Parser state 'start': key is 86dd
[18:12:59.461] [bmv2] [T] [thread 8664] [24.0] [cxt 0] Bytes parsed: 14
[18:12:59.461] [bmv2] [D] [thread 8664] [24.0] [cxt 0] Parser 'parser': end
[18:12:59.461] [bmv2] [D] [thread 8664] [24.0] [cxt 0] Pipeline 'ingress': start
[18:12:59.461] [bmv2] [T] [thread 8664] [24.0] [cxt 0] tiger.p4(290) Condition "hdr.rtp.isValid()" (node_2) is false
[18:12:59.461] [bmv2] [T] [thread 8664] [24.0] [cxt 0] tiger.p4(293) Condition "hdr.tigercy.isValid()" (node_4) is false
[18:12:59.461] [bmv2] [T] [thread 8664] [24.0] [cxt 0] tiger.p4(296) Condition "hdr.ipv4.isValid()" (node_6) is false
[18:12:59.461] [bmv2] [D] [thread 8664] [24.0] [cxt 0] Pipeline 'ingress': end
[18:12:59.461] [bmv2] [D] [thread 8664] [24.0] [cxt 0] Egress port is 0
[18:12:59.461] [bmv2] [D] [thread 8664] [25.0] [cxt 0] Processing packet received on port 4
[18:12:59.461] [bmv2] [D] [thread 8664] [25.0] [cxt 0] Parser 'parser': start
[18:12:59.461] [bmv2] [D] [thread 8664] [25.0] [cxt 0] Parser 'parser' entering state 'start'
[18:12:59.461] [bmv2] [D] [thread 8664] [25.0] [cxt 0] Extracting header 'ethernet'
[18:12:59.461] [bmv2] [D] [thread 8664] [25.0] [cxt 0] Parser state 'start': key is 86dd
[18:12:59.461] [bmv2] [T] [thread 8664] [25.0] [cxt 0] Bytes parsed: 14
[18:12:59.461] [bmv2] [D] [thread 8664] [25.0] [cxt 0] Parser 'parser': end
[18:12:59.461] [bmv2] [D] [thread 8664] [25.0] [cxt 0] Pipeline 'ingress': start
[18:12:59.461] [bmv2] [D] [thread 8669] [22.0] [cxt 0] Transmitting packet of size 70 out of port 0
[18:12:59.461] [bmv2] [D] [thread 8669] [23.0] [cxt 0] Transmitting packet of size 90 out of port 0
[18:12:59.461] [bmv2] [D] [thread 8665] [24.0] [cxt 0] Pipeline 'egress': start
[18:12:59.461] [bmv2] [T] [thread 8665] [24.0] [cxt 0] tiger.p4(333) Condition "hdr.mri.isValid()" (node_10) is false
[18:12:59.461] [bmv2] [D] [thread 8665] [24.0] [cxt 0] Pipeline 'egress': end
[18:12:59.461] [bmv2] [D] [thread 8665] [24.0] [cxt 0] Deparser 'deparser': start
[18:12:59.461] [bmv2] [T] [thread 8665] [24.0] [cxt 0] Skipping checksum 'cksum' update because condition not met
[18:12:59.461] [bmv2] [D] [thread 8665] [24.0] [cxt 0] Deparsing header 'ethernet'
[18:12:59.461] [bmv2] [D] [thread 8665] [24.0] [cxt 0] Deparser 'deparser': end
[18:12:59.461] [bmv2] [T] [thread 8664] [25.0] [cxt 0] tiger.p4(290) Condition "hdr.rtp.isValid()" (node_2) is false
[18:12:59.461] [bmv2] [T] [thread 8664] [25.0] [cxt 0] tiger.p4(293) Condition "hdr.tigercy.isValid()" (node_4) is false
[18:12:59.461] [bmv2] [T] [thread 8664] [25.0] [cxt 0] tiger.p4(296) Condition "hdr.ipv4.isValid()" (node_6) is false
[18:12:59.462] [bmv2] [D] [thread 8664] [25.0] [cxt 0] Pipeline 'ingress': end
[18:12:59.462] [bmv2] [D] [thread 8664] [25.0] [cxt 0] Egress port is 0
[18:12:59.462] [bmv2] [D] [thread 8665] [25.0] [cxt 0] Pipeline 'egress': start
[18:12:59.462] [bmv2] [T] [thread 8665] [25.0] [cxt 0] tiger.p4(333) Condition "hdr.mri.isValid()" (node_10) is false
[18:12:59.462] [bmv2] [D] [thread 8665] [25.0] [cxt 0] Pipeline 'egress': end
[18:12:59.462] [bmv2] [D] [thread 8665] [25.0] [cxt 0] Deparser 'deparser': start
[18:12:59.462] [bmv2] [T] [thread 8665] [25.0] [cxt 0] Skipping checksum 'cksum' update because condition not met
[18:12:59.462] [bmv2] [D] [thread 8665] [25.0] [cxt 0] Deparsing header 'ethernet'
[18:12:59.462] [bmv2] [D] [thread 8665] [25.0] [cxt 0] Deparser 'deparser': end
[18:12:59.462] [bmv2] [D] [thread 8657] Entry 5 added to table 'MyIngress.ipv4_lpm'
[18:12:59.462] [bmv2] [D] [thread 8657] Dumping entry 5
Match key:
* hdr.ipv4.dstAddr    : LPM       0a000606/32
Action entry: MyIngress.ipv4_forward - 80000000600,4,

[18:12:59.462] [bmv2] [D] [thread 8669] [24.0] [cxt 0] Transmitting packet of size 90 out of port 0
[18:12:59.462] [bmv2] [D] [thread 8669] [25.0] [cxt 0] Transmitting packet of size 90 out of port 0
[18:12:59.462] [bmv2] [D] [thread 8656] Entry 0 added to table 'MyIngress.rtp_lpm'
[18:12:59.462] [bmv2] [D] [thread 8656] Dumping entry 0
Match key:
* hdr.rtp.dstAddr     : LPM       0a000101/32
Action entry: MyIngress.rtp_forward - 80000000111,1,

[18:12:59.463] [bmv2] [D] [thread 8657] Entry 1 added to table 'MyIngress.rtp_lpm'
[18:12:59.463] [bmv2] [D] [thread 8657] Dumping entry 1
Match key:
* hdr.rtp.dstAddr     : LPM       0a000202/32
Action entry: MyIngress.rtp_forward - 80000000222,2,

[18:12:59.464] [bmv2] [D] [thread 8656] Entry 2 added to table 'MyIngress.rtp_lpm'
[18:12:59.464] [bmv2] [D] [thread 8656] Dumping entry 2
Match key:
* hdr.rtp.dstAddr     : LPM       0a000404/32
Action entry: MyIngress.rtp_forward - 80000000400,3,

[18:12:59.464] [bmv2] [D] [thread 8657] Entry 3 added to table 'MyIngress.rtp_lpm'
[18:12:59.464] [bmv2] [D] [thread 8657] Dumping entry 3
Match key:
* hdr.rtp.dstAddr     : LPM       0a000303/32
Action entry: MyIngress.rtp_forward - 80000000300,4,

[18:12:59.465] [bmv2] [D] [thread 8656] Entry 4 added to table 'MyIngress.rtp_lpm'
[18:12:59.465] [bmv2] [D] [thread 8656] Dumping entry 4
Match key:
* hdr.rtp.dstAddr     : LPM       0a000505/32
Action entry: MyIngress.rtp_forward - 80000000500,4,

[18:12:59.466] [bmv2] [D] [thread 8657] Entry 5 added to table 'MyIngress.rtp_lpm'
[18:12:59.466] [bmv2] [D] [thread 8657] Dumping entry 5
Match key:
* hdr.rtp.dstAddr     : LPM       0a000606/32
Action entry: MyIngress.rtp_forward - 80000000600,4,

[18:12:59.466] [bmv2] [D] [thread 8656] Entry 0 added to table 'MyIngress.tigercy_lpm'
[18:12:59.466] [bmv2] [D] [thread 8656] Dumping entry 0
Match key:
* hdr.tigercy.dstAddr : LPM       0a000404/32
Action entry: MyIngress.tigercy_forward - 80000000400,3,

[18:13:00.441] [bmv2] [D] [thread 8664] [26.0] [cxt 0] Processing packet received on port 3
[18:13:00.441] [bmv2] [D] [thread 8664] [26.0] [cxt 0] Parser 'parser': start
[18:13:00.441] [bmv2] [D] [thread 8664] [26.0] [cxt 0] Parser 'parser' entering state 'start'
[18:13:00.441] [bmv2] [D] [thread 8664] [26.0] [cxt 0] Extracting header 'ethernet'
[18:13:00.441] [bmv2] [D] [thread 8664] [26.0] [cxt 0] Parser state 'start': key is 86dd
[18:13:00.441] [bmv2] [T] [thread 8664] [26.0] [cxt 0] Bytes parsed: 14
[18:13:00.441] [bmv2] [D] [thread 8664] [26.0] [cxt 0] Parser 'parser': end
[18:13:00.441] [bmv2] [D] [thread 8664] [26.0] [cxt 0] Pipeline 'ingress': start
[18:13:00.441] [bmv2] [T] [thread 8664] [26.0] [cxt 0] tiger.p4(290) Condition "hdr.rtp.isValid()" (node_2) is false
[18:13:00.441] [bmv2] [T] [thread 8664] [26.0] [cxt 0] tiger.p4(293) Condition "hdr.tigercy.isValid()" (node_4) is false
[18:13:00.441] [bmv2] [T] [thread 8664] [26.0] [cxt 0] tiger.p4(296) Condition "hdr.ipv4.isValid()" (node_6) is false
[18:13:00.441] [bmv2] [D] [thread 8664] [26.0] [cxt 0] Pipeline 'ingress': end
[18:13:00.441] [bmv2] [D] [thread 8664] [26.0] [cxt 0] Egress port is 0
[18:13:00.441] [bmv2] [D] [thread 8664] [27.0] [cxt 0] Processing packet received on port 4
[18:13:00.441] [bmv2] [D] [thread 8664] [27.0] [cxt 0] Parser 'parser': start
[18:13:00.441] [bmv2] [D] [thread 8664] [27.0] [cxt 0] Parser 'parser' entering state 'start'
[18:13:00.441] [bmv2] [D] [thread 8664] [27.0] [cxt 0] Extracting header 'ethernet'
[18:13:00.441] [bmv2] [D] [thread 8664] [27.0] [cxt 0] Parser state 'start': key is 86dd
[18:13:00.441] [bmv2] [T] [thread 8664] [27.0] [cxt 0] Bytes parsed: 14
[18:13:00.441] [bmv2] [D] [thread 8664] [27.0] [cxt 0] Parser 'parser': end
[18:13:00.441] [bmv2] [D] [thread 8664] [27.0] [cxt 0] Pipeline 'ingress': start
[18:13:00.441] [bmv2] [T] [thread 8664] [27.0] [cxt 0] tiger.p4(290) Condition "hdr.rtp.isValid()" (node_2) is false
[18:13:00.441] [bmv2] [T] [thread 8664] [27.0] [cxt 0] tiger.p4(293) Condition "hdr.tigercy.isValid()" (node_4) is false
[18:13:00.441] [bmv2] [T] [thread 8664] [27.0] [cxt 0] tiger.p4(296) Condition "hdr.ipv4.isValid()" (node_6) is false
[18:13:00.441] [bmv2] [D] [thread 8664] [27.0] [cxt 0] Pipeline 'ingress': end
[18:13:00.441] [bmv2] [D] [thread 8664] [27.0] [cxt 0] Egress port is 0
[18:13:00.441] [bmv2] [D] [thread 8665] [26.0] [cxt 0] Pipeline 'egress': start
[18:13:00.441] [bmv2] [T] [thread 8665] [26.0] [cxt 0] tiger.p4(333) Condition "hdr.mri.isValid()" (node_10) is false
[18:13:00.441] [bmv2] [D] [thread 8665] [26.0] [cxt 0] Pipeline 'egress': end
[18:13:00.441] [bmv2] [D] [thread 8665] [26.0] [cxt 0] Deparser 'deparser': start
[18:13:00.441] [bmv2] [T] [thread 8665] [26.0] [cxt 0] Skipping checksum 'cksum' update because condition not met
[18:13:00.441] [bmv2] [D] [thread 8665] [26.0] [cxt 0] Deparsing header 'ethernet'
[18:13:00.441] [bmv2] [D] [thread 8665] [26.0] [cxt 0] Deparser 'deparser': end
[18:13:00.441] [bmv2] [D] [thread 8665] [27.0] [cxt 0] Pipeline 'egress': start
[18:13:00.441] [bmv2] [T] [thread 8665] [27.0] [cxt 0] tiger.p4(333) Condition "hdr.mri.isValid()" (node_10) is false
[18:13:00.441] [bmv2] [D] [thread 8665] [27.0] [cxt 0] Pipeline 'egress': end
[18:13:00.441] [bmv2] [D] [thread 8665] [27.0] [cxt 0] Deparser 'deparser': start
[18:13:00.441] [bmv2] [T] [thread 8665] [27.0] [cxt 0] Skipping checksum 'cksum' update because condition not met
[18:13:00.441] [bmv2] [D] [thread 8665] [27.0] [cxt 0] Deparsing header 'ethernet'
[18:13:00.441] [bmv2] [D] [thread 8665] [27.0] [cxt 0] Deparser 'deparser': end
[18:13:00.441] [bmv2] [D] [thread 8669] [26.0] [cxt 0] Transmitting packet of size 70 out of port 0
[18:13:00.442] [bmv2] [D] [thread 8669] [27.0] [cxt 0] Transmitting packet of size 70 out of port 0
[18:13:00.953] [bmv2] [D] [thread 8664] [28.0] [cxt 0] Processing packet received on port 3
[18:13:00.953] [bmv2] [D] [thread 8664] [28.0] [cxt 0] Parser 'parser': start
[18:13:00.953] [bmv2] [D] [thread 8664] [28.0] [cxt 0] Parser 'parser' entering state 'start'
[18:13:00.953] [bmv2] [D] [thread 8664] [28.0] [cxt 0] Extracting header 'ethernet'
[18:13:00.953] [bmv2] [D] [thread 8664] [28.0] [cxt 0] Parser state 'start': key is 86dd
[18:13:00.953] [bmv2] [T] [thread 8664] [28.0] [cxt 0] Bytes parsed: 14
[18:13:00.953] [bmv2] [D] [thread 8664] [28.0] [cxt 0] Parser 'parser': end
[18:13:00.953] [bmv2] [D] [thread 8664] [28.0] [cxt 0] Pipeline 'ingress': start
[18:13:00.953] [bmv2] [T] [thread 8664] [28.0] [cxt 0] tiger.p4(290) Condition "hdr.rtp.isValid()" (node_2) is false
[18:13:00.953] [bmv2] [T] [thread 8664] [28.0] [cxt 0] tiger.p4(293) Condition "hdr.tigercy.isValid()" (node_4) is false
[18:13:00.953] [bmv2] [T] [thread 8664] [28.0] [cxt 0] tiger.p4(296) Condition "hdr.ipv4.isValid()" (node_6) is false
[18:13:00.953] [bmv2] [D] [thread 8664] [28.0] [cxt 0] Pipeline 'ingress': end
[18:13:00.953] [bmv2] [D] [thread 8664] [28.0] [cxt 0] Egress port is 0
[18:13:00.953] [bmv2] [D] [thread 8664] [29.0] [cxt 0] Processing packet received on port 4
[18:13:00.953] [bmv2] [D] [thread 8664] [29.0] [cxt 0] Parser 'parser': start
[18:13:00.953] [bmv2] [D] [thread 8664] [29.0] [cxt 0] Parser 'parser' entering state 'start'
[18:13:00.953] [bmv2] [D] [thread 8664] [29.0] [cxt 0] Extracting header 'ethernet'
[18:13:00.953] [bmv2] [D] [thread 8664] [29.0] [cxt 0] Parser state 'start': key is 86dd
[18:13:00.954] [bmv2] [T] [thread 8664] [29.0] [cxt 0] Bytes parsed: 14
[18:13:00.954] [bmv2] [D] [thread 8664] [29.0] [cxt 0] Parser 'parser': end
[18:13:00.954] [bmv2] [D] [thread 8664] [29.0] [cxt 0] Pipeline 'ingress': start
[18:13:00.954] [bmv2] [T] [thread 8664] [29.0] [cxt 0] tiger.p4(290) Condition "hdr.rtp.isValid()" (node_2) is false
[18:13:00.954] [bmv2] [T] [thread 8664] [29.0] [cxt 0] tiger.p4(293) Condition "hdr.tigercy.isValid()" (node_4) is false
[18:13:00.954] [bmv2] [T] [thread 8664] [29.0] [cxt 0] tiger.p4(296) Condition "hdr.ipv4.isValid()" (node_6) is false
[18:13:00.954] [bmv2] [D] [thread 8664] [29.0] [cxt 0] Pipeline 'ingress': end
[18:13:00.954] [bmv2] [D] [thread 8664] [29.0] [cxt 0] Egress port is 0
[18:13:00.954] [bmv2] [D] [thread 8665] [28.0] [cxt 0] Pipeline 'egress': start
[18:13:00.954] [bmv2] [T] [thread 8665] [28.0] [cxt 0] tiger.p4(333) Condition "hdr.mri.isValid()" (node_10) is false
[18:13:00.954] [bmv2] [D] [thread 8665] [28.0] [cxt 0] Pipeline 'egress': end
[18:13:00.954] [bmv2] [D] [thread 8665] [28.0] [cxt 0] Deparser 'deparser': start
[18:13:00.954] [bmv2] [T] [thread 8665] [28.0] [cxt 0] Skipping checksum 'cksum' update because condition not met
[18:13:00.954] [bmv2] [D] [thread 8665] [28.0] [cxt 0] Deparsing header 'ethernet'
[18:13:00.954] [bmv2] [D] [thread 8665] [28.0] [cxt 0] Deparser 'deparser': end
[18:13:00.954] [bmv2] [D] [thread 8665] [29.0] [cxt 0] Pipeline 'egress': start
[18:13:00.954] [bmv2] [T] [thread 8665] [29.0] [cxt 0] tiger.p4(333) Condition "hdr.mri.isValid()" (node_10) is false
[18:13:00.954] [bmv2] [D] [thread 8665] [29.0] [cxt 0] Pipeline 'egress': end
[18:13:00.954] [bmv2] [D] [thread 8665] [29.0] [cxt 0] Deparser 'deparser': start
[18:13:00.954] [bmv2] [T] [thread 8665] [29.0] [cxt 0] Skipping checksum 'cksum' update because condition not met
[18:13:00.954] [bmv2] [D] [thread 8665] [29.0] [cxt 0] Deparsing header 'ethernet'
[18:13:00.954] [bmv2] [D] [thread 8665] [29.0] [cxt 0] Deparser 'deparser': end
[18:13:00.954] [bmv2] [D] [thread 8669] [28.0] [cxt 0] Transmitting packet of size 70 out of port 0
[18:13:00.954] [bmv2] [D] [thread 8669] [29.0] [cxt 0] Transmitting packet of size 70 out of port 0
[18:13:01.212] [bmv2] [D] [thread 8664] [30.0] [cxt 0] Processing packet received on port 1
[18:13:01.212] [bmv2] [D] [thread 8664] [30.0] [cxt 0] Parser 'parser': start
[18:13:01.212] [bmv2] [D] [thread 8664] [30.0] [cxt 0] Parser 'parser' entering state 'start'
[18:13:01.212] [bmv2] [D] [thread 8664] [30.0] [cxt 0] Extracting header 'ethernet'
[18:13:01.212] [bmv2] [D] [thread 8664] [30.0] [cxt 0] Parser state 'start': key is 86dd
[18:13:01.212] [bmv2] [T] [thread 8664] [30.0] [cxt 0] Bytes parsed: 14
[18:13:01.212] [bmv2] [D] [thread 8664] [30.0] [cxt 0] Parser 'parser': end
[18:13:01.212] [bmv2] [D] [thread 8664] [30.0] [cxt 0] Pipeline 'ingress': start
[18:13:01.212] [bmv2] [T] [thread 8664] [30.0] [cxt 0] tiger.p4(290) Condition "hdr.rtp.isValid()" (node_2) is false
[18:13:01.212] [bmv2] [T] [thread 8664] [30.0] [cxt 0] tiger.p4(293) Condition "hdr.tigercy.isValid()" (node_4) is false
[18:13:01.212] [bmv2] [T] [thread 8664] [30.0] [cxt 0] tiger.p4(296) Condition "hdr.ipv4.isValid()" (node_6) is false
[18:13:01.212] [bmv2] [D] [thread 8664] [30.0] [cxt 0] Pipeline 'ingress': end
[18:13:01.212] [bmv2] [D] [thread 8664] [30.0] [cxt 0] Egress port is 0
[18:13:01.212] [bmv2] [D] [thread 8665] [30.0] [cxt 0] Pipeline 'egress': start
[18:13:01.212] [bmv2] [T] [thread 8665] [30.0] [cxt 0] tiger.p4(333) Condition "hdr.mri.isValid()" (node_10) is false
[18:13:01.212] [bmv2] [D] [thread 8665] [30.0] [cxt 0] Pipeline 'egress': end
[18:13:01.212] [bmv2] [D] [thread 8665] [30.0] [cxt 0] Deparser 'deparser': start
[18:13:01.212] [bmv2] [T] [thread 8665] [30.0] [cxt 0] Skipping checksum 'cksum' update because condition not met
[18:13:01.212] [bmv2] [D] [thread 8665] [30.0] [cxt 0] Deparsing header 'ethernet'
[18:13:01.212] [bmv2] [D] [thread 8665] [30.0] [cxt 0] Deparser 'deparser': end
[18:13:01.212] [bmv2] [D] [thread 8669] [30.0] [cxt 0] Transmitting packet of size 70 out of port 0
[18:13:01.466] [bmv2] [D] [thread 8664] [31.0] [cxt 0] Processing packet received on port 2
[18:13:01.466] [bmv2] [D] [thread 8664] [31.0] [cxt 0] Parser 'parser': start
[18:13:01.466] [bmv2] [D] [thread 8664] [31.0] [cxt 0] Parser 'parser' entering state 'start'
[18:13:01.466] [bmv2] [D] [thread 8664] [31.0] [cxt 0] Extracting header 'ethernet'
[18:13:01.467] [bmv2] [D] [thread 8664] [31.0] [cxt 0] Parser state 'start': key is 86dd
[18:13:01.467] [bmv2] [T] [thread 8664] [31.0] [cxt 0] Bytes parsed: 14
[18:13:01.467] [bmv2] [D] [thread 8664] [31.0] [cxt 0] Parser 'parser': end
[18:13:01.467] [bmv2] [D] [thread 8664] [31.0] [cxt 0] Pipeline 'ingress': start
[18:13:01.467] [bmv2] [T] [thread 8664] [31.0] [cxt 0] tiger.p4(290) Condition "hdr.rtp.isValid()" (node_2) is false
[18:13:01.467] [bmv2] [T] [thread 8664] [31.0] [cxt 0] tiger.p4(293) Condition "hdr.tigercy.isValid()" (node_4) is false
[18:13:01.467] [bmv2] [T] [thread 8664] [31.0] [cxt 0] tiger.p4(296) Condition "hdr.ipv4.isValid()" (node_6) is false
[18:13:01.467] [bmv2] [D] [thread 8664] [31.0] [cxt 0] Pipeline 'ingress': end
[18:13:01.467] [bmv2] [D] [thread 8664] [31.0] [cxt 0] Egress port is 0
[18:13:01.467] [bmv2] [D] [thread 8665] [31.0] [cxt 0] Pipeline 'egress': start
[18:13:01.467] [bmv2] [T] [thread 8665] [31.0] [cxt 0] tiger.p4(333) Condition "hdr.mri.isValid()" (node_10) is false
[18:13:01.467] [bmv2] [D] [thread 8665] [31.0] [cxt 0] Pipeline 'egress': end
[18:13:01.467] [bmv2] [D] [thread 8665] [31.0] [cxt 0] Deparser 'deparser': start
[18:13:01.467] [bmv2] [T] [thread 8665] [31.0] [cxt 0] Skipping checksum 'cksum' update because condition not met
[18:13:01.467] [bmv2] [D] [thread 8665] [31.0] [cxt 0] Deparsing header 'ethernet'
[18:13:01.467] [bmv2] [D] [thread 8665] [31.0] [cxt 0] Deparser 'deparser': end
[18:13:01.467] [bmv2] [D] [thread 8669] [31.0] [cxt 0] Transmitting packet of size 70 out of port 0
[18:13:07.865] [bmv2] [D] [thread 8664] [32.0] [cxt 0] Processing packet received on port 4
[18:13:07.865] [bmv2] [D] [thread 8664] [32.0] [cxt 0] Parser 'parser': start
[18:13:07.865] [bmv2] [D] [thread 8664] [32.0] [cxt 0] Parser 'parser' entering state 'start'
[18:13:07.865] [bmv2] [D] [thread 8664] [32.0] [cxt 0] Extracting header 'ethernet'
[18:13:07.865] [bmv2] [D] [thread 8664] [32.0] [cxt 0] Parser state 'start': key is 86dd
[18:13:07.865] [bmv2] [T] [thread 8664] [32.0] [cxt 0] Bytes parsed: 14
[18:13:07.865] [bmv2] [D] [thread 8664] [32.0] [cxt 0] Parser 'parser': end
[18:13:07.865] [bmv2] [D] [thread 8664] [32.0] [cxt 0] Pipeline 'ingress': start
[18:13:07.865] [bmv2] [T] [thread 8664] [32.0] [cxt 0] tiger.p4(290) Condition "hdr.rtp.isValid()" (node_2) is false
[18:13:07.866] [bmv2] [T] [thread 8664] [32.0] [cxt 0] tiger.p4(293) Condition "hdr.tigercy.isValid()" (node_4) is false
[18:13:07.866] [bmv2] [T] [thread 8664] [32.0] [cxt 0] tiger.p4(296) Condition "hdr.ipv4.isValid()" (node_6) is false
[18:13:07.866] [bmv2] [D] [thread 8664] [32.0] [cxt 0] Pipeline 'ingress': end
[18:13:07.866] [bmv2] [D] [thread 8664] [32.0] [cxt 0] Egress port is 0
[18:13:07.866] [bmv2] [D] [thread 8665] [32.0] [cxt 0] Pipeline 'egress': start
[18:13:07.866] [bmv2] [T] [thread 8665] [32.0] [cxt 0] tiger.p4(333) Condition "hdr.mri.isValid()" (node_10) is false
[18:13:07.866] [bmv2] [D] [thread 8665] [32.0] [cxt 0] Pipeline 'egress': end
[18:13:07.866] [bmv2] [D] [thread 8665] [32.0] [cxt 0] Deparser 'deparser': start
[18:13:07.866] [bmv2] [T] [thread 8665] [32.0] [cxt 0] Skipping checksum 'cksum' update because condition not met
[18:13:07.866] [bmv2] [D] [thread 8665] [32.0] [cxt 0] Deparsing header 'ethernet'
[18:13:07.866] [bmv2] [D] [thread 8665] [32.0] [cxt 0] Deparser 'deparser': end
[18:13:07.866] [bmv2] [D] [thread 8669] [32.0] [cxt 0] Transmitting packet of size 70 out of port 0
[18:13:08.381] [bmv2] [D] [thread 8664] [33.0] [cxt 0] Processing packet received on port 3
[18:13:08.381] [bmv2] [D] [thread 8664] [33.0] [cxt 0] Parser 'parser': start
[18:13:08.381] [bmv2] [D] [thread 8664] [33.0] [cxt 0] Parser 'parser' entering state 'start'
[18:13:08.381] [bmv2] [D] [thread 8664] [33.0] [cxt 0] Extracting header 'ethernet'
[18:13:08.382] [bmv2] [D] [thread 8664] [33.0] [cxt 0] Parser state 'start': key is 86dd
[18:13:08.382] [bmv2] [T] [thread 8664] [33.0] [cxt 0] Bytes parsed: 14
[18:13:08.382] [bmv2] [D] [thread 8664] [33.0] [cxt 0] Parser 'parser': end
[18:13:08.382] [bmv2] [D] [thread 8664] [33.0] [cxt 0] Pipeline 'ingress': start
[18:13:08.382] [bmv2] [T] [thread 8664] [33.0] [cxt 0] tiger.p4(290) Condition "hdr.rtp.isValid()" (node_2) is false
[18:13:08.382] [bmv2] [T] [thread 8664] [33.0] [cxt 0] tiger.p4(293) Condition "hdr.tigercy.isValid()" (node_4) is false
[18:13:08.382] [bmv2] [T] [thread 8664] [33.0] [cxt 0] tiger.p4(296) Condition "hdr.ipv4.isValid()" (node_6) is false
[18:13:08.382] [bmv2] [D] [thread 8664] [33.0] [cxt 0] Pipeline 'ingress': end
[18:13:08.382] [bmv2] [D] [thread 8664] [33.0] [cxt 0] Egress port is 0
[18:13:08.382] [bmv2] [D] [thread 8665] [33.0] [cxt 0] Pipeline 'egress': start
[18:13:08.382] [bmv2] [T] [thread 8665] [33.0] [cxt 0] tiger.p4(333) Condition "hdr.mri.isValid()" (node_10) is false
[18:13:08.382] [bmv2] [D] [thread 8665] [33.0] [cxt 0] Pipeline 'egress': end
[18:13:08.382] [bmv2] [D] [thread 8665] [33.0] [cxt 0] Deparser 'deparser': start
[18:13:08.382] [bmv2] [T] [thread 8665] [33.0] [cxt 0] Skipping checksum 'cksum' update because condition not met
[18:13:08.382] [bmv2] [D] [thread 8665] [33.0] [cxt 0] Deparsing header 'ethernet'
[18:13:08.382] [bmv2] [D] [thread 8665] [33.0] [cxt 0] Deparser 'deparser': end
[18:13:08.382] [bmv2] [D] [thread 8669] [33.0] [cxt 0] Transmitting packet of size 70 out of port 0
[18:13:08.637] [bmv2] [D] [thread 8664] [34.0] [cxt 0] Processing packet received on port 3
[18:13:08.637] [bmv2] [D] [thread 8664] [34.0] [cxt 0] Parser 'parser': start
[18:13:08.637] [bmv2] [D] [thread 8664] [34.0] [cxt 0] Parser 'parser' entering state 'start'
[18:13:08.637] [bmv2] [D] [thread 8664] [34.0] [cxt 0] Extracting header 'ethernet'
[18:13:08.637] [bmv2] [D] [thread 8664] [34.0] [cxt 0] Parser state 'start': key is 86dd
[18:13:08.637] [bmv2] [T] [thread 8664] [34.0] [cxt 0] Bytes parsed: 14
[18:13:08.637] [bmv2] [D] [thread 8664] [34.0] [cxt 0] Parser 'parser': end
[18:13:08.637] [bmv2] [D] [thread 8664] [34.0] [cxt 0] Pipeline 'ingress': start
[18:13:08.637] [bmv2] [T] [thread 8664] [34.0] [cxt 0] tiger.p4(290) Condition "hdr.rtp.isValid()" (node_2) is false
[18:13:08.637] [bmv2] [T] [thread 8664] [34.0] [cxt 0] tiger.p4(293) Condition "hdr.tigercy.isValid()" (node_4) is false
[18:13:08.637] [bmv2] [T] [thread 8664] [34.0] [cxt 0] tiger.p4(296) Condition "hdr.ipv4.isValid()" (node_6) is false
[18:13:08.637] [bmv2] [D] [thread 8664] [34.0] [cxt 0] Pipeline 'ingress': end
[18:13:08.637] [bmv2] [D] [thread 8664] [34.0] [cxt 0] Egress port is 0
[18:13:08.638] [bmv2] [D] [thread 8665] [34.0] [cxt 0] Pipeline 'egress': start
[18:13:08.638] [bmv2] [T] [thread 8665] [34.0] [cxt 0] tiger.p4(333) Condition "hdr.mri.isValid()" (node_10) is false
[18:13:08.638] [bmv2] [D] [thread 8665] [34.0] [cxt 0] Pipeline 'egress': end
[18:13:08.638] [bmv2] [D] [thread 8665] [34.0] [cxt 0] Deparser 'deparser': start
[18:13:08.638] [bmv2] [T] [thread 8665] [34.0] [cxt 0] Skipping checksum 'cksum' update because condition not met
[18:13:08.638] [bmv2] [D] [thread 8665] [34.0] [cxt 0] Deparsing header 'ethernet'
[18:13:08.638] [bmv2] [D] [thread 8665] [34.0] [cxt 0] Deparser 'deparser': end
[18:13:08.638] [bmv2] [D] [thread 8669] [34.0] [cxt 0] Transmitting packet of size 70 out of port 0
[18:13:09.145] [bmv2] [D] [thread 8664] [35.0] [cxt 0] Processing packet received on port 4
[18:13:09.145] [bmv2] [D] [thread 8664] [35.0] [cxt 0] Parser 'parser': start
[18:13:09.145] [bmv2] [D] [thread 8664] [35.0] [cxt 0] Parser 'parser' entering state 'start'
[18:13:09.145] [bmv2] [D] [thread 8664] [35.0] [cxt 0] Extracting header 'ethernet'
[18:13:09.145] [bmv2] [D] [thread 8664] [35.0] [cxt 0] Parser state 'start': key is 86dd
[18:13:09.145] [bmv2] [T] [thread 8664] [35.0] [cxt 0] Bytes parsed: 14
[18:13:09.145] [bmv2] [D] [thread 8664] [35.0] [cxt 0] Parser 'parser': end
[18:13:09.146] [bmv2] [D] [thread 8664] [35.0] [cxt 0] Pipeline 'ingress': start
[18:13:09.146] [bmv2] [T] [thread 8664] [35.0] [cxt 0] tiger.p4(290) Condition "hdr.rtp.isValid()" (node_2) is false
[18:13:09.146] [bmv2] [T] [thread 8664] [35.0] [cxt 0] tiger.p4(293) Condition "hdr.tigercy.isValid()" (node_4) is false
[18:13:09.146] [bmv2] [T] [thread 8664] [35.0] [cxt 0] tiger.p4(296) Condition "hdr.ipv4.isValid()" (node_6) is false
[18:13:09.146] [bmv2] [D] [thread 8664] [35.0] [cxt 0] Pipeline 'ingress': end
[18:13:09.146] [bmv2] [D] [thread 8664] [35.0] [cxt 0] Egress port is 0
[18:13:09.146] [bmv2] [D] [thread 8665] [35.0] [cxt 0] Pipeline 'egress': start
[18:13:09.146] [bmv2] [T] [thread 8665] [35.0] [cxt 0] tiger.p4(333) Condition "hdr.mri.isValid()" (node_10) is false
[18:13:09.146] [bmv2] [D] [thread 8665] [35.0] [cxt 0] Pipeline 'egress': end
[18:13:09.146] [bmv2] [D] [thread 8665] [35.0] [cxt 0] Deparser 'deparser': start
[18:13:09.146] [bmv2] [T] [thread 8665] [35.0] [cxt 0] Skipping checksum 'cksum' update because condition not met
[18:13:09.146] [bmv2] [D] [thread 8665] [35.0] [cxt 0] Deparsing header 'ethernet'
[18:13:09.146] [bmv2] [D] [thread 8665] [35.0] [cxt 0] Deparser 'deparser': end
[18:13:09.146] [bmv2] [D] [thread 8669] [35.0] [cxt 0] Transmitting packet of size 70 out of port 0
[18:13:09.922] [bmv2] [D] [thread 8664] [36.0] [cxt 0] Processing packet received on port 1
[18:13:09.922] [bmv2] [D] [thread 8664] [36.0] [cxt 0] Parser 'parser': start
[18:13:09.922] [bmv2] [D] [thread 8664] [36.0] [cxt 0] Parser 'parser' entering state 'start'
[18:13:09.922] [bmv2] [D] [thread 8664] [36.0] [cxt 0] Extracting header 'ethernet'
[18:13:09.922] [bmv2] [D] [thread 8664] [36.0] [cxt 0] Parser state 'start': key is 86dd
[18:13:09.922] [bmv2] [T] [thread 8664] [36.0] [cxt 0] Bytes parsed: 14
[18:13:09.922] [bmv2] [D] [thread 8664] [36.0] [cxt 0] Parser 'parser': end
[18:13:09.922] [bmv2] [D] [thread 8664] [36.0] [cxt 0] Pipeline 'ingress': start
[18:13:09.922] [bmv2] [T] [thread 8664] [36.0] [cxt 0] tiger.p4(290) Condition "hdr.rtp.isValid()" (node_2) is false
[18:13:09.922] [bmv2] [T] [thread 8664] [36.0] [cxt 0] tiger.p4(293) Condition "hdr.tigercy.isValid()" (node_4) is false
[18:13:09.922] [bmv2] [T] [thread 8664] [36.0] [cxt 0] tiger.p4(296) Condition "hdr.ipv4.isValid()" (node_6) is false
[18:13:09.922] [bmv2] [D] [thread 8664] [36.0] [cxt 0] Pipeline 'ingress': end
[18:13:09.922] [bmv2] [D] [thread 8664] [36.0] [cxt 0] Egress port is 0
[18:13:09.922] [bmv2] [D] [thread 8665] [36.0] [cxt 0] Pipeline 'egress': start
[18:13:09.922] [bmv2] [T] [thread 8665] [36.0] [cxt 0] tiger.p4(333) Condition "hdr.mri.isValid()" (node_10) is false
[18:13:09.922] [bmv2] [D] [thread 8665] [36.0] [cxt 0] Pipeline 'egress': end
[18:13:09.922] [bmv2] [D] [thread 8665] [36.0] [cxt 0] Deparser 'deparser': start
[18:13:09.922] [bmv2] [T] [thread 8665] [36.0] [cxt 0] Skipping checksum 'cksum' update because condition not met
[18:13:09.922] [bmv2] [D] [thread 8665] [36.0] [cxt 0] Deparsing header 'ethernet'
[18:13:09.922] [bmv2] [D] [thread 8665] [36.0] [cxt 0] Deparser 'deparser': end
[18:13:09.922] [bmv2] [D] [thread 8669] [36.0] [cxt 0] Transmitting packet of size 70 out of port 0
[18:13:10.425] [bmv2] [D] [thread 8664] [37.0] [cxt 0] Processing packet received on port 2
[18:13:10.425] [bmv2] [D] [thread 8664] [37.0] [cxt 0] Parser 'parser': start
[18:13:10.425] [bmv2] [D] [thread 8664] [37.0] [cxt 0] Parser 'parser' entering state 'start'
[18:13:10.425] [bmv2] [D] [thread 8664] [37.0] [cxt 0] Extracting header 'ethernet'
[18:13:10.425] [bmv2] [D] [thread 8664] [37.0] [cxt 0] Parser state 'start': key is 86dd
[18:13:10.425] [bmv2] [T] [thread 8664] [37.0] [cxt 0] Bytes parsed: 14
[18:13:10.425] [bmv2] [D] [thread 8664] [37.0] [cxt 0] Parser 'parser': end
[18:13:10.425] [bmv2] [D] [thread 8664] [37.0] [cxt 0] Pipeline 'ingress': start
[18:13:10.425] [bmv2] [T] [thread 8664] [37.0] [cxt 0] tiger.p4(290) Condition "hdr.rtp.isValid()" (node_2) is false
[18:13:10.425] [bmv2] [T] [thread 8664] [37.0] [cxt 0] tiger.p4(293) Condition "hdr.tigercy.isValid()" (node_4) is false
[18:13:10.425] [bmv2] [T] [thread 8664] [37.0] [cxt 0] tiger.p4(296) Condition "hdr.ipv4.isValid()" (node_6) is false
[18:13:10.425] [bmv2] [D] [thread 8664] [37.0] [cxt 0] Pipeline 'ingress': end
[18:13:10.426] [bmv2] [D] [thread 8664] [37.0] [cxt 0] Egress port is 0
[18:13:10.426] [bmv2] [D] [thread 8665] [37.0] [cxt 0] Pipeline 'egress': start
[18:13:10.426] [bmv2] [T] [thread 8665] [37.0] [cxt 0] tiger.p4(333) Condition "hdr.mri.isValid()" (node_10) is false
[18:13:10.426] [bmv2] [D] [thread 8665] [37.0] [cxt 0] Pipeline 'egress': end
[18:13:10.426] [bmv2] [D] [thread 8665] [37.0] [cxt 0] Deparser 'deparser': start
[18:13:10.426] [bmv2] [T] [thread 8665] [37.0] [cxt 0] Skipping checksum 'cksum' update because condition not met
[18:13:10.426] [bmv2] [D] [thread 8665] [37.0] [cxt 0] Deparsing header 'ethernet'
[18:13:10.426] [bmv2] [D] [thread 8665] [37.0] [cxt 0] Deparser 'deparser': end
[18:13:10.426] [bmv2] [D] [thread 8669] [37.0] [cxt 0] Transmitting packet of size 70 out of port 0
[18:13:21.947] [bmv2] [D] [thread 8664] [38.0] [cxt 0] Processing packet received on port 4
[18:13:21.947] [bmv2] [D] [thread 8664] [38.0] [cxt 0] Parser 'parser': start
[18:13:21.947] [bmv2] [D] [thread 8664] [38.0] [cxt 0] Parser 'parser' entering state 'start'
[18:13:21.947] [bmv2] [D] [thread 8664] [38.0] [cxt 0] Extracting header 'ethernet'
[18:13:21.947] [bmv2] [D] [thread 8664] [38.0] [cxt 0] Parser state 'start': key is 86dd
[18:13:21.947] [bmv2] [T] [thread 8664] [38.0] [cxt 0] Bytes parsed: 14
[18:13:21.947] [bmv2] [D] [thread 8664] [38.0] [cxt 0] Parser 'parser': end
[18:13:21.947] [bmv2] [D] [thread 8664] [38.0] [cxt 0] Pipeline 'ingress': start
[18:13:21.947] [bmv2] [T] [thread 8664] [38.0] [cxt 0] tiger.p4(290) Condition "hdr.rtp.isValid()" (node_2) is false
[18:13:21.948] [bmv2] [T] [thread 8664] [38.0] [cxt 0] tiger.p4(293) Condition "hdr.tigercy.isValid()" (node_4) is false
[18:13:21.948] [bmv2] [T] [thread 8664] [38.0] [cxt 0] tiger.p4(296) Condition "hdr.ipv4.isValid()" (node_6) is false
[18:13:21.948] [bmv2] [D] [thread 8664] [38.0] [cxt 0] Pipeline 'ingress': end
[18:13:21.948] [bmv2] [D] [thread 8664] [38.0] [cxt 0] Egress port is 0
[18:13:21.948] [bmv2] [D] [thread 8665] [38.0] [cxt 0] Pipeline 'egress': start
[18:13:21.948] [bmv2] [T] [thread 8665] [38.0] [cxt 0] tiger.p4(333) Condition "hdr.mri.isValid()" (node_10) is false
[18:13:21.948] [bmv2] [D] [thread 8665] [38.0] [cxt 0] Pipeline 'egress': end
[18:13:21.948] [bmv2] [D] [thread 8665] [38.0] [cxt 0] Deparser 'deparser': start
[18:13:21.948] [bmv2] [T] [thread 8665] [38.0] [cxt 0] Skipping checksum 'cksum' update because condition not met
[18:13:21.948] [bmv2] [D] [thread 8665] [38.0] [cxt 0] Deparsing header 'ethernet'
[18:13:21.948] [bmv2] [D] [thread 8665] [38.0] [cxt 0] Deparser 'deparser': end
[18:13:21.948] [bmv2] [D] [thread 8669] [38.0] [cxt 0] Transmitting packet of size 70 out of port 0
[18:13:23.751] [bmv2] [D] [thread 8664] [39.0] [cxt 0] Processing packet received on port 3
[18:13:23.751] [bmv2] [D] [thread 8664] [39.0] [cxt 0] Parser 'parser': start
[18:13:23.751] [bmv2] [D] [thread 8664] [39.0] [cxt 0] Parser 'parser' entering state 'start'
[18:13:23.751] [bmv2] [D] [thread 8664] [39.0] [cxt 0] Extracting header 'ethernet'
[18:13:23.751] [bmv2] [D] [thread 8664] [39.0] [cxt 0] Parser state 'start': key is 86dd
[18:13:23.751] [bmv2] [T] [thread 8664] [39.0] [cxt 0] Bytes parsed: 14
[18:13:23.751] [bmv2] [D] [thread 8664] [39.0] [cxt 0] Parser 'parser': end
[18:13:23.751] [bmv2] [D] [thread 8664] [39.0] [cxt 0] Pipeline 'ingress': start
[18:13:23.751] [bmv2] [T] [thread 8664] [39.0] [cxt 0] tiger.p4(290) Condition "hdr.rtp.isValid()" (node_2) is false
[18:13:23.751] [bmv2] [T] [thread 8664] [39.0] [cxt 0] tiger.p4(293) Condition "hdr.tigercy.isValid()" (node_4) is false
[18:13:23.751] [bmv2] [T] [thread 8664] [39.0] [cxt 0] tiger.p4(296) Condition "hdr.ipv4.isValid()" (node_6) is false
[18:13:23.751] [bmv2] [D] [thread 8664] [39.0] [cxt 0] Pipeline 'ingress': end
[18:13:23.751] [bmv2] [D] [thread 8664] [39.0] [cxt 0] Egress port is 0
[18:13:23.751] [bmv2] [D] [thread 8665] [39.0] [cxt 0] Pipeline 'egress': start
[18:13:23.751] [bmv2] [T] [thread 8665] [39.0] [cxt 0] tiger.p4(333) Condition "hdr.mri.isValid()" (node_10) is false
[18:13:23.751] [bmv2] [D] [thread 8665] [39.0] [cxt 0] Pipeline 'egress': end
[18:13:23.751] [bmv2] [D] [thread 8665] [39.0] [cxt 0] Deparser 'deparser': start
[18:13:23.751] [bmv2] [T] [thread 8665] [39.0] [cxt 0] Skipping checksum 'cksum' update because condition not met
[18:13:23.751] [bmv2] [D] [thread 8665] [39.0] [cxt 0] Deparsing header 'ethernet'
[18:13:23.751] [bmv2] [D] [thread 8665] [39.0] [cxt 0] Deparser 'deparser': end
[18:13:23.751] [bmv2] [D] [thread 8669] [39.0] [cxt 0] Transmitting packet of size 70 out of port 0
[18:13:24.505] [bmv2] [D] [thread 8664] [40.0] [cxt 0] Processing packet received on port 3
[18:13:24.505] [bmv2] [D] [thread 8664] [40.0] [cxt 0] Parser 'parser': start
[18:13:24.505] [bmv2] [D] [thread 8664] [40.0] [cxt 0] Parser 'parser' entering state 'start'
[18:13:24.505] [bmv2] [D] [thread 8664] [40.0] [cxt 0] Extracting header 'ethernet'
[18:13:24.505] [bmv2] [D] [thread 8664] [40.0] [cxt 0] Parser state 'start': key is 86dd
[18:13:24.505] [bmv2] [T] [thread 8664] [40.0] [cxt 0] Bytes parsed: 14
[18:13:24.505] [bmv2] [D] [thread 8664] [40.0] [cxt 0] Parser 'parser': end
[18:13:24.505] [bmv2] [D] [thread 8664] [40.0] [cxt 0] Pipeline 'ingress': start
[18:13:24.505] [bmv2] [T] [thread 8664] [40.0] [cxt 0] tiger.p4(290) Condition "hdr.rtp.isValid()" (node_2) is false
[18:13:24.505] [bmv2] [T] [thread 8664] [40.0] [cxt 0] tiger.p4(293) Condition "hdr.tigercy.isValid()" (node_4) is false
[18:13:24.505] [bmv2] [T] [thread 8664] [40.0] [cxt 0] tiger.p4(296) Condition "hdr.ipv4.isValid()" (node_6) is false
[18:13:24.505] [bmv2] [D] [thread 8664] [40.0] [cxt 0] Pipeline 'ingress': end
[18:13:24.505] [bmv2] [D] [thread 8664] [40.0] [cxt 0] Egress port is 0
[18:13:24.506] [bmv2] [D] [thread 8665] [40.0] [cxt 0] Pipeline 'egress': start
[18:13:24.506] [bmv2] [T] [thread 8665] [40.0] [cxt 0] tiger.p4(333) Condition "hdr.mri.isValid()" (node_10) is false
[18:13:24.506] [bmv2] [D] [thread 8665] [40.0] [cxt 0] Pipeline 'egress': end
[18:13:24.506] [bmv2] [D] [thread 8665] [40.0] [cxt 0] Deparser 'deparser': start
[18:13:24.506] [bmv2] [T] [thread 8665] [40.0] [cxt 0] Skipping checksum 'cksum' update because condition not met
[18:13:24.506] [bmv2] [D] [thread 8665] [40.0] [cxt 0] Deparsing header 'ethernet'
[18:13:24.506] [bmv2] [D] [thread 8665] [40.0] [cxt 0] Deparser 'deparser': end
[18:13:24.506] [bmv2] [D] [thread 8669] [40.0] [cxt 0] Transmitting packet of size 70 out of port 0
[18:13:25.787] [bmv2] [D] [thread 8664] [41.0] [cxt 0] Processing packet received on port 4
[18:13:25.787] [bmv2] [D] [thread 8664] [41.0] [cxt 0] Parser 'parser': start
[18:13:25.788] [bmv2] [D] [thread 8664] [41.0] [cxt 0] Parser 'parser' entering state 'start'
[18:13:25.788] [bmv2] [D] [thread 8664] [41.0] [cxt 0] Extracting header 'ethernet'
[18:13:25.788] [bmv2] [D] [thread 8664] [41.0] [cxt 0] Parser state 'start': key is 86dd
[18:13:25.788] [bmv2] [T] [thread 8664] [41.0] [cxt 0] Bytes parsed: 14
[18:13:25.788] [bmv2] [D] [thread 8664] [41.0] [cxt 0] Parser 'parser': end
[18:13:25.788] [bmv2] [D] [thread 8664] [41.0] [cxt 0] Pipeline 'ingress': start
[18:13:25.788] [bmv2] [T] [thread 8664] [41.0] [cxt 0] tiger.p4(290) Condition "hdr.rtp.isValid()" (node_2) is false
[18:13:25.788] [bmv2] [T] [thread 8664] [41.0] [cxt 0] tiger.p4(293) Condition "hdr.tigercy.isValid()" (node_4) is false
[18:13:25.788] [bmv2] [T] [thread 8664] [41.0] [cxt 0] tiger.p4(296) Condition "hdr.ipv4.isValid()" (node_6) is false
[18:13:25.788] [bmv2] [D] [thread 8664] [41.0] [cxt 0] Pipeline 'ingress': end
[18:13:25.788] [bmv2] [D] [thread 8664] [41.0] [cxt 0] Egress port is 0
[18:13:25.788] [bmv2] [D] [thread 8665] [41.0] [cxt 0] Pipeline 'egress': start
[18:13:25.788] [bmv2] [T] [thread 8665] [41.0] [cxt 0] tiger.p4(333) Condition "hdr.mri.isValid()" (node_10) is false
[18:13:25.788] [bmv2] [D] [thread 8665] [41.0] [cxt 0] Pipeline 'egress': end
[18:13:25.788] [bmv2] [D] [thread 8665] [41.0] [cxt 0] Deparser 'deparser': start
[18:13:25.788] [bmv2] [T] [thread 8665] [41.0] [cxt 0] Skipping checksum 'cksum' update because condition not met
[18:13:25.788] [bmv2] [D] [thread 8665] [41.0] [cxt 0] Deparsing header 'ethernet'
[18:13:25.788] [bmv2] [D] [thread 8665] [41.0] [cxt 0] Deparser 'deparser': end
[18:13:25.788] [bmv2] [D] [thread 8669] [41.0] [cxt 0] Transmitting packet of size 70 out of port 0
[18:13:27.833] [bmv2] [D] [thread 8664] [42.0] [cxt 0] Processing packet received on port 1
[18:13:27.833] [bmv2] [D] [thread 8664] [42.0] [cxt 0] Parser 'parser': start
[18:13:27.833] [bmv2] [D] [thread 8664] [42.0] [cxt 0] Parser 'parser' entering state 'start'
[18:13:27.833] [bmv2] [D] [thread 8664] [42.0] [cxt 0] Extracting header 'ethernet'
[18:13:27.833] [bmv2] [D] [thread 8664] [42.0] [cxt 0] Parser state 'start': key is 86dd
[18:13:27.833] [bmv2] [T] [thread 8664] [42.0] [cxt 0] Bytes parsed: 14
[18:13:27.833] [bmv2] [D] [thread 8664] [42.0] [cxt 0] Parser 'parser': end
[18:13:27.833] [bmv2] [D] [thread 8664] [42.0] [cxt 0] Pipeline 'ingress': start
[18:13:27.833] [bmv2] [T] [thread 8664] [42.0] [cxt 0] tiger.p4(290) Condition "hdr.rtp.isValid()" (node_2) is false
[18:13:27.833] [bmv2] [T] [thread 8664] [42.0] [cxt 0] tiger.p4(293) Condition "hdr.tigercy.isValid()" (node_4) is false
[18:13:27.833] [bmv2] [T] [thread 8664] [42.0] [cxt 0] tiger.p4(296) Condition "hdr.ipv4.isValid()" (node_6) is false
[18:13:27.833] [bmv2] [D] [thread 8664] [42.0] [cxt 0] Pipeline 'ingress': end
[18:13:27.833] [bmv2] [D] [thread 8664] [42.0] [cxt 0] Egress port is 0
[18:13:27.833] [bmv2] [D] [thread 8665] [42.0] [cxt 0] Pipeline 'egress': start
[18:13:27.833] [bmv2] [T] [thread 8665] [42.0] [cxt 0] tiger.p4(333) Condition "hdr.mri.isValid()" (node_10) is false
[18:13:27.833] [bmv2] [D] [thread 8665] [42.0] [cxt 0] Pipeline 'egress': end
[18:13:27.833] [bmv2] [D] [thread 8665] [42.0] [cxt 0] Deparser 'deparser': start
[18:13:27.833] [bmv2] [T] [thread 8665] [42.0] [cxt 0] Skipping checksum 'cksum' update because condition not met
[18:13:27.833] [bmv2] [D] [thread 8665] [42.0] [cxt 0] Deparsing header 'ethernet'
[18:13:27.833] [bmv2] [D] [thread 8665] [42.0] [cxt 0] Deparser 'deparser': end
[18:13:27.834] [bmv2] [D] [thread 8669] [42.0] [cxt 0] Transmitting packet of size 70 out of port 0
[18:13:29.882] [bmv2] [D] [thread 8664] [43.0] [cxt 0] Processing packet received on port 2
[18:13:29.882] [bmv2] [D] [thread 8664] [43.0] [cxt 0] Parser 'parser': start
[18:13:29.882] [bmv2] [D] [thread 8664] [43.0] [cxt 0] Parser 'parser' entering state 'start'
[18:13:29.882] [bmv2] [D] [thread 8664] [43.0] [cxt 0] Extracting header 'ethernet'
[18:13:29.882] [bmv2] [D] [thread 8664] [43.0] [cxt 0] Parser state 'start': key is 86dd
[18:13:29.882] [bmv2] [T] [thread 8664] [43.0] [cxt 0] Bytes parsed: 14
[18:13:29.882] [bmv2] [D] [thread 8664] [43.0] [cxt 0] Parser 'parser': end
[18:13:29.882] [bmv2] [D] [thread 8664] [43.0] [cxt 0] Pipeline 'ingress': start
[18:13:29.882] [bmv2] [T] [thread 8664] [43.0] [cxt 0] tiger.p4(290) Condition "hdr.rtp.isValid()" (node_2) is false
[18:13:29.882] [bmv2] [T] [thread 8664] [43.0] [cxt 0] tiger.p4(293) Condition "hdr.tigercy.isValid()" (node_4) is false
[18:13:29.882] [bmv2] [T] [thread 8664] [43.0] [cxt 0] tiger.p4(296) Condition "hdr.ipv4.isValid()" (node_6) is false
[18:13:29.882] [bmv2] [D] [thread 8664] [43.0] [cxt 0] Pipeline 'ingress': end
[18:13:29.882] [bmv2] [D] [thread 8664] [43.0] [cxt 0] Egress port is 0
[18:13:29.882] [bmv2] [D] [thread 8665] [43.0] [cxt 0] Pipeline 'egress': start
[18:13:29.882] [bmv2] [T] [thread 8665] [43.0] [cxt 0] tiger.p4(333) Condition "hdr.mri.isValid()" (node_10) is false
[18:13:29.882] [bmv2] [D] [thread 8665] [43.0] [cxt 0] Pipeline 'egress': end
[18:13:29.882] [bmv2] [D] [thread 8665] [43.0] [cxt 0] Deparser 'deparser': start
[18:13:29.882] [bmv2] [T] [thread 8665] [43.0] [cxt 0] Skipping checksum 'cksum' update because condition not met
[18:13:29.882] [bmv2] [D] [thread 8665] [43.0] [cxt 0] Deparsing header 'ethernet'
[18:13:29.882] [bmv2] [D] [thread 8665] [43.0] [cxt 0] Deparser 'deparser': end
[18:13:29.882] [bmv2] [D] [thread 8669] [43.0] [cxt 0] Transmitting packet of size 70 out of port 0
