Calling target program-options parser
Adding interface s2-eth1 as port 1
[18:12:56.247] [bmv2] [D] [thread 8607] Adding interface s2-eth1 as port 1
Adding interface s2-eth2 as port 2
[18:12:56.278] [bmv2] [D] [thread 8607] Adding interface s2-eth2 as port 2
Adding interface s2-eth3 as port 3
[18:12:56.309] [bmv2] [D] [thread 8607] Adding interface s2-eth3 as port 3
Adding interface s2-eth4 as port 4
[18:12:56.342] [bmv2] [D] [thread 8607] Adding interface s2-eth4 as port 4
Server listening on 0.0.0.0:50052
[18:12:56.387] [bmv2] [I] [thread 8607] Starting Thrift server on port 9091
[18:12:56.387] [bmv2] [I] [thread 8607] Thrift server was started
[18:12:59.475] [bmv2] [W] [thread 8673] [P4Runtime] p4::tmp::P4DeviceConfig is deprecated
[18:12:59.477] [bmv2] [D] [thread 8673] Set default default entry for table 'MyIngress.rtp_lpm': MyIngress.drop - 
[18:12:59.477] [bmv2] [D] [thread 8673] Set default default entry for table 'MyIngress.tigercy_lpm': MyIngress.drop - 
[18:12:59.477] [bmv2] [D] [thread 8673] Set default default entry for table 'MyIngress.ipv4_lpm': MyIngress.drop - 
[18:12:59.477] [bmv2] [D] [thread 8673] Set default default entry for table 'MyEgress.swtrace': NoAction - 
[18:12:59.478] [bmv2] [D] [thread 8673] simple_switch target has been notified of a config swap
[18:12:59.479] [bmv2] [D] [thread 8674] Set default entry for table 'MyIngress.ipv4_lpm': MyIngress.drop - 
[18:12:59.479] [bmv2] [D] [thread 8681] [0.0] [cxt 0] Processing packet received on port 1
[18:12:59.479] [bmv2] [D] [thread 8681] [0.0] [cxt 0] Parser 'parser': start
[18:12:59.479] [bmv2] [D] [thread 8681] [0.0] [cxt 0] Parser 'parser' entering state 'start'
[18:12:59.479] [bmv2] [D] [thread 8681] [0.0] [cxt 0] Extracting header 'ethernet'
[18:12:59.479] [bmv2] [D] [thread 8681] [0.0] [cxt 0] Parser state 'start': key is 86dd
[18:12:59.479] [bmv2] [T] [thread 8681] [0.0] [cxt 0] Bytes parsed: 14
[18:12:59.479] [bmv2] [D] [thread 8681] [0.0] [cxt 0] Parser 'parser': end
[18:12:59.479] [bmv2] [D] [thread 8681] [0.0] [cxt 0] Pipeline 'ingress': start
[18:12:59.479] [bmv2] [T] [thread 8681] [0.0] [cxt 0] tiger.p4(290) Condition "hdr.rtp.isValid()" (node_2) is false
[18:12:59.479] [bmv2] [T] [thread 8681] [0.0] [cxt 0] tiger.p4(293) Condition "hdr.tigercy.isValid()" (node_4) is false
[18:12:59.479] [bmv2] [D] [thread 8673] Set default entry for table 'MyIngress.tigercy_lpm': MyIngress.drop - 
[18:12:59.479] [bmv2] [T] [thread 8681] [0.0] [cxt 0] tiger.p4(296) Condition "hdr.ipv4.isValid()" (node_6) is false
[18:12:59.480] [bmv2] [D] [thread 8681] [0.0] [cxt 0] Pipeline 'ingress': end
[18:12:59.480] [bmv2] [D] [thread 8681] [0.0] [cxt 0] Egress port is 0
[18:12:59.480] [bmv2] [D] [thread 8682] [0.0] [cxt 0] Pipeline 'egress': start
[18:12:59.480] [bmv2] [T] [thread 8682] [0.0] [cxt 0] tiger.p4(333) Condition "hdr.mri.isValid()" (node_10) is false
[18:12:59.480] [bmv2] [D] [thread 8682] [0.0] [cxt 0] Pipeline 'egress': end
[18:12:59.480] [bmv2] [D] [thread 8682] [0.0] [cxt 0] Deparser 'deparser': start
[18:12:59.480] [bmv2] [T] [thread 8682] [0.0] [cxt 0] Skipping checksum 'cksum' update because condition not met
[18:12:59.480] [bmv2] [D] [thread 8682] [0.0] [cxt 0] Deparsing header 'ethernet'
[18:12:59.480] [bmv2] [D] [thread 8682] [0.0] [cxt 0] Deparser 'deparser': end
[18:12:59.480] [bmv2] [D] [thread 8674] Set default entry for table 'MyIngress.rtp_lpm': MyIngress.drop - 
[18:12:59.480] [bmv2] [D] [thread 8686] [0.0] [cxt 0] Transmitting packet of size 90 out of port 0
[18:12:59.480] [bmv2] [D] [thread 8681] [1.0] [cxt 0] Processing packet received on port 2
[18:12:59.480] [bmv2] [D] [thread 8681] [1.0] [cxt 0] Parser 'parser': start
[18:12:59.480] [bmv2] [D] [thread 8681] [1.0] [cxt 0] Parser 'parser' entering state 'start'
[18:12:59.480] [bmv2] [D] [thread 8681] [1.0] [cxt 0] Extracting header 'ethernet'
[18:12:59.480] [bmv2] [D] [thread 8681] [1.0] [cxt 0] Parser state 'start': key is 86dd
[18:12:59.480] [bmv2] [T] [thread 8681] [1.0] [cxt 0] Bytes parsed: 14
[18:12:59.480] [bmv2] [D] [thread 8681] [1.0] [cxt 0] Parser 'parser': end
[18:12:59.480] [bmv2] [D] [thread 8681] [1.0] [cxt 0] Pipeline 'ingress': start
[18:12:59.480] [bmv2] [T] [thread 8681] [1.0] [cxt 0] tiger.p4(290) Condition "hdr.rtp.isValid()" (node_2) is false
[18:12:59.480] [bmv2] [T] [thread 8681] [1.0] [cxt 0] tiger.p4(293) Condition "hdr.tigercy.isValid()" (node_4) is false
[18:12:59.480] [bmv2] [T] [thread 8681] [1.0] [cxt 0] tiger.p4(296) Condition "hdr.ipv4.isValid()" (node_6) is false
[18:12:59.480] [bmv2] [D] [thread 8681] [1.0] [cxt 0] Pipeline 'ingress': end
[18:12:59.480] [bmv2] [D] [thread 8681] [1.0] [cxt 0] Egress port is 0
[18:12:59.480] [bmv2] [D] [thread 8682] [1.0] [cxt 0] Pipeline 'egress': start
[18:12:59.480] [bmv2] [T] [thread 8682] [1.0] [cxt 0] tiger.p4(333) Condition "hdr.mri.isValid()" (node_10) is false
[18:12:59.480] [bmv2] [D] [thread 8673] Entry 0 added to table 'MyIngress.ipv4_lpm'
[18:12:59.480] [bmv2] [D] [thread 8673] Dumping entry 0
Match key:
* hdr.ipv4.dstAddr    : LPM       0a000101/32
Action entry: MyIngress.ipv4_forward - 80000000100,3,

[18:12:59.480] [bmv2] [D] [thread 8682] [1.0] [cxt 0] Pipeline 'egress': end
[18:12:59.481] [bmv2] [D] [thread 8682] [1.0] [cxt 0] Deparser 'deparser': start
[18:12:59.481] [bmv2] [T] [thread 8682] [1.0] [cxt 0] Skipping checksum 'cksum' update because condition not met
[18:12:59.481] [bmv2] [D] [thread 8682] [1.0] [cxt 0] Deparsing header 'ethernet'
[18:12:59.481] [bmv2] [D] [thread 8682] [1.0] [cxt 0] Deparser 'deparser': end
[18:12:59.481] [bmv2] [D] [thread 8674] Entry 1 added to table 'MyIngress.ipv4_lpm'
[18:12:59.481] [bmv2] [D] [thread 8674] Dumping entry 1
Match key:
* hdr.ipv4.dstAddr    : LPM       0a000202/32
Action entry: MyIngress.ipv4_forward - 80000000200,4,

[18:12:59.481] [bmv2] [D] [thread 8686] [1.0] [cxt 0] Transmitting packet of size 90 out of port 0
[18:12:59.481] [bmv2] [D] [thread 8681] [2.0] [cxt 0] Processing packet received on port 3
[18:12:59.481] [bmv2] [D] [thread 8681] [2.0] [cxt 0] Parser 'parser': start
[18:12:59.481] [bmv2] [D] [thread 8681] [2.0] [cxt 0] Parser 'parser' entering state 'start'
[18:12:59.481] [bmv2] [D] [thread 8681] [2.0] [cxt 0] Extracting header 'ethernet'
[18:12:59.481] [bmv2] [D] [thread 8681] [2.0] [cxt 0] Parser state 'start': key is 86dd
[18:12:59.481] [bmv2] [T] [thread 8681] [2.0] [cxt 0] Bytes parsed: 14
[18:12:59.481] [bmv2] [D] [thread 8681] [2.0] [cxt 0] Parser 'parser': end
[18:12:59.481] [bmv2] [D] [thread 8681] [2.0] [cxt 0] Pipeline 'ingress': start
[18:12:59.481] [bmv2] [T] [thread 8681] [2.0] [cxt 0] tiger.p4(290) Condition "hdr.rtp.isValid()" (node_2) is false
[18:12:59.481] [bmv2] [T] [thread 8681] [2.0] [cxt 0] tiger.p4(293) Condition "hdr.tigercy.isValid()" (node_4) is false
[18:12:59.481] [bmv2] [T] [thread 8681] [2.0] [cxt 0] tiger.p4(296) Condition "hdr.ipv4.isValid()" (node_6) is false
[18:12:59.481] [bmv2] [D] [thread 8681] [2.0] [cxt 0] Pipeline 'ingress': end
[18:12:59.481] [bmv2] [D] [thread 8681] [2.0] [cxt 0] Egress port is 0
[18:12:59.481] [bmv2] [D] [thread 8681] [3.0] [cxt 0] Processing packet received on port 4
[18:12:59.481] [bmv2] [D] [thread 8681] [3.0] [cxt 0] Parser 'parser': start
[18:12:59.481] [bmv2] [D] [thread 8681] [3.0] [cxt 0] Parser 'parser' entering state 'start'
[18:12:59.481] [bmv2] [D] [thread 8681] [3.0] [cxt 0] Extracting header 'ethernet'
[18:12:59.481] [bmv2] [D] [thread 8673] Entry 2 added to table 'MyIngress.ipv4_lpm'
[18:12:59.481] [bmv2] [D] [thread 8673] Dumping entry 2
Match key:
* hdr.ipv4.dstAddr    : LPM       0a000404/32
Action entry: MyIngress.ipv4_forward - 80000000444,2,

[18:12:59.481] [bmv2] [D] [thread 8682] [2.0] [cxt 0] Pipeline 'egress': start
[18:12:59.481] [bmv2] [T] [thread 8682] [2.0] [cxt 0] tiger.p4(333) Condition "hdr.mri.isValid()" (node_10) is false
[18:12:59.481] [bmv2] [D] [thread 8682] [2.0] [cxt 0] Pipeline 'egress': end
[18:12:59.481] [bmv2] [D] [thread 8682] [2.0] [cxt 0] Deparser 'deparser': start
[18:12:59.481] [bmv2] [T] [thread 8682] [2.0] [cxt 0] Skipping checksum 'cksum' update because condition not met
[18:12:59.481] [bmv2] [D] [thread 8682] [2.0] [cxt 0] Deparsing header 'ethernet'
[18:12:59.481] [bmv2] [D] [thread 8682] [2.0] [cxt 0] Deparser 'deparser': end
[18:12:59.481] [bmv2] [D] [thread 8681] [3.0] [cxt 0] Parser state 'start': key is 86dd
[18:12:59.481] [bmv2] [T] [thread 8681] [3.0] [cxt 0] Bytes parsed: 14
[18:12:59.481] [bmv2] [D] [thread 8681] [3.0] [cxt 0] Parser 'parser': end
[18:12:59.481] [bmv2] [D] [thread 8681] [3.0] [cxt 0] Pipeline 'ingress': start
[18:12:59.481] [bmv2] [T] [thread 8681] [3.0] [cxt 0] tiger.p4(290) Condition "hdr.rtp.isValid()" (node_2) is false
[18:12:59.481] [bmv2] [T] [thread 8681] [3.0] [cxt 0] tiger.p4(293) Condition "hdr.tigercy.isValid()" (node_4) is false
[18:12:59.481] [bmv2] [T] [thread 8681] [3.0] [cxt 0] tiger.p4(296) Condition "hdr.ipv4.isValid()" (node_6) is false
[18:12:59.481] [bmv2] [D] [thread 8681] [3.0] [cxt 0] Pipeline 'ingress': end
[18:12:59.481] [bmv2] [D] [thread 8686] [2.0] [cxt 0] Transmitting packet of size 90 out of port 0
[18:12:59.482] [bmv2] [D] [thread 8681] [3.0] [cxt 0] Egress port is 0
[18:12:59.482] [bmv2] [D] [thread 8682] [3.0] [cxt 0] Pipeline 'egress': start
[18:12:59.482] [bmv2] [T] [thread 8682] [3.0] [cxt 0] tiger.p4(333) Condition "hdr.mri.isValid()" (node_10) is false
[18:12:59.482] [bmv2] [D] [thread 8682] [3.0] [cxt 0] Pipeline 'egress': end
[18:12:59.482] [bmv2] [D] [thread 8682] [3.0] [cxt 0] Deparser 'deparser': start
[18:12:59.482] [bmv2] [T] [thread 8682] [3.0] [cxt 0] Skipping checksum 'cksum' update because condition not met
[18:12:59.482] [bmv2] [D] [thread 8682] [3.0] [cxt 0] Deparsing header 'ethernet'
[18:12:59.482] [bmv2] [D] [thread 8682] [3.0] [cxt 0] Deparser 'deparser': end
[18:12:59.482] [bmv2] [D] [thread 8674] Entry 3 added to table 'MyIngress.ipv4_lpm'
[18:12:59.482] [bmv2] [D] [thread 8674] Dumping entry 3
Match key:
* hdr.ipv4.dstAddr    : LPM       0a000303/32
Action entry: MyIngress.ipv4_forward - 80000000333,1,

[18:12:59.482] [bmv2] [D] [thread 8686] [3.0] [cxt 0] Transmitting packet of size 90 out of port 0
[18:12:59.482] [bmv2] [D] [thread 8681] [4.0] [cxt 0] Processing packet received on port 1
[18:12:59.482] [bmv2] [D] [thread 8681] [4.0] [cxt 0] Parser 'parser': start
[18:12:59.482] [bmv2] [D] [thread 8681] [4.0] [cxt 0] Parser 'parser' entering state 'start'
[18:12:59.482] [bmv2] [D] [thread 8681] [4.0] [cxt 0] Extracting header 'ethernet'
[18:12:59.482] [bmv2] [D] [thread 8681] [4.0] [cxt 0] Parser state 'start': key is 86dd
[18:12:59.482] [bmv2] [T] [thread 8681] [4.0] [cxt 0] Bytes parsed: 14
[18:12:59.482] [bmv2] [D] [thread 8681] [4.0] [cxt 0] Parser 'parser': end
[18:12:59.482] [bmv2] [D] [thread 8681] [4.0] [cxt 0] Pipeline 'ingress': start
[18:12:59.482] [bmv2] [T] [thread 8681] [4.0] [cxt 0] tiger.p4(290) Condition "hdr.rtp.isValid()" (node_2) is false
[18:12:59.482] [bmv2] [T] [thread 8681] [4.0] [cxt 0] tiger.p4(293) Condition "hdr.tigercy.isValid()" (node_4) is false
[18:12:59.482] [bmv2] [T] [thread 8681] [4.0] [cxt 0] tiger.p4(296) Condition "hdr.ipv4.isValid()" (node_6) is false
[18:12:59.482] [bmv2] [D] [thread 8681] [4.0] [cxt 0] Pipeline 'ingress': end
[18:12:59.482] [bmv2] [D] [thread 8681] [4.0] [cxt 0] Egress port is 0
[18:12:59.482] [bmv2] [D] [thread 8681] [5.0] [cxt 0] Processing packet received on port 2
[18:12:59.482] [bmv2] [D] [thread 8681] [5.0] [cxt 0] Parser 'parser': start
[18:12:59.482] [bmv2] [D] [thread 8681] [5.0] [cxt 0] Parser 'parser' entering state 'start'
[18:12:59.482] [bmv2] [D] [thread 8681] [5.0] [cxt 0] Extracting header 'ethernet'
[18:12:59.482] [bmv2] [D] [thread 8681] [5.0] [cxt 0] Parser state 'start': key is 86dd
[18:12:59.482] [bmv2] [T] [thread 8681] [5.0] [cxt 0] Bytes parsed: 14
[18:12:59.482] [bmv2] [D] [thread 8681] [5.0] [cxt 0] Parser 'parser': end
[18:12:59.482] [bmv2] [D] [thread 8673] Entry 4 added to table 'MyIngress.ipv4_lpm'
[18:12:59.483] [bmv2] [D] [thread 8673] Dumping entry 4
Match key:
* hdr.ipv4.dstAddr    : LPM       0a000505/32
Action entry: MyIngress.ipv4_forward - 80000000500,4,

[18:12:59.483] [bmv2] [D] [thread 8682] [4.0] [cxt 0] Pipeline 'egress': start
[18:12:59.483] [bmv2] [T] [thread 8682] [4.0] [cxt 0] tiger.p4(333) Condition "hdr.mri.isValid()" (node_10) is false
[18:12:59.483] [bmv2] [D] [thread 8682] [4.0] [cxt 0] Pipeline 'egress': end
[18:12:59.483] [bmv2] [D] [thread 8682] [4.0] [cxt 0] Deparser 'deparser': start
[18:12:59.483] [bmv2] [T] [thread 8682] [4.0] [cxt 0] Skipping checksum 'cksum' update because condition not met
[18:12:59.483] [bmv2] [D] [thread 8682] [4.0] [cxt 0] Deparsing header 'ethernet'
[18:12:59.483] [bmv2] [D] [thread 8682] [4.0] [cxt 0] Deparser 'deparser': end
[18:12:59.482] [bmv2] [D] [thread 8681] [5.0] [cxt 0] Pipeline 'ingress': start
[18:12:59.483] [bmv2] [T] [thread 8681] [5.0] [cxt 0] tiger.p4(290) Condition "hdr.rtp.isValid()" (node_2) is false
[18:12:59.483] [bmv2] [T] [thread 8681] [5.0] [cxt 0] tiger.p4(293) Condition "hdr.tigercy.isValid()" (node_4) is false
[18:12:59.483] [bmv2] [T] [thread 8681] [5.0] [cxt 0] tiger.p4(296) Condition "hdr.ipv4.isValid()" (node_6) is false
[18:12:59.483] [bmv2] [D] [thread 8681] [5.0] [cxt 0] Pipeline 'ingress': end
[18:12:59.483] [bmv2] [D] [thread 8681] [5.0] [cxt 0] Egress port is 0
[18:12:59.483] [bmv2] [D] [thread 8681] [6.0] [cxt 0] Processing packet received on port 3
[18:12:59.483] [bmv2] [D] [thread 8681] [6.0] [cxt 0] Parser 'parser': start
[18:12:59.483] [bmv2] [D] [thread 8686] [4.0] [cxt 0] Transmitting packet of size 70 out of port 0
[18:12:59.483] [bmv2] [D] [thread 8682] [5.0] [cxt 0] Pipeline 'egress': start
[18:12:59.483] [bmv2] [T] [thread 8682] [5.0] [cxt 0] tiger.p4(333) Condition "hdr.mri.isValid()" (node_10) is false
[18:12:59.483] [bmv2] [D] [thread 8682] [5.0] [cxt 0] Pipeline 'egress': end
[18:12:59.483] [bmv2] [D] [thread 8682] [5.0] [cxt 0] Deparser 'deparser': start
[18:12:59.483] [bmv2] [T] [thread 8682] [5.0] [cxt 0] Skipping checksum 'cksum' update because condition not met
[18:12:59.483] [bmv2] [D] [thread 8682] [5.0] [cxt 0] Deparsing header 'ethernet'
[18:12:59.483] [bmv2] [D] [thread 8682] [5.0] [cxt 0] Deparser 'deparser': end
[18:12:59.483] [bmv2] [D] [thread 8681] [6.0] [cxt 0] Parser 'parser' entering state 'start'
[18:12:59.483] [bmv2] [D] [thread 8681] [6.0] [cxt 0] Extracting header 'ethernet'
[18:12:59.483] [bmv2] [D] [thread 8681] [6.0] [cxt 0] Parser state 'start': key is 86dd
[18:12:59.483] [bmv2] [T] [thread 8681] [6.0] [cxt 0] Bytes parsed: 14
[18:12:59.483] [bmv2] [D] [thread 8681] [6.0] [cxt 0] Parser 'parser': end
[18:12:59.483] [bmv2] [D] [thread 8681] [6.0] [cxt 0] Pipeline 'ingress': start
[18:12:59.483] [bmv2] [T] [thread 8681] [6.0] [cxt 0] tiger.p4(290) Condition "hdr.rtp.isValid()" (node_2) is false
[18:12:59.483] [bmv2] [T] [thread 8681] [6.0] [cxt 0] tiger.p4(293) Condition "hdr.tigercy.isValid()" (node_4) is false
[18:12:59.483] [bmv2] [T] [thread 8681] [6.0] [cxt 0] tiger.p4(296) Condition "hdr.ipv4.isValid()" (node_6) is false
[18:12:59.483] [bmv2] [D] [thread 8681] [6.0] [cxt 0] Pipeline 'ingress': end
[18:12:59.483] [bmv2] [D] [thread 8681] [6.0] [cxt 0] Egress port is 0
[18:12:59.483] [bmv2] [D] [thread 8682] [6.0] [cxt 0] Pipeline 'egress': start
[18:12:59.483] [bmv2] [T] [thread 8682] [6.0] [cxt 0] tiger.p4(333) Condition "hdr.mri.isValid()" (node_10) is false
[18:12:59.483] [bmv2] [D] [thread 8674] Entry 5 added to table 'MyIngress.ipv4_lpm'
[18:12:59.483] [bmv2] [D] [thread 8674] Dumping entry 5
Match key:
* hdr.ipv4.dstAddr    : LPM       0a000606/32
Action entry: MyIngress.ipv4_forward - 80000000600,4,

[18:12:59.483] [bmv2] [D] [thread 8686] [5.0] [cxt 0] Transmitting packet of size 90 out of port 0
[18:12:59.483] [bmv2] [D] [thread 8682] [6.0] [cxt 0] Pipeline 'egress': end
[18:12:59.484] [bmv2] [D] [thread 8682] [6.0] [cxt 0] Deparser 'deparser': start
[18:12:59.484] [bmv2] [T] [thread 8682] [6.0] [cxt 0] Skipping checksum 'cksum' update because condition not met
[18:12:59.484] [bmv2] [D] [thread 8682] [6.0] [cxt 0] Deparsing header 'ethernet'
[18:12:59.484] [bmv2] [D] [thread 8682] [6.0] [cxt 0] Deparser 'deparser': end
[18:12:59.484] [bmv2] [D] [thread 8673] Entry 0 added to table 'MyIngress.rtp_lpm'
[18:12:59.484] [bmv2] [D] [thread 8673] Dumping entry 0
Match key:
* hdr.rtp.dstAddr     : LPM       0a000101/32
Action entry: MyIngress.rtp_forward - 80000000100,3,

[18:12:59.484] [bmv2] [D] [thread 8686] [6.0] [cxt 0] Transmitting packet of size 70 out of port 0
[18:12:59.484] [bmv2] [D] [thread 8681] [7.0] [cxt 0] Processing packet received on port 4
[18:12:59.484] [bmv2] [D] [thread 8681] [7.0] [cxt 0] Parser 'parser': start
[18:12:59.484] [bmv2] [D] [thread 8681] [7.0] [cxt 0] Parser 'parser' entering state 'start'
[18:12:59.484] [bmv2] [D] [thread 8681] [7.0] [cxt 0] Extracting header 'ethernet'
[18:12:59.484] [bmv2] [D] [thread 8681] [7.0] [cxt 0] Parser state 'start': key is 86dd
[18:12:59.484] [bmv2] [T] [thread 8681] [7.0] [cxt 0] Bytes parsed: 14
[18:12:59.484] [bmv2] [D] [thread 8681] [7.0] [cxt 0] Parser 'parser': end
[18:12:59.484] [bmv2] [D] [thread 8681] [7.0] [cxt 0] Pipeline 'ingress': start
[18:12:59.484] [bmv2] [T] [thread 8681] [7.0] [cxt 0] tiger.p4(290) Condition "hdr.rtp.isValid()" (node_2) is false
[18:12:59.484] [bmv2] [T] [thread 8681] [7.0] [cxt 0] tiger.p4(293) Condition "hdr.tigercy.isValid()" (node_4) is false
[18:12:59.484] [bmv2] [T] [thread 8681] [7.0] [cxt 0] tiger.p4(296) Condition "hdr.ipv4.isValid()" (node_6) is false
[18:12:59.484] [bmv2] [D] [thread 8681] [7.0] [cxt 0] Pipeline 'ingress': end
[18:12:59.484] [bmv2] [D] [thread 8681] [7.0] [cxt 0] Egress port is 0
[18:12:59.484] [bmv2] [D] [thread 8681] [8.0] [cxt 0] Processing packet received on port 1
[18:12:59.484] [bmv2] [D] [thread 8681] [8.0] [cxt 0] Parser 'parser': start
[18:12:59.484] [bmv2] [D] [thread 8681] [8.0] [cxt 0] Parser 'parser' entering state 'start'
[18:12:59.484] [bmv2] [D] [thread 8674] Entry 1 added to table 'MyIngress.rtp_lpm'
[18:12:59.484] [bmv2] [D] [thread 8682] [7.0] [cxt 0] Pipeline 'egress': start
[18:12:59.484] [bmv2] [T] [thread 8682] [7.0] [cxt 0] tiger.p4(333) Condition "hdr.mri.isValid()" (node_10) is false
[18:12:59.484] [bmv2] [D] [thread 8682] [7.0] [cxt 0] Pipeline 'egress': end
[18:12:59.484] [bmv2] [D] [thread 8674] Dumping entry 1
Match key:
* hdr.rtp.dstAddr     : LPM       0a000202/32
Action entry: MyIngress.rtp_forward - 80000000200,4,

[18:12:59.484] [bmv2] [D] [thread 8681] [8.0] [cxt 0] Extracting header 'ethernet'
[18:12:59.484] [bmv2] [D] [thread 8681] [8.0] [cxt 0] Parser state 'start': key is 86dd
[18:12:59.484] [bmv2] [T] [thread 8681] [8.0] [cxt 0] Bytes parsed: 14
[18:12:59.484] [bmv2] [D] [thread 8681] [8.0] [cxt 0] Parser 'parser': end
[18:12:59.484] [bmv2] [D] [thread 8681] [8.0] [cxt 0] Pipeline 'ingress': start
[18:12:59.484] [bmv2] [T] [thread 8681] [8.0] [cxt 0] tiger.p4(290) Condition "hdr.rtp.isValid()" (node_2) is false
[18:12:59.484] [bmv2] [T] [thread 8681] [8.0] [cxt 0] tiger.p4(293) Condition "hdr.tigercy.isValid()" (node_4) is false
[18:12:59.484] [bmv2] [D] [thread 8682] [7.0] [cxt 0] Deparser 'deparser': start
[18:12:59.485] [bmv2] [T] [thread 8682] [7.0] [cxt 0] Skipping checksum 'cksum' update because condition not met
[18:12:59.485] [bmv2] [D] [thread 8682] [7.0] [cxt 0] Deparsing header 'ethernet'
[18:12:59.485] [bmv2] [D] [thread 8682] [7.0] [cxt 0] Deparser 'deparser': end
[18:12:59.485] [bmv2] [T] [thread 8681] [8.0] [cxt 0] tiger.p4(296) Condition "hdr.ipv4.isValid()" (node_6) is false
[18:12:59.485] [bmv2] [D] [thread 8681] [8.0] [cxt 0] Pipeline 'ingress': end
[18:12:59.485] [bmv2] [D] [thread 8681] [8.0] [cxt 0] Egress port is 0
[18:12:59.485] [bmv2] [D] [thread 8681] [9.0] [cxt 0] Processing packet received on port 2
[18:12:59.485] [bmv2] [D] [thread 8681] [9.0] [cxt 0] Parser 'parser': start
[18:12:59.485] [bmv2] [D] [thread 8681] [9.0] [cxt 0] Parser 'parser' entering state 'start'
[18:12:59.485] [bmv2] [D] [thread 8681] [9.0] [cxt 0] Extracting header 'ethernet'
[18:12:59.485] [bmv2] [D] [thread 8673] Entry 2 added to table 'MyIngress.rtp_lpm'
[18:12:59.485] [bmv2] [D] [thread 8673] Dumping entry 2
Match key:
* hdr.rtp.dstAddr     : LPM       0a000404/32
Action entry: MyIngress.rtp_forward - 80000000444,2,

[18:12:59.485] [bmv2] [D] [thread 8682] [8.0] [cxt 0] Pipeline 'egress': start
[18:12:59.485] [bmv2] [T] [thread 8682] [8.0] [cxt 0] tiger.p4(333) Condition "hdr.mri.isValid()" (node_10) is false
[18:12:59.485] [bmv2] [D] [thread 8682] [8.0] [cxt 0] Pipeline 'egress': end
[18:12:59.485] [bmv2] [D] [thread 8682] [8.0] [cxt 0] Deparser 'deparser': start
[18:12:59.485] [bmv2] [T] [thread 8682] [8.0] [cxt 0] Skipping checksum 'cksum' update because condition not met
[18:12:59.485] [bmv2] [D] [thread 8682] [8.0] [cxt 0] Deparsing header 'ethernet'
[18:12:59.485] [bmv2] [D] [thread 8682] [8.0] [cxt 0] Deparser 'deparser': end
[18:12:59.485] [bmv2] [D] [thread 8681] [9.0] [cxt 0] Parser state 'start': key is 86dd
[18:12:59.485] [bmv2] [T] [thread 8681] [9.0] [cxt 0] Bytes parsed: 14
[18:12:59.485] [bmv2] [D] [thread 8681] [9.0] [cxt 0] Parser 'parser': end
[18:12:59.485] [bmv2] [D] [thread 8681] [9.0] [cxt 0] Pipeline 'ingress': start
[18:12:59.485] [bmv2] [T] [thread 8681] [9.0] [cxt 0] tiger.p4(290) Condition "hdr.rtp.isValid()" (node_2) is false
[18:12:59.485] [bmv2] [T] [thread 8681] [9.0] [cxt 0] tiger.p4(293) Condition "hdr.tigercy.isValid()" (node_4) is false
[18:12:59.485] [bmv2] [T] [thread 8681] [9.0] [cxt 0] tiger.p4(296) Condition "hdr.ipv4.isValid()" (node_6) is false
[18:12:59.485] [bmv2] [D] [thread 8681] [9.0] [cxt 0] Pipeline 'ingress': end
[18:12:59.485] [bmv2] [D] [thread 8681] [9.0] [cxt 0] Egress port is 0
[18:12:59.485] [bmv2] [D] [thread 8681] [10.0] [cxt 0] Processing packet received on port 3
[18:12:59.485] [bmv2] [D] [thread 8681] [10.0] [cxt 0] Parser 'parser': start
[18:12:59.485] [bmv2] [D] [thread 8681] [10.0] [cxt 0] Parser 'parser' entering state 'start'
[18:12:59.485] [bmv2] [D] [thread 8681] [10.0] [cxt 0] Extracting header 'ethernet'
[18:12:59.485] [bmv2] [D] [thread 8681] [10.0] [cxt 0] Parser state 'start': key is 86dd
[18:12:59.485] [bmv2] [T] [thread 8681] [10.0] [cxt 0] Bytes parsed: 14
[18:12:59.485] [bmv2] [D] [thread 8681] [10.0] [cxt 0] Parser 'parser': end
[18:12:59.485] [bmv2] [D] [thread 8681] [10.0] [cxt 0] Pipeline 'ingress': start
[18:12:59.485] [bmv2] [T] [thread 8681] [10.0] [cxt 0] tiger.p4(290) Condition "hdr.rtp.isValid()" (node_2) is false
[18:12:59.485] [bmv2] [T] [thread 8681] [10.0] [cxt 0] tiger.p4(293) Condition "hdr.tigercy.isValid()" (node_4) is false
[18:12:59.485] [bmv2] [T] [thread 8681] [10.0] [cxt 0] tiger.p4(296) Condition "hdr.ipv4.isValid()" (node_6) is false
[18:12:59.485] [bmv2] [D] [thread 8681] [10.0] [cxt 0] Pipeline 'ingress': end
[18:12:59.485] [bmv2] [D] [thread 8681] [10.0] [cxt 0] Egress port is 0
[18:12:59.485] [bmv2] [D] [thread 8681] [11.0] [cxt 0] Processing packet received on port 4
[18:12:59.485] [bmv2] [D] [thread 8681] [11.0] [cxt 0] Parser 'parser': start
[18:12:59.485] [bmv2] [D] [thread 8681] [11.0] [cxt 0] Parser 'parser' entering state 'start'
[18:12:59.485] [bmv2] [D] [thread 8681] [11.0] [cxt 0] Extracting header 'ethernet'
[18:12:59.485] [bmv2] [D] [thread 8681] [11.0] [cxt 0] Parser state 'start': key is 86dd
[18:12:59.485] [bmv2] [T] [thread 8681] [11.0] [cxt 0] Bytes parsed: 14
[18:12:59.485] [bmv2] [D] [thread 8681] [11.0] [cxt 0] Parser 'parser': end
[18:12:59.485] [bmv2] [D] [thread 8681] [11.0] [cxt 0] Pipeline 'ingress': start
[18:12:59.485] [bmv2] [T] [thread 8681] [11.0] [cxt 0] tiger.p4(290) Condition "hdr.rtp.isValid()" (node_2) is false
[18:12:59.485] [bmv2] [T] [thread 8681] [11.0] [cxt 0] tiger.p4(293) Condition "hdr.tigercy.isValid()" (node_4) is false
[18:12:59.485] [bmv2] [T] [thread 8681] [11.0] [cxt 0] tiger.p4(296) Condition "hdr.ipv4.isValid()" (node_6) is false
[18:12:59.485] [bmv2] [D] [thread 8681] [11.0] [cxt 0] Pipeline 'ingress': end
[18:12:59.485] [bmv2] [D] [thread 8681] [11.0] [cxt 0] Egress port is 0
[18:12:59.485] [bmv2] [D] [thread 8686] [7.0] [cxt 0] Transmitting packet of size 70 out of port 0
[18:12:59.485] [bmv2] [D] [thread 8682] [9.0] [cxt 0] Pipeline 'egress': start
[18:12:59.486] [bmv2] [T] [thread 8682] [9.0] [cxt 0] tiger.p4(333) Condition "hdr.mri.isValid()" (node_10) is false
[18:12:59.486] [bmv2] [D] [thread 8682] [9.0] [cxt 0] Pipeline 'egress': end
[18:12:59.486] [bmv2] [D] [thread 8682] [9.0] [cxt 0] Deparser 'deparser': start
[18:12:59.486] [bmv2] [T] [thread 8682] [9.0] [cxt 0] Skipping checksum 'cksum' update because condition not met
[18:12:59.486] [bmv2] [D] [thread 8682] [9.0] [cxt 0] Deparsing header 'ethernet'
[18:12:59.486] [bmv2] [D] [thread 8682] [9.0] [cxt 0] Deparser 'deparser': end
[18:12:59.486] [bmv2] [D] [thread 8682] [10.0] [cxt 0] Pipeline 'egress': start
[18:12:59.486] [bmv2] [T] [thread 8682] [10.0] [cxt 0] tiger.p4(333) Condition "hdr.mri.isValid()" (node_10) is false
[18:12:59.486] [bmv2] [D] [thread 8674] Entry 3 added to table 'MyIngress.rtp_lpm'
[18:12:59.486] [bmv2] [D] [thread 8681] [12.0] [cxt 0] Processing packet received on port 2
[18:12:59.486] [bmv2] [D] [thread 8681] [12.0] [cxt 0] Parser 'parser': start
[18:12:59.486] [bmv2] [D] [thread 8681] [12.0] [cxt 0] Parser 'parser' entering state 'start'
[18:12:59.486] [bmv2] [D] [thread 8681] [12.0] [cxt 0] Extracting header 'ethernet'
[18:12:59.486] [bmv2] [D] [thread 8674] Dumping entry 3
Match key:
* hdr.rtp.dstAddr     : LPM       0a000303/32
Action entry: MyIngress.rtp_forward - 80000000333,1,

[18:12:59.486] [bmv2] [D] [thread 8681] [12.0] [cxt 0] Parser state 'start': key is 86dd
[18:12:59.486] [bmv2] [T] [thread 8681] [12.0] [cxt 0] Bytes parsed: 14
[18:12:59.486] [bmv2] [D] [thread 8681] [12.0] [cxt 0] Parser 'parser': end
[18:12:59.486] [bmv2] [D] [thread 8681] [12.0] [cxt 0] Pipeline 'ingress': start
[18:12:59.486] [bmv2] [T] [thread 8681] [12.0] [cxt 0] tiger.p4(290) Condition "hdr.rtp.isValid()" (node_2) is false
[18:12:59.486] [bmv2] [T] [thread 8681] [12.0] [cxt 0] tiger.p4(293) Condition "hdr.tigercy.isValid()" (node_4) is false
[18:12:59.486] [bmv2] [T] [thread 8681] [12.0] [cxt 0] tiger.p4(296) Condition "hdr.ipv4.isValid()" (node_6) is false
[18:12:59.486] [bmv2] [D] [thread 8681] [12.0] [cxt 0] Pipeline 'ingress': end
[18:12:59.486] [bmv2] [D] [thread 8681] [12.0] [cxt 0] Egress port is 0
[18:12:59.486] [bmv2] [D] [thread 8681] [13.0] [cxt 0] Processing packet received on port 3
[18:12:59.486] [bmv2] [D] [thread 8681] [13.0] [cxt 0] Parser 'parser': start
[18:12:59.486] [bmv2] [D] [thread 8681] [13.0] [cxt 0] Parser 'parser' entering state 'start'
[18:12:59.486] [bmv2] [D] [thread 8686] [8.0] [cxt 0] Transmitting packet of size 90 out of port 0
[18:12:59.486] [bmv2] [D] [thread 8686] [9.0] [cxt 0] Transmitting packet of size 70 out of port 0
[18:12:59.486] [bmv2] [D] [thread 8682] [10.0] [cxt 0] Pipeline 'egress': end
[18:12:59.486] [bmv2] [D] [thread 8682] [10.0] [cxt 0] Deparser 'deparser': start
[18:12:59.486] [bmv2] [T] [thread 8682] [10.0] [cxt 0] Skipping checksum 'cksum' update because condition not met
[18:12:59.486] [bmv2] [D] [thread 8682] [10.0] [cxt 0] Deparsing header 'ethernet'
[18:12:59.486] [bmv2] [D] [thread 8682] [10.0] [cxt 0] Deparser 'deparser': end
[18:12:59.486] [bmv2] [D] [thread 8682] [11.0] [cxt 0] Pipeline 'egress': start
[18:12:59.486] [bmv2] [T] [thread 8682] [11.0] [cxt 0] tiger.p4(333) Condition "hdr.mri.isValid()" (node_10) is false
[18:12:59.486] [bmv2] [D] [thread 8682] [11.0] [cxt 0] Pipeline 'egress': end
[18:12:59.486] [bmv2] [D] [thread 8682] [11.0] [cxt 0] Deparser 'deparser': start
[18:12:59.486] [bmv2] [T] [thread 8682] [11.0] [cxt 0] Skipping checksum 'cksum' update because condition not met
[18:12:59.486] [bmv2] [D] [thread 8682] [11.0] [cxt 0] Deparsing header 'ethernet'
[18:12:59.486] [bmv2] [D] [thread 8682] [11.0] [cxt 0] Deparser 'deparser': end
[18:12:59.486] [bmv2] [D] [thread 8682] [12.0] [cxt 0] Pipeline 'egress': start
[18:12:59.486] [bmv2] [T] [thread 8682] [12.0] [cxt 0] tiger.p4(333) Condition "hdr.mri.isValid()" (node_10) is false
[18:12:59.486] [bmv2] [D] [thread 8682] [12.0] [cxt 0] Pipeline 'egress': end
[18:12:59.486] [bmv2] [D] [thread 8682] [12.0] [cxt 0] Deparser 'deparser': start
[18:12:59.486] [bmv2] [T] [thread 8682] [12.0] [cxt 0] Skipping checksum 'cksum' update because condition not met
[18:12:59.486] [bmv2] [D] [thread 8682] [12.0] [cxt 0] Deparsing header 'ethernet'
[18:12:59.486] [bmv2] [D] [thread 8682] [12.0] [cxt 0] Deparser 'deparser': end
[18:12:59.486] [bmv2] [D] [thread 8681] [13.0] [cxt 0] Extracting header 'ethernet'
[18:12:59.486] [bmv2] [D] [thread 8681] [13.0] [cxt 0] Parser state 'start': key is 86dd
[18:12:59.486] [bmv2] [D] [thread 8673] Entry 4 added to table 'MyIngress.rtp_lpm'
[18:12:59.486] [bmv2] [T] [thread 8681] [13.0] [cxt 0] Bytes parsed: 14
[18:12:59.486] [bmv2] [D] [thread 8681] [13.0] [cxt 0] Parser 'parser': end
[18:12:59.486] [bmv2] [D] [thread 8681] [13.0] [cxt 0] Pipeline 'ingress': start
[18:12:59.486] [bmv2] [D] [thread 8673] Dumping entry 4
Match key:
* hdr.rtp.dstAddr     : LPM       0a000505/32
Action entry: MyIngress.rtp_forward - 80000000500,4,

[18:12:59.486] [bmv2] [T] [thread 8681] [13.0] [cxt 0] tiger.p4(290) Condition "hdr.rtp.isValid()" (node_2) is false
[18:12:59.486] [bmv2] [T] [thread 8681] [13.0] [cxt 0] tiger.p4(293) Condition "hdr.tigercy.isValid()" (node_4) is false
[18:12:59.486] [bmv2] [T] [thread 8681] [13.0] [cxt 0] tiger.p4(296) Condition "hdr.ipv4.isValid()" (node_6) is false
[18:12:59.486] [bmv2] [D] [thread 8681] [13.0] [cxt 0] Pipeline 'ingress': end
[18:12:59.486] [bmv2] [D] [thread 8681] [13.0] [cxt 0] Egress port is 0
[18:12:59.486] [bmv2] [D] [thread 8681] [14.0] [cxt 0] Processing packet received on port 4
[18:12:59.486] [bmv2] [D] [thread 8681] [14.0] [cxt 0] Parser 'parser': start
[18:12:59.486] [bmv2] [D] [thread 8681] [14.0] [cxt 0] Parser 'parser' entering state 'start'
[18:12:59.486] [bmv2] [D] [thread 8681] [14.0] [cxt 0] Extracting header 'ethernet'
[18:12:59.486] [bmv2] [D] [thread 8681] [14.0] [cxt 0] Parser state 'start': key is 86dd
[18:12:59.486] [bmv2] [T] [thread 8681] [14.0] [cxt 0] Bytes parsed: 14
[18:12:59.486] [bmv2] [D] [thread 8681] [14.0] [cxt 0] Parser 'parser': end
[18:12:59.486] [bmv2] [D] [thread 8681] [14.0] [cxt 0] Pipeline 'ingress': start
[18:12:59.486] [bmv2] [D] [thread 8686] [10.0] [cxt 0] Transmitting packet of size 90 out of port 0
[18:12:59.486] [bmv2] [D] [thread 8686] [11.0] [cxt 0] Transmitting packet of size 90 out of port 0
[18:12:59.486] [bmv2] [D] [thread 8686] [12.0] [cxt 0] Transmitting packet of size 90 out of port 0
[18:12:59.487] [bmv2] [D] [thread 8682] [13.0] [cxt 0] Pipeline 'egress': start
[18:12:59.487] [bmv2] [T] [thread 8682] [13.0] [cxt 0] tiger.p4(333) Condition "hdr.mri.isValid()" (node_10) is false
[18:12:59.487] [bmv2] [D] [thread 8682] [13.0] [cxt 0] Pipeline 'egress': end
[18:12:59.487] [bmv2] [D] [thread 8682] [13.0] [cxt 0] Deparser 'deparser': start
[18:12:59.487] [bmv2] [T] [thread 8682] [13.0] [cxt 0] Skipping checksum 'cksum' update because condition not met
[18:12:59.487] [bmv2] [D] [thread 8682] [13.0] [cxt 0] Deparsing header 'ethernet'
[18:12:59.487] [bmv2] [D] [thread 8682] [13.0] [cxt 0] Deparser 'deparser': end
[18:12:59.486] [bmv2] [T] [thread 8681] [14.0] [cxt 0] tiger.p4(290) Condition "hdr.rtp.isValid()" (node_2) is false
[18:12:59.487] [bmv2] [T] [thread 8681] [14.0] [cxt 0] tiger.p4(293) Condition "hdr.tigercy.isValid()" (node_4) is false
[18:12:59.487] [bmv2] [T] [thread 8681] [14.0] [cxt 0] tiger.p4(296) Condition "hdr.ipv4.isValid()" (node_6) is false
[18:12:59.487] [bmv2] [D] [thread 8681] [14.0] [cxt 0] Pipeline 'ingress': end
[18:12:59.487] [bmv2] [D] [thread 8681] [14.0] [cxt 0] Egress port is 0
[18:12:59.487] [bmv2] [D] [thread 8681] [15.0] [cxt 0] Processing packet received on port 3
[18:12:59.487] [bmv2] [D] [thread 8681] [15.0] [cxt 0] Parser 'parser': start
[18:12:59.487] [bmv2] [D] [thread 8681] [15.0] [cxt 0] Parser 'parser' entering state 'start'
[18:12:59.487] [bmv2] [D] [thread 8681] [15.0] [cxt 0] Extracting header 'ethernet'
[18:12:59.487] [bmv2] [D] [thread 8681] [15.0] [cxt 0] Parser state 'start': key is 86dd
[18:12:59.487] [bmv2] [T] [thread 8681] [15.0] [cxt 0] Bytes parsed: 14
[18:12:59.487] [bmv2] [D] [thread 8681] [15.0] [cxt 0] Parser 'parser': end
[18:12:59.487] [bmv2] [D] [thread 8681] [15.0] [cxt 0] Pipeline 'ingress': start
[18:12:59.487] [bmv2] [T] [thread 8681] [15.0] [cxt 0] tiger.p4(290) Condition "hdr.rtp.isValid()" (node_2) is false
[18:12:59.487] [bmv2] [T] [thread 8681] [15.0] [cxt 0] tiger.p4(293) Condition "hdr.tigercy.isValid()" (node_4) is false
[18:12:59.487] [bmv2] [T] [thread 8681] [15.0] [cxt 0] tiger.p4(296) Condition "hdr.ipv4.isValid()" (node_6) is false
[18:12:59.487] [bmv2] [D] [thread 8681] [15.0] [cxt 0] Pipeline 'ingress': end
[18:12:59.487] [bmv2] [D] [thread 8681] [15.0] [cxt 0] Egress port is 0
[18:12:59.487] [bmv2] [D] [thread 8681] [16.0] [cxt 0] Processing packet received on port 4
[18:12:59.487] [bmv2] [D] [thread 8681] [16.0] [cxt 0] Parser 'parser': start
[18:12:59.487] [bmv2] [D] [thread 8681] [16.0] [cxt 0] Parser 'parser' entering state 'start'
[18:12:59.487] [bmv2] [D] [thread 8681] [16.0] [cxt 0] Extracting header 'ethernet'
[18:12:59.487] [bmv2] [D] [thread 8681] [16.0] [cxt 0] Parser state 'start': key is 86dd
[18:12:59.487] [bmv2] [T] [thread 8681] [16.0] [cxt 0] Bytes parsed: 14
[18:12:59.487] [bmv2] [D] [thread 8681] [16.0] [cxt 0] Parser 'parser': end
[18:12:59.487] [bmv2] [D] [thread 8681] [16.0] [cxt 0] Pipeline 'ingress': start
[18:12:59.487] [bmv2] [T] [thread 8681] [16.0] [cxt 0] tiger.p4(290) Condition "hdr.rtp.isValid()" (node_2) is false
[18:12:59.487] [bmv2] [T] [thread 8681] [16.0] [cxt 0] tiger.p4(293) Condition "hdr.tigercy.isValid()" (node_4) is false
[18:12:59.487] [bmv2] [T] [thread 8681] [16.0] [cxt 0] tiger.p4(296) Condition "hdr.ipv4.isValid()" (node_6) is false
[18:12:59.487] [bmv2] [D] [thread 8681] [16.0] [cxt 0] Pipeline 'ingress': end
[18:12:59.487] [bmv2] [D] [thread 8681] [16.0] [cxt 0] Egress port is 0
[18:12:59.487] [bmv2] [D] [thread 8681] [17.0] [cxt 0] Processing packet received on port 3
[18:12:59.487] [bmv2] [D] [thread 8681] [17.0] [cxt 0] Parser 'parser': start
[18:12:59.487] [bmv2] [D] [thread 8681] [17.0] [cxt 0] Parser 'parser' entering state 'start'
[18:12:59.487] [bmv2] [D] [thread 8681] [17.0] [cxt 0] Extracting header 'ethernet'
[18:12:59.487] [bmv2] [D] [thread 8681] [17.0] [cxt 0] Parser state 'start': key is 86dd
[18:12:59.487] [bmv2] [T] [thread 8681] [17.0] [cxt 0] Bytes parsed: 14
[18:12:59.487] [bmv2] [D] [thread 8681] [17.0] [cxt 0] Parser 'parser': end
[18:12:59.487] [bmv2] [D] [thread 8681] [17.0] [cxt 0] Pipeline 'ingress': start
[18:12:59.487] [bmv2] [T] [thread 8681] [17.0] [cxt 0] tiger.p4(290) Condition "hdr.rtp.isValid()" (node_2) is false
[18:12:59.487] [bmv2] [T] [thread 8681] [17.0] [cxt 0] tiger.p4(293) Condition "hdr.tigercy.isValid()" (node_4) is false
[18:12:59.487] [bmv2] [T] [thread 8681] [17.0] [cxt 0] tiger.p4(296) Condition "hdr.ipv4.isValid()" (node_6) is false
[18:12:59.487] [bmv2] [D] [thread 8681] [17.0] [cxt 0] Pipeline 'ingress': end
[18:12:59.487] [bmv2] [D] [thread 8681] [17.0] [cxt 0] Egress port is 0
[18:12:59.487] [bmv2] [D] [thread 8681] [18.0] [cxt 0] Processing packet received on port 4
[18:12:59.487] [bmv2] [D] [thread 8681] [18.0] [cxt 0] Parser 'parser': start
[18:12:59.487] [bmv2] [D] [thread 8681] [18.0] [cxt 0] Parser 'parser' entering state 'start'
[18:12:59.487] [bmv2] [D] [thread 8681] [18.0] [cxt 0] Extracting header 'ethernet'
[18:12:59.487] [bmv2] [D] [thread 8681] [18.0] [cxt 0] Parser state 'start': key is 86dd
[18:12:59.487] [bmv2] [T] [thread 8681] [18.0] [cxt 0] Bytes parsed: 14
[18:12:59.487] [bmv2] [D] [thread 8681] [18.0] [cxt 0] Parser 'parser': end
[18:12:59.487] [bmv2] [D] [thread 8681] [18.0] [cxt 0] Pipeline 'ingress': start
[18:12:59.487] [bmv2] [T] [thread 8681] [18.0] [cxt 0] tiger.p4(290) Condition "hdr.rtp.isValid()" (node_2) is false
[18:12:59.487] [bmv2] [T] [thread 8681] [18.0] [cxt 0] tiger.p4(293) Condition "hdr.tigercy.isValid()" (node_4) is false
[18:12:59.487] [bmv2] [T] [thread 8681] [18.0] [cxt 0] tiger.p4(296) Condition "hdr.ipv4.isValid()" (node_6) is false
[18:12:59.487] [bmv2] [D] [thread 8681] [18.0] [cxt 0] Pipeline 'ingress': end
[18:12:59.487] [bmv2] [D] [thread 8681] [18.0] [cxt 0] Egress port is 0
[18:12:59.487] [bmv2] [D] [thread 8682] [14.0] [cxt 0] Pipeline 'egress': start
[18:12:59.487] [bmv2] [T] [thread 8682] [14.0] [cxt 0] tiger.p4(333) Condition "hdr.mri.isValid()" (node_10) is false
[18:12:59.487] [bmv2] [D] [thread 8682] [14.0] [cxt 0] Pipeline 'egress': end
[18:12:59.487] [bmv2] [D] [thread 8682] [14.0] [cxt 0] Deparser 'deparser': start
[18:12:59.487] [bmv2] [T] [thread 8682] [14.0] [cxt 0] Skipping checksum 'cksum' update because condition not met
[18:12:59.487] [bmv2] [D] [thread 8682] [14.0] [cxt 0] Deparsing header 'ethernet'
[18:12:59.487] [bmv2] [D] [thread 8682] [14.0] [cxt 0] Deparser 'deparser': end
[18:12:59.487] [bmv2] [D] [thread 8682] [15.0] [cxt 0] Pipeline 'egress': start
[18:12:59.487] [bmv2] [T] [thread 8682] [15.0] [cxt 0] tiger.p4(333) Condition "hdr.mri.isValid()" (node_10) is false
[18:12:59.487] [bmv2] [D] [thread 8682] [15.0] [cxt 0] Pipeline 'egress': end
[18:12:59.487] [bmv2] [D] [thread 8682] [15.0] [cxt 0] Deparser 'deparser': start
[18:12:59.487] [bmv2] [T] [thread 8682] [15.0] [cxt 0] Skipping checksum 'cksum' update because condition not met
[18:12:59.487] [bmv2] [D] [thread 8682] [15.0] [cxt 0] Deparsing header 'ethernet'
[18:12:59.487] [bmv2] [D] [thread 8682] [15.0] [cxt 0] Deparser 'deparser': end
[18:12:59.487] [bmv2] [D] [thread 8682] [16.0] [cxt 0] Pipeline 'egress': start
[18:12:59.487] [bmv2] [T] [thread 8682] [16.0] [cxt 0] tiger.p4(333) Condition "hdr.mri.isValid()" (node_10) is false
[18:12:59.487] [bmv2] [D] [thread 8682] [16.0] [cxt 0] Pipeline 'egress': end
[18:12:59.487] [bmv2] [D] [thread 8682] [16.0] [cxt 0] Deparser 'deparser': start
[18:12:59.487] [bmv2] [T] [thread 8682] [16.0] [cxt 0] Skipping checksum 'cksum' update because condition not met
[18:12:59.487] [bmv2] [D] [thread 8682] [16.0] [cxt 0] Deparsing header 'ethernet'
[18:12:59.487] [bmv2] [D] [thread 8682] [16.0] [cxt 0] Deparser 'deparser': end
[18:12:59.487] [bmv2] [D] [thread 8682] [17.0] [cxt 0] Pipeline 'egress': start
[18:12:59.487] [bmv2] [T] [thread 8682] [17.0] [cxt 0] tiger.p4(333) Condition "hdr.mri.isValid()" (node_10) is false
[18:12:59.487] [bmv2] [D] [thread 8682] [17.0] [cxt 0] Pipeline 'egress': end
[18:12:59.487] [bmv2] [D] [thread 8682] [17.0] [cxt 0] Deparser 'deparser': start
[18:12:59.487] [bmv2] [T] [thread 8682] [17.0] [cxt 0] Skipping checksum 'cksum' update because condition not met
[18:12:59.487] [bmv2] [D] [thread 8682] [17.0] [cxt 0] Deparsing header 'ethernet'
[18:12:59.487] [bmv2] [D] [thread 8682] [17.0] [cxt 0] Deparser 'deparser': end
[18:12:59.487] [bmv2] [D] [thread 8682] [18.0] [cxt 0] Pipeline 'egress': start
[18:12:59.487] [bmv2] [T] [thread 8682] [18.0] [cxt 0] tiger.p4(333) Condition "hdr.mri.isValid()" (node_10) is false
[18:12:59.487] [bmv2] [D] [thread 8682] [18.0] [cxt 0] Pipeline 'egress': end
[18:12:59.487] [bmv2] [D] [thread 8682] [18.0] [cxt 0] Deparser 'deparser': start
[18:12:59.487] [bmv2] [T] [thread 8682] [18.0] [cxt 0] Skipping checksum 'cksum' update because condition not met
[18:12:59.487] [bmv2] [D] [thread 8682] [18.0] [cxt 0] Deparsing header 'ethernet'
[18:12:59.487] [bmv2] [D] [thread 8682] [18.0] [cxt 0] Deparser 'deparser': end
[18:12:59.489] [bmv2] [D] [thread 8674] Entry 5 added to table 'MyIngress.rtp_lpm'
[18:12:59.489] [bmv2] [D] [thread 8674] Dumping entry 5
Match key:
* hdr.rtp.dstAddr     : LPM       0a000606/32
Action entry: MyIngress.rtp_forward - 80000000600,4,

[18:12:59.489] [bmv2] [D] [thread 8686] [13.0] [cxt 0] Transmitting packet of size 70 out of port 0
[18:12:59.489] [bmv2] [D] [thread 8686] [14.0] [cxt 0] Transmitting packet of size 90 out of port 0
[18:12:59.489] [bmv2] [D] [thread 8686] [15.0] [cxt 0] Transmitting packet of size 90 out of port 0
[18:12:59.489] [bmv2] [D] [thread 8686] [16.0] [cxt 0] Transmitting packet of size 70 out of port 0
[18:12:59.489] [bmv2] [D] [thread 8686] [17.0] [cxt 0] Transmitting packet of size 90 out of port 0
[18:12:59.489] [bmv2] [D] [thread 8686] [18.0] [cxt 0] Transmitting packet of size 90 out of port 0
[18:12:59.490] [bmv2] [D] [thread 8673] Entry 0 added to table 'MyIngress.tigercy_lpm'
[18:12:59.490] [bmv2] [D] [thread 8673] Dumping entry 0
Match key:
* hdr.tigercy.dstAddr : LPM       0a000404/32
Action entry: MyIngress.tigercy_forward - 80000000444,2,

[18:13:00.441] [bmv2] [D] [thread 8681] [19.0] [cxt 0] Processing packet received on port 1
[18:13:00.441] [bmv2] [D] [thread 8681] [19.0] [cxt 0] Parser 'parser': start
[18:13:00.441] [bmv2] [D] [thread 8681] [19.0] [cxt 0] Parser 'parser' entering state 'start'
[18:13:00.441] [bmv2] [D] [thread 8681] [19.0] [cxt 0] Extracting header 'ethernet'
[18:13:00.441] [bmv2] [D] [thread 8681] [19.0] [cxt 0] Parser state 'start': key is 86dd
[18:13:00.441] [bmv2] [T] [thread 8681] [19.0] [cxt 0] Bytes parsed: 14
[18:13:00.441] [bmv2] [D] [thread 8681] [19.0] [cxt 0] Parser 'parser': end
[18:13:00.441] [bmv2] [D] [thread 8681] [19.0] [cxt 0] Pipeline 'ingress': start
[18:13:00.441] [bmv2] [T] [thread 8681] [19.0] [cxt 0] tiger.p4(290) Condition "hdr.rtp.isValid()" (node_2) is false
[18:13:00.441] [bmv2] [T] [thread 8681] [19.0] [cxt 0] tiger.p4(293) Condition "hdr.tigercy.isValid()" (node_4) is false
[18:13:00.441] [bmv2] [T] [thread 8681] [19.0] [cxt 0] tiger.p4(296) Condition "hdr.ipv4.isValid()" (node_6) is false
[18:13:00.441] [bmv2] [D] [thread 8681] [19.0] [cxt 0] Pipeline 'ingress': end
[18:13:00.441] [bmv2] [D] [thread 8681] [19.0] [cxt 0] Egress port is 0
[18:13:00.441] [bmv2] [D] [thread 8681] [20.0] [cxt 0] Processing packet received on port 4
[18:13:00.441] [bmv2] [D] [thread 8681] [20.0] [cxt 0] Parser 'parser': start
[18:13:00.441] [bmv2] [D] [thread 8681] [20.0] [cxt 0] Parser 'parser' entering state 'start'
[18:13:00.441] [bmv2] [D] [thread 8681] [20.0] [cxt 0] Extracting header 'ethernet'
[18:13:00.441] [bmv2] [D] [thread 8681] [20.0] [cxt 0] Parser state 'start': key is 86dd
[18:13:00.441] [bmv2] [T] [thread 8681] [20.0] [cxt 0] Bytes parsed: 14
[18:13:00.441] [bmv2] [D] [thread 8681] [20.0] [cxt 0] Parser 'parser': end
[18:13:00.441] [bmv2] [D] [thread 8681] [20.0] [cxt 0] Pipeline 'ingress': start
[18:13:00.441] [bmv2] [T] [thread 8681] [20.0] [cxt 0] tiger.p4(290) Condition "hdr.rtp.isValid()" (node_2) is false
[18:13:00.441] [bmv2] [T] [thread 8681] [20.0] [cxt 0] tiger.p4(293) Condition "hdr.tigercy.isValid()" (node_4) is false
[18:13:00.441] [bmv2] [T] [thread 8681] [20.0] [cxt 0] tiger.p4(296) Condition "hdr.ipv4.isValid()" (node_6) is false
[18:13:00.441] [bmv2] [D] [thread 8681] [20.0] [cxt 0] Pipeline 'ingress': end
[18:13:00.441] [bmv2] [D] [thread 8681] [20.0] [cxt 0] Egress port is 0
[18:13:00.441] [bmv2] [D] [thread 8682] [19.0] [cxt 0] Pipeline 'egress': start
[18:13:00.441] [bmv2] [T] [thread 8682] [19.0] [cxt 0] tiger.p4(333) Condition "hdr.mri.isValid()" (node_10) is false
[18:13:00.441] [bmv2] [D] [thread 8682] [19.0] [cxt 0] Pipeline 'egress': end
[18:13:00.441] [bmv2] [D] [thread 8682] [19.0] [cxt 0] Deparser 'deparser': start
[18:13:00.441] [bmv2] [T] [thread 8682] [19.0] [cxt 0] Skipping checksum 'cksum' update because condition not met
[18:13:00.441] [bmv2] [D] [thread 8682] [19.0] [cxt 0] Deparsing header 'ethernet'
[18:13:00.441] [bmv2] [D] [thread 8682] [19.0] [cxt 0] Deparser 'deparser': end
[18:13:00.441] [bmv2] [D] [thread 8682] [20.0] [cxt 0] Pipeline 'egress': start
[18:13:00.441] [bmv2] [T] [thread 8682] [20.0] [cxt 0] tiger.p4(333) Condition "hdr.mri.isValid()" (node_10) is false
[18:13:00.441] [bmv2] [D] [thread 8682] [20.0] [cxt 0] Pipeline 'egress': end
[18:13:00.441] [bmv2] [D] [thread 8682] [20.0] [cxt 0] Deparser 'deparser': start
[18:13:00.441] [bmv2] [T] [thread 8682] [20.0] [cxt 0] Skipping checksum 'cksum' update because condition not met
[18:13:00.441] [bmv2] [D] [thread 8682] [20.0] [cxt 0] Deparsing header 'ethernet'
[18:13:00.441] [bmv2] [D] [thread 8682] [20.0] [cxt 0] Deparser 'deparser': end
[18:13:00.441] [bmv2] [D] [thread 8686] [19.0] [cxt 0] Transmitting packet of size 70 out of port 0
[18:13:00.441] [bmv2] [D] [thread 8686] [20.0] [cxt 0] Transmitting packet of size 70 out of port 0
[18:13:01.210] [bmv2] [D] [thread 8681] [21.0] [cxt 0] Processing packet received on port 3
[18:13:01.210] [bmv2] [D] [thread 8681] [21.0] [cxt 0] Parser 'parser': start
[18:13:01.210] [bmv2] [D] [thread 8681] [21.0] [cxt 0] Parser 'parser' entering state 'start'
[18:13:01.210] [bmv2] [D] [thread 8681] [21.0] [cxt 0] Extracting header 'ethernet'
[18:13:01.210] [bmv2] [D] [thread 8681] [21.0] [cxt 0] Parser state 'start': key is 86dd
[18:13:01.210] [bmv2] [T] [thread 8681] [21.0] [cxt 0] Bytes parsed: 14
[18:13:01.210] [bmv2] [D] [thread 8681] [21.0] [cxt 0] Parser 'parser': end
[18:13:01.210] [bmv2] [D] [thread 8681] [21.0] [cxt 0] Pipeline 'ingress': start
[18:13:01.210] [bmv2] [T] [thread 8681] [21.0] [cxt 0] tiger.p4(290) Condition "hdr.rtp.isValid()" (node_2) is false
[18:13:01.210] [bmv2] [T] [thread 8681] [21.0] [cxt 0] tiger.p4(293) Condition "hdr.tigercy.isValid()" (node_4) is false
[18:13:01.210] [bmv2] [T] [thread 8681] [21.0] [cxt 0] tiger.p4(296) Condition "hdr.ipv4.isValid()" (node_6) is false
[18:13:01.210] [bmv2] [D] [thread 8681] [21.0] [cxt 0] Pipeline 'ingress': end
[18:13:01.210] [bmv2] [D] [thread 8681] [21.0] [cxt 0] Egress port is 0
[18:13:01.210] [bmv2] [D] [thread 8681] [22.0] [cxt 0] Processing packet received on port 4
[18:13:01.210] [bmv2] [D] [thread 8681] [22.0] [cxt 0] Parser 'parser': start
[18:13:01.210] [bmv2] [D] [thread 8681] [22.0] [cxt 0] Parser 'parser' entering state 'start'
[18:13:01.210] [bmv2] [D] [thread 8681] [22.0] [cxt 0] Extracting header 'ethernet'
[18:13:01.210] [bmv2] [D] [thread 8681] [22.0] [cxt 0] Parser state 'start': key is 86dd
[18:13:01.210] [bmv2] [T] [thread 8681] [22.0] [cxt 0] Bytes parsed: 14
[18:13:01.210] [bmv2] [D] [thread 8681] [22.0] [cxt 0] Parser 'parser': end
[18:13:01.210] [bmv2] [D] [thread 8681] [22.0] [cxt 0] Pipeline 'ingress': start
[18:13:01.210] [bmv2] [T] [thread 8681] [22.0] [cxt 0] tiger.p4(290) Condition "hdr.rtp.isValid()" (node_2) is false
[18:13:01.210] [bmv2] [T] [thread 8681] [22.0] [cxt 0] tiger.p4(293) Condition "hdr.tigercy.isValid()" (node_4) is false
[18:13:01.210] [bmv2] [T] [thread 8681] [22.0] [cxt 0] tiger.p4(296) Condition "hdr.ipv4.isValid()" (node_6) is false
[18:13:01.210] [bmv2] [D] [thread 8681] [22.0] [cxt 0] Pipeline 'ingress': end
[18:13:01.210] [bmv2] [D] [thread 8681] [22.0] [cxt 0] Egress port is 0
[18:13:01.210] [bmv2] [D] [thread 8681] [23.0] [cxt 0] Processing packet received on port 3
[18:13:01.210] [bmv2] [D] [thread 8681] [23.0] [cxt 0] Parser 'parser': start
[18:13:01.210] [bmv2] [D] [thread 8681] [23.0] [cxt 0] Parser 'parser' entering state 'start'
[18:13:01.210] [bmv2] [D] [thread 8681] [23.0] [cxt 0] Extracting header 'ethernet'
[18:13:01.210] [bmv2] [D] [thread 8681] [23.0] [cxt 0] Parser state 'start': key is 86dd
[18:13:01.210] [bmv2] [T] [thread 8681] [23.0] [cxt 0] Bytes parsed: 14
[18:13:01.210] [bmv2] [D] [thread 8681] [23.0] [cxt 0] Parser 'parser': end
[18:13:01.211] [bmv2] [D] [thread 8681] [23.0] [cxt 0] Pipeline 'ingress': start
[18:13:01.211] [bmv2] [T] [thread 8681] [23.0] [cxt 0] tiger.p4(290) Condition "hdr.rtp.isValid()" (node_2) is false
[18:13:01.211] [bmv2] [T] [thread 8681] [23.0] [cxt 0] tiger.p4(293) Condition "hdr.tigercy.isValid()" (node_4) is false
[18:13:01.211] [bmv2] [T] [thread 8681] [23.0] [cxt 0] tiger.p4(296) Condition "hdr.ipv4.isValid()" (node_6) is false
[18:13:01.211] [bmv2] [D] [thread 8681] [23.0] [cxt 0] Pipeline 'ingress': end
[18:13:01.211] [bmv2] [D] [thread 8681] [23.0] [cxt 0] Egress port is 0
[18:13:01.211] [bmv2] [D] [thread 8682] [21.0] [cxt 0] Pipeline 'egress': start
[18:13:01.211] [bmv2] [T] [thread 8682] [21.0] [cxt 0] tiger.p4(333) Condition "hdr.mri.isValid()" (node_10) is false
[18:13:01.211] [bmv2] [D] [thread 8682] [21.0] [cxt 0] Pipeline 'egress': end
[18:13:01.211] [bmv2] [D] [thread 8682] [21.0] [cxt 0] Deparser 'deparser': start
[18:13:01.211] [bmv2] [T] [thread 8682] [21.0] [cxt 0] Skipping checksum 'cksum' update because condition not met
[18:13:01.211] [bmv2] [D] [thread 8682] [21.0] [cxt 0] Deparsing header 'ethernet'
[18:13:01.211] [bmv2] [D] [thread 8682] [21.0] [cxt 0] Deparser 'deparser': end
[18:13:01.211] [bmv2] [D] [thread 8682] [22.0] [cxt 0] Pipeline 'egress': start
[18:13:01.211] [bmv2] [T] [thread 8682] [22.0] [cxt 0] tiger.p4(333) Condition "hdr.mri.isValid()" (node_10) is false
[18:13:01.211] [bmv2] [D] [thread 8682] [22.0] [cxt 0] Pipeline 'egress': end
[18:13:01.211] [bmv2] [D] [thread 8682] [22.0] [cxt 0] Deparser 'deparser': start
[18:13:01.211] [bmv2] [T] [thread 8682] [22.0] [cxt 0] Skipping checksum 'cksum' update because condition not met
[18:13:01.212] [bmv2] [D] [thread 8682] [22.0] [cxt 0] Deparsing header 'ethernet'
[18:13:01.212] [bmv2] [D] [thread 8682] [22.0] [cxt 0] Deparser 'deparser': end
[18:13:01.212] [bmv2] [D] [thread 8682] [23.0] [cxt 0] Pipeline 'egress': start
[18:13:01.212] [bmv2] [T] [thread 8682] [23.0] [cxt 0] tiger.p4(333) Condition "hdr.mri.isValid()" (node_10) is false
[18:13:01.212] [bmv2] [D] [thread 8682] [23.0] [cxt 0] Pipeline 'egress': end
[18:13:01.212] [bmv2] [D] [thread 8682] [23.0] [cxt 0] Deparser 'deparser': start
[18:13:01.212] [bmv2] [T] [thread 8682] [23.0] [cxt 0] Skipping checksum 'cksum' update because condition not met
[18:13:01.212] [bmv2] [D] [thread 8682] [23.0] [cxt 0] Deparsing header 'ethernet'
[18:13:01.212] [bmv2] [D] [thread 8682] [23.0] [cxt 0] Deparser 'deparser': end
[18:13:01.212] [bmv2] [D] [thread 8686] [21.0] [cxt 0] Transmitting packet of size 70 out of port 0
[18:13:01.212] [bmv2] [D] [thread 8686] [22.0] [cxt 0] Transmitting packet of size 70 out of port 0
[18:13:01.212] [bmv2] [D] [thread 8686] [23.0] [cxt 0] Transmitting packet of size 70 out of port 0
[18:13:01.466] [bmv2] [D] [thread 8681] [24.0] [cxt 0] Processing packet received on port 2
[18:13:01.466] [bmv2] [D] [thread 8681] [24.0] [cxt 0] Parser 'parser': start
[18:13:01.466] [bmv2] [D] [thread 8681] [24.0] [cxt 0] Parser 'parser' entering state 'start'
[18:13:01.466] [bmv2] [D] [thread 8681] [24.0] [cxt 0] Extracting header 'ethernet'
[18:13:01.466] [bmv2] [D] [thread 8681] [24.0] [cxt 0] Parser state 'start': key is 86dd
[18:13:01.466] [bmv2] [T] [thread 8681] [24.0] [cxt 0] Bytes parsed: 14
[18:13:01.466] [bmv2] [D] [thread 8681] [24.0] [cxt 0] Parser 'parser': end
[18:13:01.466] [bmv2] [D] [thread 8681] [24.0] [cxt 0] Pipeline 'ingress': start
[18:13:01.466] [bmv2] [T] [thread 8681] [24.0] [cxt 0] tiger.p4(290) Condition "hdr.rtp.isValid()" (node_2) is false
[18:13:01.466] [bmv2] [T] [thread 8681] [24.0] [cxt 0] tiger.p4(293) Condition "hdr.tigercy.isValid()" (node_4) is false
[18:13:01.466] [bmv2] [T] [thread 8681] [24.0] [cxt 0] tiger.p4(296) Condition "hdr.ipv4.isValid()" (node_6) is false
[18:13:01.466] [bmv2] [D] [thread 8681] [24.0] [cxt 0] Pipeline 'ingress': end
[18:13:01.466] [bmv2] [D] [thread 8681] [24.0] [cxt 0] Egress port is 0
[18:13:01.466] [bmv2] [D] [thread 8682] [24.0] [cxt 0] Pipeline 'egress': start
[18:13:01.466] [bmv2] [T] [thread 8682] [24.0] [cxt 0] tiger.p4(333) Condition "hdr.mri.isValid()" (node_10) is false
[18:13:01.466] [bmv2] [D] [thread 8682] [24.0] [cxt 0] Pipeline 'egress': end
[18:13:01.466] [bmv2] [D] [thread 8682] [24.0] [cxt 0] Deparser 'deparser': start
[18:13:01.466] [bmv2] [T] [thread 8682] [24.0] [cxt 0] Skipping checksum 'cksum' update because condition not met
[18:13:01.466] [bmv2] [D] [thread 8682] [24.0] [cxt 0] Deparsing header 'ethernet'
[18:13:01.466] [bmv2] [D] [thread 8682] [24.0] [cxt 0] Deparser 'deparser': end
[18:13:01.466] [bmv2] [D] [thread 8686] [24.0] [cxt 0] Transmitting packet of size 70 out of port 0
[18:13:07.869] [bmv2] [D] [thread 8681] [25.0] [cxt 0] Processing packet received on port 4
[18:13:07.869] [bmv2] [D] [thread 8681] [25.0] [cxt 0] Parser 'parser': start
[18:13:07.869] [bmv2] [D] [thread 8681] [25.0] [cxt 0] Parser 'parser' entering state 'start'
[18:13:07.869] [bmv2] [D] [thread 8681] [25.0] [cxt 0] Extracting header 'ethernet'
[18:13:07.869] [bmv2] [D] [thread 8681] [25.0] [cxt 0] Parser state 'start': key is 86dd
[18:13:07.869] [bmv2] [T] [thread 8681] [25.0] [cxt 0] Bytes parsed: 14
[18:13:07.869] [bmv2] [D] [thread 8681] [25.0] [cxt 0] Parser 'parser': end
[18:13:07.869] [bmv2] [D] [thread 8681] [25.0] [cxt 0] Pipeline 'ingress': start
[18:13:07.869] [bmv2] [T] [thread 8681] [25.0] [cxt 0] tiger.p4(290) Condition "hdr.rtp.isValid()" (node_2) is false
[18:13:07.869] [bmv2] [T] [thread 8681] [25.0] [cxt 0] tiger.p4(293) Condition "hdr.tigercy.isValid()" (node_4) is false
[18:13:07.869] [bmv2] [T] [thread 8681] [25.0] [cxt 0] tiger.p4(296) Condition "hdr.ipv4.isValid()" (node_6) is false
[18:13:07.869] [bmv2] [D] [thread 8681] [25.0] [cxt 0] Pipeline 'ingress': end
[18:13:07.869] [bmv2] [D] [thread 8681] [25.0] [cxt 0] Egress port is 0
[18:13:07.870] [bmv2] [D] [thread 8682] [25.0] [cxt 0] Pipeline 'egress': start
[18:13:07.870] [bmv2] [T] [thread 8682] [25.0] [cxt 0] tiger.p4(333) Condition "hdr.mri.isValid()" (node_10) is false
[18:13:07.870] [bmv2] [D] [thread 8682] [25.0] [cxt 0] Pipeline 'egress': end
[18:13:07.870] [bmv2] [D] [thread 8682] [25.0] [cxt 0] Deparser 'deparser': start
[18:13:07.870] [bmv2] [T] [thread 8682] [25.0] [cxt 0] Skipping checksum 'cksum' update because condition not met
[18:13:07.870] [bmv2] [D] [thread 8682] [25.0] [cxt 0] Deparsing header 'ethernet'
[18:13:07.870] [bmv2] [D] [thread 8682] [25.0] [cxt 0] Deparser 'deparser': end
[18:13:07.870] [bmv2] [D] [thread 8686] [25.0] [cxt 0] Transmitting packet of size 70 out of port 0
[18:13:08.121] [bmv2] [D] [thread 8681] [26.0] [cxt 0] Processing packet received on port 1
[18:13:08.121] [bmv2] [D] [thread 8681] [26.0] [cxt 0] Parser 'parser': start
[18:13:08.121] [bmv2] [D] [thread 8681] [26.0] [cxt 0] Parser 'parser' entering state 'start'
[18:13:08.121] [bmv2] [D] [thread 8681] [26.0] [cxt 0] Extracting header 'ethernet'
[18:13:08.121] [bmv2] [D] [thread 8681] [26.0] [cxt 0] Parser state 'start': key is 86dd
[18:13:08.121] [bmv2] [T] [thread 8681] [26.0] [cxt 0] Bytes parsed: 14
[18:13:08.121] [bmv2] [D] [thread 8681] [26.0] [cxt 0] Parser 'parser': end
[18:13:08.121] [bmv2] [D] [thread 8681] [26.0] [cxt 0] Pipeline 'ingress': start
[18:13:08.121] [bmv2] [T] [thread 8681] [26.0] [cxt 0] tiger.p4(290) Condition "hdr.rtp.isValid()" (node_2) is false
[18:13:08.121] [bmv2] [T] [thread 8681] [26.0] [cxt 0] tiger.p4(293) Condition "hdr.tigercy.isValid()" (node_4) is false
[18:13:08.121] [bmv2] [T] [thread 8681] [26.0] [cxt 0] tiger.p4(296) Condition "hdr.ipv4.isValid()" (node_6) is false
[18:13:08.121] [bmv2] [D] [thread 8681] [26.0] [cxt 0] Pipeline 'ingress': end
[18:13:08.121] [bmv2] [D] [thread 8681] [26.0] [cxt 0] Egress port is 0
[18:13:08.121] [bmv2] [D] [thread 8682] [26.0] [cxt 0] Pipeline 'egress': start
[18:13:08.121] [bmv2] [T] [thread 8682] [26.0] [cxt 0] tiger.p4(333) Condition "hdr.mri.isValid()" (node_10) is false
[18:13:08.121] [bmv2] [D] [thread 8682] [26.0] [cxt 0] Pipeline 'egress': end
[18:13:08.121] [bmv2] [D] [thread 8682] [26.0] [cxt 0] Deparser 'deparser': start
[18:13:08.121] [bmv2] [T] [thread 8682] [26.0] [cxt 0] Skipping checksum 'cksum' update because condition not met
[18:13:08.121] [bmv2] [D] [thread 8682] [26.0] [cxt 0] Deparsing header 'ethernet'
[18:13:08.121] [bmv2] [D] [thread 8682] [26.0] [cxt 0] Deparser 'deparser': end
[18:13:08.121] [bmv2] [D] [thread 8686] [26.0] [cxt 0] Transmitting packet of size 70 out of port 0
[18:13:08.638] [bmv2] [D] [thread 8681] [27.0] [cxt 0] Processing packet received on port 4
[18:13:08.638] [bmv2] [D] [thread 8681] [27.0] [cxt 0] Parser 'parser': start
[18:13:08.638] [bmv2] [D] [thread 8681] [27.0] [cxt 0] Parser 'parser' entering state 'start'
[18:13:08.638] [bmv2] [D] [thread 8681] [27.0] [cxt 0] Extracting header 'ethernet'
[18:13:08.638] [bmv2] [D] [thread 8681] [27.0] [cxt 0] Parser state 'start': key is 86dd
[18:13:08.638] [bmv2] [T] [thread 8681] [27.0] [cxt 0] Bytes parsed: 14
[18:13:08.638] [bmv2] [D] [thread 8681] [27.0] [cxt 0] Parser 'parser': end
[18:13:08.638] [bmv2] [D] [thread 8681] [27.0] [cxt 0] Pipeline 'ingress': start
[18:13:08.638] [bmv2] [T] [thread 8681] [27.0] [cxt 0] tiger.p4(290) Condition "hdr.rtp.isValid()" (node_2) is false
[18:13:08.638] [bmv2] [T] [thread 8681] [27.0] [cxt 0] tiger.p4(293) Condition "hdr.tigercy.isValid()" (node_4) is false
[18:13:08.638] [bmv2] [T] [thread 8681] [27.0] [cxt 0] tiger.p4(296) Condition "hdr.ipv4.isValid()" (node_6) is false
[18:13:08.638] [bmv2] [D] [thread 8681] [27.0] [cxt 0] Pipeline 'ingress': end
[18:13:08.638] [bmv2] [D] [thread 8681] [27.0] [cxt 0] Egress port is 0
[18:13:08.638] [bmv2] [D] [thread 8682] [27.0] [cxt 0] Pipeline 'egress': start
[18:13:08.638] [bmv2] [T] [thread 8682] [27.0] [cxt 0] tiger.p4(333) Condition "hdr.mri.isValid()" (node_10) is false
[18:13:08.638] [bmv2] [D] [thread 8682] [27.0] [cxt 0] Pipeline 'egress': end
[18:13:08.638] [bmv2] [D] [thread 8682] [27.0] [cxt 0] Deparser 'deparser': start
[18:13:08.638] [bmv2] [T] [thread 8682] [27.0] [cxt 0] Skipping checksum 'cksum' update because condition not met
[18:13:08.638] [bmv2] [D] [thread 8682] [27.0] [cxt 0] Deparsing header 'ethernet'
[18:13:08.638] [bmv2] [D] [thread 8682] [27.0] [cxt 0] Deparser 'deparser': end
[18:13:08.638] [bmv2] [D] [thread 8686] [27.0] [cxt 0] Transmitting packet of size 70 out of port 0
[18:13:09.410] [bmv2] [D] [thread 8681] [28.0] [cxt 0] Processing packet received on port 2
[18:13:09.410] [bmv2] [D] [thread 8681] [28.0] [cxt 0] Parser 'parser': start
[18:13:09.410] [bmv2] [D] [thread 8681] [28.0] [cxt 0] Parser 'parser' entering state 'start'
[18:13:09.410] [bmv2] [D] [thread 8681] [28.0] [cxt 0] Extracting header 'ethernet'
[18:13:09.410] [bmv2] [D] [thread 8681] [28.0] [cxt 0] Parser state 'start': key is 86dd
[18:13:09.410] [bmv2] [T] [thread 8681] [28.0] [cxt 0] Bytes parsed: 14
[18:13:09.410] [bmv2] [D] [thread 8681] [28.0] [cxt 0] Parser 'parser': end
[18:13:09.410] [bmv2] [D] [thread 8681] [28.0] [cxt 0] Pipeline 'ingress': start
[18:13:09.410] [bmv2] [T] [thread 8681] [28.0] [cxt 0] tiger.p4(290) Condition "hdr.rtp.isValid()" (node_2) is false
[18:13:09.410] [bmv2] [T] [thread 8681] [28.0] [cxt 0] tiger.p4(293) Condition "hdr.tigercy.isValid()" (node_4) is false
[18:13:09.410] [bmv2] [T] [thread 8681] [28.0] [cxt 0] tiger.p4(296) Condition "hdr.ipv4.isValid()" (node_6) is false
[18:13:09.410] [bmv2] [D] [thread 8681] [28.0] [cxt 0] Pipeline 'ingress': end
[18:13:09.410] [bmv2] [D] [thread 8681] [28.0] [cxt 0] Egress port is 0
[18:13:09.410] [bmv2] [D] [thread 8682] [28.0] [cxt 0] Pipeline 'egress': start
[18:13:09.410] [bmv2] [T] [thread 8682] [28.0] [cxt 0] tiger.p4(333) Condition "hdr.mri.isValid()" (node_10) is false
[18:13:09.410] [bmv2] [D] [thread 8682] [28.0] [cxt 0] Pipeline 'egress': end
[18:13:09.410] [bmv2] [D] [thread 8682] [28.0] [cxt 0] Deparser 'deparser': start
[18:13:09.410] [bmv2] [T] [thread 8682] [28.0] [cxt 0] Skipping checksum 'cksum' update because condition not met
[18:13:09.410] [bmv2] [D] [thread 8682] [28.0] [cxt 0] Deparsing header 'ethernet'
[18:13:09.411] [bmv2] [D] [thread 8682] [28.0] [cxt 0] Deparser 'deparser': end
[18:13:09.411] [bmv2] [D] [thread 8686] [28.0] [cxt 0] Transmitting packet of size 70 out of port 0
[18:13:09.922] [bmv2] [D] [thread 8681] [29.0] [cxt 0] Processing packet received on port 3
[18:13:09.922] [bmv2] [D] [thread 8681] [29.0] [cxt 0] Parser 'parser': start
[18:13:09.922] [bmv2] [D] [thread 8681] [29.0] [cxt 0] Parser 'parser' entering state 'start'
[18:13:09.922] [bmv2] [D] [thread 8681] [29.0] [cxt 0] Extracting header 'ethernet'
[18:13:09.922] [bmv2] [D] [thread 8681] [29.0] [cxt 0] Parser state 'start': key is 86dd
[18:13:09.922] [bmv2] [T] [thread 8681] [29.0] [cxt 0] Bytes parsed: 14
[18:13:09.922] [bmv2] [D] [thread 8681] [29.0] [cxt 0] Parser 'parser': end
[18:13:09.923] [bmv2] [D] [thread 8681] [29.0] [cxt 0] Pipeline 'ingress': start
[18:13:09.923] [bmv2] [T] [thread 8681] [29.0] [cxt 0] tiger.p4(290) Condition "hdr.rtp.isValid()" (node_2) is false
[18:13:09.923] [bmv2] [T] [thread 8681] [29.0] [cxt 0] tiger.p4(293) Condition "hdr.tigercy.isValid()" (node_4) is false
[18:13:09.923] [bmv2] [T] [thread 8681] [29.0] [cxt 0] tiger.p4(296) Condition "hdr.ipv4.isValid()" (node_6) is false
[18:13:09.923] [bmv2] [D] [thread 8681] [29.0] [cxt 0] Pipeline 'ingress': end
[18:13:09.923] [bmv2] [D] [thread 8681] [29.0] [cxt 0] Egress port is 0
[18:13:09.923] [bmv2] [D] [thread 8682] [29.0] [cxt 0] Pipeline 'egress': start
[18:13:09.923] [bmv2] [T] [thread 8682] [29.0] [cxt 0] tiger.p4(333) Condition "hdr.mri.isValid()" (node_10) is false
[18:13:09.923] [bmv2] [D] [thread 8682] [29.0] [cxt 0] Pipeline 'egress': end
[18:13:09.923] [bmv2] [D] [thread 8682] [29.0] [cxt 0] Deparser 'deparser': start
[18:13:09.923] [bmv2] [T] [thread 8682] [29.0] [cxt 0] Skipping checksum 'cksum' update because condition not met
[18:13:09.923] [bmv2] [D] [thread 8682] [29.0] [cxt 0] Deparsing header 'ethernet'
[18:13:09.923] [bmv2] [D] [thread 8682] [29.0] [cxt 0] Deparser 'deparser': end
[18:13:09.923] [bmv2] [D] [thread 8686] [29.0] [cxt 0] Transmitting packet of size 70 out of port 0
[18:13:10.176] [bmv2] [D] [thread 8681] [30.0] [cxt 0] Processing packet received on port 3
[18:13:10.176] [bmv2] [D] [thread 8681] [30.0] [cxt 0] Parser 'parser': start
[18:13:10.176] [bmv2] [D] [thread 8681] [30.0] [cxt 0] Parser 'parser' entering state 'start'
[18:13:10.176] [bmv2] [D] [thread 8681] [30.0] [cxt 0] Extracting header 'ethernet'
[18:13:10.176] [bmv2] [D] [thread 8681] [30.0] [cxt 0] Parser state 'start': key is 86dd
[18:13:10.176] [bmv2] [T] [thread 8681] [30.0] [cxt 0] Bytes parsed: 14
[18:13:10.176] [bmv2] [D] [thread 8681] [30.0] [cxt 0] Parser 'parser': end
[18:13:10.176] [bmv2] [D] [thread 8681] [30.0] [cxt 0] Pipeline 'ingress': start
[18:13:10.176] [bmv2] [T] [thread 8681] [30.0] [cxt 0] tiger.p4(290) Condition "hdr.rtp.isValid()" (node_2) is false
[18:13:10.176] [bmv2] [T] [thread 8681] [30.0] [cxt 0] tiger.p4(293) Condition "hdr.tigercy.isValid()" (node_4) is false
[18:13:10.176] [bmv2] [T] [thread 8681] [30.0] [cxt 0] tiger.p4(296) Condition "hdr.ipv4.isValid()" (node_6) is false
[18:13:10.176] [bmv2] [D] [thread 8681] [30.0] [cxt 0] Pipeline 'ingress': end
[18:13:10.176] [bmv2] [D] [thread 8681] [30.0] [cxt 0] Egress port is 0
[18:13:10.176] [bmv2] [D] [thread 8682] [30.0] [cxt 0] Pipeline 'egress': start
[18:13:10.176] [bmv2] [T] [thread 8682] [30.0] [cxt 0] tiger.p4(333) Condition "hdr.mri.isValid()" (node_10) is false
[18:13:10.176] [bmv2] [D] [thread 8682] [30.0] [cxt 0] Pipeline 'egress': end
[18:13:10.176] [bmv2] [D] [thread 8682] [30.0] [cxt 0] Deparser 'deparser': start
[18:13:10.176] [bmv2] [T] [thread 8682] [30.0] [cxt 0] Skipping checksum 'cksum' update because condition not met
[18:13:10.176] [bmv2] [D] [thread 8682] [30.0] [cxt 0] Deparsing header 'ethernet'
[18:13:10.176] [bmv2] [D] [thread 8682] [30.0] [cxt 0] Deparser 'deparser': end
[18:13:10.176] [bmv2] [D] [thread 8686] [30.0] [cxt 0] Transmitting packet of size 70 out of port 0
[18:13:22.458] [bmv2] [D] [thread 8681] [31.0] [cxt 0] Processing packet received on port 1
[18:13:22.458] [bmv2] [D] [thread 8681] [31.0] [cxt 0] Parser 'parser': start
[18:13:22.458] [bmv2] [D] [thread 8681] [31.0] [cxt 0] Parser 'parser' entering state 'start'
[18:13:22.458] [bmv2] [D] [thread 8681] [31.0] [cxt 0] Extracting header 'ethernet'
[18:13:22.458] [bmv2] [D] [thread 8681] [31.0] [cxt 0] Parser state 'start': key is 86dd
[18:13:22.458] [bmv2] [T] [thread 8681] [31.0] [cxt 0] Bytes parsed: 14
[18:13:22.458] [bmv2] [D] [thread 8681] [31.0] [cxt 0] Parser 'parser': end
[18:13:22.458] [bmv2] [D] [thread 8681] [31.0] [cxt 0] Pipeline 'ingress': start
[18:13:22.458] [bmv2] [T] [thread 8681] [31.0] [cxt 0] tiger.p4(290) Condition "hdr.rtp.isValid()" (node_2) is false
[18:13:22.458] [bmv2] [T] [thread 8681] [31.0] [cxt 0] tiger.p4(293) Condition "hdr.tigercy.isValid()" (node_4) is false
[18:13:22.458] [bmv2] [T] [thread 8681] [31.0] [cxt 0] tiger.p4(296) Condition "hdr.ipv4.isValid()" (node_6) is false
[18:13:22.458] [bmv2] [D] [thread 8681] [31.0] [cxt 0] Pipeline 'ingress': end
[18:13:22.458] [bmv2] [D] [thread 8681] [31.0] [cxt 0] Egress port is 0
[18:13:22.458] [bmv2] [D] [thread 8681] [32.0] [cxt 0] Processing packet received on port 4
[18:13:22.458] [bmv2] [D] [thread 8681] [32.0] [cxt 0] Parser 'parser': start
[18:13:22.458] [bmv2] [D] [thread 8681] [32.0] [cxt 0] Parser 'parser' entering state 'start'
[18:13:22.458] [bmv2] [D] [thread 8681] [32.0] [cxt 0] Extracting header 'ethernet'
[18:13:22.458] [bmv2] [D] [thread 8681] [32.0] [cxt 0] Parser state 'start': key is 86dd
[18:13:22.458] [bmv2] [T] [thread 8681] [32.0] [cxt 0] Bytes parsed: 14
[18:13:22.458] [bmv2] [D] [thread 8681] [32.0] [cxt 0] Parser 'parser': end
[18:13:22.458] [bmv2] [D] [thread 8681] [32.0] [cxt 0] Pipeline 'ingress': start
[18:13:22.458] [bmv2] [T] [thread 8681] [32.0] [cxt 0] tiger.p4(290) Condition "hdr.rtp.isValid()" (node_2) is false
[18:13:22.458] [bmv2] [T] [thread 8681] [32.0] [cxt 0] tiger.p4(293) Condition "hdr.tigercy.isValid()" (node_4) is false
[18:13:22.458] [bmv2] [D] [thread 8682] [31.0] [cxt 0] Pipeline 'egress': start
[18:13:22.458] [bmv2] [T] [thread 8682] [31.0] [cxt 0] tiger.p4(333) Condition "hdr.mri.isValid()" (node_10) is false
[18:13:22.458] [bmv2] [D] [thread 8682] [31.0] [cxt 0] Pipeline 'egress': end
[18:13:22.458] [bmv2] [D] [thread 8682] [31.0] [cxt 0] Deparser 'deparser': start
[18:13:22.458] [bmv2] [T] [thread 8682] [31.0] [cxt 0] Skipping checksum 'cksum' update because condition not met
[18:13:22.458] [bmv2] [D] [thread 8682] [31.0] [cxt 0] Deparsing header 'ethernet'
[18:13:22.458] [bmv2] [D] [thread 8682] [31.0] [cxt 0] Deparser 'deparser': end
[18:13:22.458] [bmv2] [T] [thread 8681] [32.0] [cxt 0] tiger.p4(296) Condition "hdr.ipv4.isValid()" (node_6) is false
[18:13:22.458] [bmv2] [D] [thread 8681] [32.0] [cxt 0] Pipeline 'ingress': end
[18:13:22.458] [bmv2] [D] [thread 8681] [32.0] [cxt 0] Egress port is 0
[18:13:22.458] [bmv2] [D] [thread 8686] [31.0] [cxt 0] Transmitting packet of size 70 out of port 0
[18:13:22.458] [bmv2] [D] [thread 8682] [32.0] [cxt 0] Pipeline 'egress': start
[18:13:22.458] [bmv2] [T] [thread 8682] [32.0] [cxt 0] tiger.p4(333) Condition "hdr.mri.isValid()" (node_10) is false
[18:13:22.458] [bmv2] [D] [thread 8682] [32.0] [cxt 0] Pipeline 'egress': end
[18:13:22.458] [bmv2] [D] [thread 8682] [32.0] [cxt 0] Deparser 'deparser': start
[18:13:22.458] [bmv2] [T] [thread 8682] [32.0] [cxt 0] Skipping checksum 'cksum' update because condition not met
[18:13:22.458] [bmv2] [D] [thread 8682] [32.0] [cxt 0] Deparsing header 'ethernet'
[18:13:22.458] [bmv2] [D] [thread 8682] [32.0] [cxt 0] Deparser 'deparser': end
[18:13:22.459] [bmv2] [D] [thread 8686] [32.0] [cxt 0] Transmitting packet of size 70 out of port 0
[18:13:23.484] [bmv2] [D] [thread 8681] [33.0] [cxt 0] Processing packet received on port 4
[18:13:23.484] [bmv2] [D] [thread 8681] [33.0] [cxt 0] Parser 'parser': start
[18:13:23.484] [bmv2] [D] [thread 8681] [33.0] [cxt 0] Parser 'parser' entering state 'start'
[18:13:23.484] [bmv2] [D] [thread 8681] [33.0] [cxt 0] Extracting header 'ethernet'
[18:13:23.484] [bmv2] [D] [thread 8681] [33.0] [cxt 0] Parser state 'start': key is 86dd
[18:13:23.484] [bmv2] [T] [thread 8681] [33.0] [cxt 0] Bytes parsed: 14
[18:13:23.484] [bmv2] [D] [thread 8681] [33.0] [cxt 0] Parser 'parser': end
[18:13:23.484] [bmv2] [D] [thread 8681] [33.0] [cxt 0] Pipeline 'ingress': start
[18:13:23.485] [bmv2] [T] [thread 8681] [33.0] [cxt 0] tiger.p4(290) Condition "hdr.rtp.isValid()" (node_2) is false
[18:13:23.485] [bmv2] [T] [thread 8681] [33.0] [cxt 0] tiger.p4(293) Condition "hdr.tigercy.isValid()" (node_4) is false
[18:13:23.485] [bmv2] [T] [thread 8681] [33.0] [cxt 0] tiger.p4(296) Condition "hdr.ipv4.isValid()" (node_6) is false
[18:13:23.485] [bmv2] [D] [thread 8681] [33.0] [cxt 0] Pipeline 'ingress': end
[18:13:23.485] [bmv2] [D] [thread 8681] [33.0] [cxt 0] Egress port is 0
[18:13:23.485] [bmv2] [D] [thread 8682] [33.0] [cxt 0] Pipeline 'egress': start
[18:13:23.485] [bmv2] [T] [thread 8682] [33.0] [cxt 0] tiger.p4(333) Condition "hdr.mri.isValid()" (node_10) is false
[18:13:23.485] [bmv2] [D] [thread 8682] [33.0] [cxt 0] Pipeline 'egress': end
[18:13:23.485] [bmv2] [D] [thread 8682] [33.0] [cxt 0] Deparser 'deparser': start
[18:13:23.485] [bmv2] [T] [thread 8682] [33.0] [cxt 0] Skipping checksum 'cksum' update because condition not met
[18:13:23.485] [bmv2] [D] [thread 8682] [33.0] [cxt 0] Deparsing header 'ethernet'
[18:13:23.485] [bmv2] [D] [thread 8682] [33.0] [cxt 0] Deparser 'deparser': end
[18:13:23.485] [bmv2] [D] [thread 8686] [33.0] [cxt 0] Transmitting packet of size 70 out of port 0
[18:13:27.833] [bmv2] [D] [thread 8681] [34.0] [cxt 0] Processing packet received on port 2
[18:13:27.833] [bmv2] [D] [thread 8681] [34.0] [cxt 0] Parser 'parser': start
[18:13:27.833] [bmv2] [D] [thread 8681] [34.0] [cxt 0] Parser 'parser' entering state 'start'
[18:13:27.833] [bmv2] [D] [thread 8681] [34.0] [cxt 0] Extracting header 'ethernet'
[18:13:27.833] [bmv2] [D] [thread 8681] [34.0] [cxt 0] Parser state 'start': key is 86dd
[18:13:27.833] [bmv2] [T] [thread 8681] [34.0] [cxt 0] Bytes parsed: 14
[18:13:27.833] [bmv2] [D] [thread 8681] [34.0] [cxt 0] Parser 'parser': end
[18:13:27.833] [bmv2] [D] [thread 8681] [34.0] [cxt 0] Pipeline 'ingress': start
[18:13:27.833] [bmv2] [T] [thread 8681] [34.0] [cxt 0] tiger.p4(290) Condition "hdr.rtp.isValid()" (node_2) is false
[18:13:27.833] [bmv2] [T] [thread 8681] [34.0] [cxt 0] tiger.p4(293) Condition "hdr.tigercy.isValid()" (node_4) is false
[18:13:27.833] [bmv2] [T] [thread 8681] [34.0] [cxt 0] tiger.p4(296) Condition "hdr.ipv4.isValid()" (node_6) is false
[18:13:27.833] [bmv2] [D] [thread 8681] [34.0] [cxt 0] Pipeline 'ingress': end
[18:13:27.833] [bmv2] [D] [thread 8681] [34.0] [cxt 0] Egress port is 0
[18:13:27.833] [bmv2] [D] [thread 8682] [34.0] [cxt 0] Pipeline 'egress': start
[18:13:27.834] [bmv2] [T] [thread 8682] [34.0] [cxt 0] tiger.p4(333) Condition "hdr.mri.isValid()" (node_10) is false
[18:13:27.834] [bmv2] [D] [thread 8682] [34.0] [cxt 0] Pipeline 'egress': end
[18:13:27.834] [bmv2] [D] [thread 8682] [34.0] [cxt 0] Deparser 'deparser': start
[18:13:27.834] [bmv2] [T] [thread 8682] [34.0] [cxt 0] Skipping checksum 'cksum' update because condition not met
[18:13:27.834] [bmv2] [D] [thread 8682] [34.0] [cxt 0] Deparsing header 'ethernet'
[18:13:27.834] [bmv2] [D] [thread 8682] [34.0] [cxt 0] Deparser 'deparser': end
[18:13:27.834] [bmv2] [D] [thread 8686] [34.0] [cxt 0] Transmitting packet of size 70 out of port 0
[18:13:27.838] [bmv2] [D] [thread 8681] [35.0] [cxt 0] Processing packet received on port 3
[18:13:27.838] [bmv2] [D] [thread 8681] [35.0] [cxt 0] Parser 'parser': start
[18:13:27.838] [bmv2] [D] [thread 8681] [35.0] [cxt 0] Parser 'parser' entering state 'start'
[18:13:27.838] [bmv2] [D] [thread 8681] [35.0] [cxt 0] Extracting header 'ethernet'
[18:13:27.838] [bmv2] [D] [thread 8681] [35.0] [cxt 0] Parser state 'start': key is 86dd
[18:13:27.838] [bmv2] [T] [thread 8681] [35.0] [cxt 0] Bytes parsed: 14
[18:13:27.838] [bmv2] [D] [thread 8681] [35.0] [cxt 0] Parser 'parser': end
[18:13:27.838] [bmv2] [D] [thread 8681] [35.0] [cxt 0] Pipeline 'ingress': start
[18:13:27.838] [bmv2] [T] [thread 8681] [35.0] [cxt 0] tiger.p4(290) Condition "hdr.rtp.isValid()" (node_2) is false
[18:13:27.838] [bmv2] [T] [thread 8681] [35.0] [cxt 0] tiger.p4(293) Condition "hdr.tigercy.isValid()" (node_4) is false
[18:13:27.838] [bmv2] [T] [thread 8681] [35.0] [cxt 0] tiger.p4(296) Condition "hdr.ipv4.isValid()" (node_6) is false
[18:13:27.838] [bmv2] [D] [thread 8681] [35.0] [cxt 0] Pipeline 'ingress': end
[18:13:27.838] [bmv2] [D] [thread 8681] [35.0] [cxt 0] Egress port is 0
[18:13:27.838] [bmv2] [D] [thread 8682] [35.0] [cxt 0] Pipeline 'egress': start
[18:13:27.838] [bmv2] [T] [thread 8682] [35.0] [cxt 0] tiger.p4(333) Condition "hdr.mri.isValid()" (node_10) is false
[18:13:27.838] [bmv2] [D] [thread 8682] [35.0] [cxt 0] Pipeline 'egress': end
[18:13:27.838] [bmv2] [D] [thread 8682] [35.0] [cxt 0] Deparser 'deparser': start
[18:13:27.838] [bmv2] [T] [thread 8682] [35.0] [cxt 0] Skipping checksum 'cksum' update because condition not met
[18:13:27.838] [bmv2] [D] [thread 8682] [35.0] [cxt 0] Deparsing header 'ethernet'
[18:13:27.838] [bmv2] [D] [thread 8682] [35.0] [cxt 0] Deparser 'deparser': end
[18:13:27.838] [bmv2] [D] [thread 8686] [35.0] [cxt 0] Transmitting packet of size 70 out of port 0
[18:13:29.882] [bmv2] [D] [thread 8681] [36.0] [cxt 0] Processing packet received on port 3
[18:13:29.882] [bmv2] [D] [thread 8681] [36.0] [cxt 0] Parser 'parser': start
[18:13:29.882] [bmv2] [D] [thread 8681] [36.0] [cxt 0] Parser 'parser' entering state 'start'
[18:13:29.882] [bmv2] [D] [thread 8681] [36.0] [cxt 0] Extracting header 'ethernet'
[18:13:29.882] [bmv2] [D] [thread 8681] [36.0] [cxt 0] Parser state 'start': key is 86dd
[18:13:29.882] [bmv2] [T] [thread 8681] [36.0] [cxt 0] Bytes parsed: 14
[18:13:29.882] [bmv2] [D] [thread 8681] [36.0] [cxt 0] Parser 'parser': end
[18:13:29.882] [bmv2] [D] [thread 8681] [36.0] [cxt 0] Pipeline 'ingress': start
[18:13:29.882] [bmv2] [T] [thread 8681] [36.0] [cxt 0] tiger.p4(290) Condition "hdr.rtp.isValid()" (node_2) is false
[18:13:29.882] [bmv2] [T] [thread 8681] [36.0] [cxt 0] tiger.p4(293) Condition "hdr.tigercy.isValid()" (node_4) is false
[18:13:29.882] [bmv2] [T] [thread 8681] [36.0] [cxt 0] tiger.p4(296) Condition "hdr.ipv4.isValid()" (node_6) is false
[18:13:29.882] [bmv2] [D] [thread 8681] [36.0] [cxt 0] Pipeline 'ingress': end
[18:13:29.882] [bmv2] [D] [thread 8681] [36.0] [cxt 0] Egress port is 0
[18:13:29.882] [bmv2] [D] [thread 8682] [36.0] [cxt 0] Pipeline 'egress': start
[18:13:29.882] [bmv2] [T] [thread 8682] [36.0] [cxt 0] tiger.p4(333) Condition "hdr.mri.isValid()" (node_10) is false
[18:13:29.882] [bmv2] [D] [thread 8682] [36.0] [cxt 0] Pipeline 'egress': end
[18:13:29.882] [bmv2] [D] [thread 8682] [36.0] [cxt 0] Deparser 'deparser': start
[18:13:29.882] [bmv2] [T] [thread 8682] [36.0] [cxt 0] Skipping checksum 'cksum' update because condition not met
[18:13:29.882] [bmv2] [D] [thread 8682] [36.0] [cxt 0] Deparsing header 'ethernet'
[18:13:29.882] [bmv2] [D] [thread 8682] [36.0] [cxt 0] Deparser 'deparser': end
[18:13:29.882] [bmv2] [D] [thread 8686] [36.0] [cxt 0] Transmitting packet of size 70 out of port 0
