Calling target program-options parser
Adding interface s5-eth1 as port 1
[18:12:57.857] [bmv2] [D] [thread 8628] Adding interface s5-eth1 as port 1
Adding interface s5-eth2 as port 2
[18:12:57.874] [bmv2] [D] [thread 8628] Adding interface s5-eth2 as port 2
Adding interface s5-eth3 as port 3
[18:12:57.895] [bmv2] [D] [thread 8628] Adding interface s5-eth3 as port 3
Adding interface s5-eth4 as port 4
[18:12:57.930] [bmv2] [D] [thread 8628] Adding interface s5-eth4 as port 4
Server listening on 0.0.0.0:50055
[18:12:57.953] [bmv2] [I] [thread 8628] Starting Thrift server on port 9094
[18:12:57.954] [bmv2] [I] [thread 8628] Thrift server was started
[18:12:59.543] [bmv2] [W] [thread 8724] [P4Runtime] p4::tmp::P4DeviceConfig is deprecated
[18:12:59.545] [bmv2] [D] [thread 8724] Set default default entry for table 'MyIngress.rtp_lpm': MyIngress.drop - 
[18:12:59.545] [bmv2] [D] [thread 8724] Set default default entry for table 'MyIngress.tigercy_lpm': MyIngress.drop - 
[18:12:59.545] [bmv2] [D] [thread 8724] Set default default entry for table 'MyIngress.ipv4_lpm': MyIngress.drop - 
[18:12:59.545] [bmv2] [D] [thread 8724] Set default default entry for table 'MyEgress.swtrace': NoAction - 
[18:12:59.546] [bmv2] [D] [thread 8724] simple_switch target has been notified of a config swap
[18:12:59.547] [bmv2] [D] [thread 8725] Set default entry for table 'MyIngress.ipv4_lpm': MyIngress.drop - 
[18:12:59.547] [bmv2] [D] [thread 8724] Set default entry for table 'MyIngress.tigercy_lpm': MyIngress.drop - 
[18:12:59.548] [bmv2] [D] [thread 8725] Set default entry for table 'MyIngress.rtp_lpm': MyIngress.drop - 
[18:12:59.548] [bmv2] [D] [thread 8724] Entry 0 added to table 'MyIngress.ipv4_lpm'
[18:12:59.548] [bmv2] [D] [thread 8724] Dumping entry 0
Match key:
* hdr.ipv4.dstAddr    : LPM       0a000101/32
Action entry: MyIngress.ipv4_forward - 80000000111,2,

[18:12:59.549] [bmv2] [D] [thread 8725] Entry 1 added to table 'MyIngress.ipv4_lpm'
[18:12:59.549] [bmv2] [D] [thread 8725] Dumping entry 1
Match key:
* hdr.ipv4.dstAddr    : LPM       0a000202/32
Action entry: MyIngress.ipv4_forward - 80000000222,2,

[18:12:59.550] [bmv2] [D] [thread 8724] Entry 2 added to table 'MyIngress.ipv4_lpm'
[18:12:59.550] [bmv2] [D] [thread 8724] Dumping entry 2
Match key:
* hdr.ipv4.dstAddr    : LPM       0a000404/32
Action entry: MyIngress.ipv4_forward - 80000000444,3,

[18:12:59.550] [bmv2] [D] [thread 8725] Entry 3 added to table 'MyIngress.ipv4_lpm'
[18:12:59.550] [bmv2] [D] [thread 8725] Dumping entry 3
Match key:
* hdr.ipv4.dstAddr    : LPM       0a000303/32
Action entry: MyIngress.ipv4_forward - 80000000333,3,

[18:12:59.551] [bmv2] [D] [thread 8724] Entry 4 added to table 'MyIngress.ipv4_lpm'
[18:12:59.551] [bmv2] [D] [thread 8724] Dumping entry 4
Match key:
* hdr.ipv4.dstAddr    : LPM       0a000505/32
Action entry: MyIngress.ipv4_forward - 80000000555,4,

[18:12:59.551] [bmv2] [D] [thread 8725] Entry 5 added to table 'MyIngress.ipv4_lpm'
[18:12:59.551] [bmv2] [D] [thread 8725] Dumping entry 5
Match key:
* hdr.ipv4.dstAddr    : LPM       0a000606/32
Action entry: MyIngress.ipv4_forward - 80000000666,4,

[18:12:59.552] [bmv2] [D] [thread 8724] Entry 0 added to table 'MyIngress.rtp_lpm'
[18:12:59.552] [bmv2] [D] [thread 8724] Dumping entry 0
Match key:
* hdr.rtp.dstAddr     : LPM       0a000101/32
Action entry: MyIngress.rtp_forward - 80000000111,2,

[18:12:59.553] [bmv2] [D] [thread 8725] Entry 1 added to table 'MyIngress.rtp_lpm'
[18:12:59.553] [bmv2] [D] [thread 8725] Dumping entry 1
Match key:
* hdr.rtp.dstAddr     : LPM       0a000202/32
Action entry: MyIngress.rtp_forward - 80000000222,2,

[18:12:59.553] [bmv2] [D] [thread 8724] Entry 2 added to table 'MyIngress.rtp_lpm'
[18:12:59.553] [bmv2] [D] [thread 8724] Dumping entry 2
Match key:
* hdr.rtp.dstAddr     : LPM       0a000404/32
Action entry: MyIngress.rtp_forward - 80000000444,3,

[18:12:59.554] [bmv2] [D] [thread 8725] Entry 3 added to table 'MyIngress.rtp_lpm'
[18:12:59.554] [bmv2] [D] [thread 8725] Dumping entry 3
Match key:
* hdr.rtp.dstAddr     : LPM       0a000303/32
Action entry: MyIngress.rtp_forward - 80000000333,3,

[18:12:59.554] [bmv2] [D] [thread 8724] Entry 4 added to table 'MyIngress.rtp_lpm'
[18:12:59.554] [bmv2] [D] [thread 8724] Dumping entry 4
Match key:
* hdr.rtp.dstAddr     : LPM       0a000505/32
Action entry: MyIngress.rtp_forward - 80000000555,4,

[18:12:59.555] [bmv2] [D] [thread 8725] Entry 5 added to table 'MyIngress.rtp_lpm'
[18:12:59.555] [bmv2] [D] [thread 8725] Dumping entry 5
Match key:
* hdr.rtp.dstAddr     : LPM       0a000606/32
Action entry: MyIngress.rtp_forward - 80000000666,4,

[18:13:00.441] [bmv2] [D] [thread 8732] [0.0] [cxt 0] Processing packet received on port 2
[18:13:00.441] [bmv2] [D] [thread 8732] [0.0] [cxt 0] Parser 'parser': start
[18:13:00.441] [bmv2] [D] [thread 8732] [0.0] [cxt 0] Parser 'parser' entering state 'start'
[18:13:00.441] [bmv2] [D] [thread 8732] [0.0] [cxt 0] Extracting header 'ethernet'
[18:13:00.441] [bmv2] [D] [thread 8732] [0.0] [cxt 0] Parser state 'start': key is 86dd
[18:13:00.441] [bmv2] [T] [thread 8732] [0.0] [cxt 0] Bytes parsed: 14
[18:13:00.441] [bmv2] [D] [thread 8732] [0.0] [cxt 0] Parser 'parser': end
[18:13:00.441] [bmv2] [D] [thread 8732] [0.0] [cxt 0] Pipeline 'ingress': start
[18:13:00.441] [bmv2] [T] [thread 8732] [0.0] [cxt 0] tiger.p4(290) Condition "hdr.rtp.isValid()" (node_2) is false
[18:13:00.441] [bmv2] [T] [thread 8732] [0.0] [cxt 0] tiger.p4(293) Condition "hdr.tigercy.isValid()" (node_4) is false
[18:13:00.442] [bmv2] [T] [thread 8732] [0.0] [cxt 0] tiger.p4(296) Condition "hdr.ipv4.isValid()" (node_6) is false
[18:13:00.442] [bmv2] [D] [thread 8732] [0.0] [cxt 0] Pipeline 'ingress': end
[18:13:00.442] [bmv2] [D] [thread 8732] [0.0] [cxt 0] Egress port is 0
[18:13:00.442] [bmv2] [D] [thread 8732] [1.0] [cxt 0] Processing packet received on port 3
[18:13:00.442] [bmv2] [D] [thread 8732] [1.0] [cxt 0] Parser 'parser': start
[18:13:00.442] [bmv2] [D] [thread 8732] [1.0] [cxt 0] Parser 'parser' entering state 'start'
[18:13:00.442] [bmv2] [D] [thread 8732] [1.0] [cxt 0] Extracting header 'ethernet'
[18:13:00.442] [bmv2] [D] [thread 8732] [1.0] [cxt 0] Parser state 'start': key is 86dd
[18:13:00.442] [bmv2] [T] [thread 8732] [1.0] [cxt 0] Bytes parsed: 14
[18:13:00.442] [bmv2] [D] [thread 8732] [1.0] [cxt 0] Parser 'parser': end
[18:13:00.442] [bmv2] [D] [thread 8732] [1.0] [cxt 0] Pipeline 'ingress': start
[18:13:00.442] [bmv2] [T] [thread 8732] [1.0] [cxt 0] tiger.p4(290) Condition "hdr.rtp.isValid()" (node_2) is false
[18:13:00.442] [bmv2] [T] [thread 8732] [1.0] [cxt 0] tiger.p4(293) Condition "hdr.tigercy.isValid()" (node_4) is false
[18:13:00.442] [bmv2] [T] [thread 8732] [1.0] [cxt 0] tiger.p4(296) Condition "hdr.ipv4.isValid()" (node_6) is false
[18:13:00.442] [bmv2] [D] [thread 8732] [1.0] [cxt 0] Pipeline 'ingress': end
[18:13:00.442] [bmv2] [D] [thread 8732] [1.0] [cxt 0] Egress port is 0
[18:13:00.442] [bmv2] [D] [thread 8733] [0.0] [cxt 0] Pipeline 'egress': start
[18:13:00.442] [bmv2] [T] [thread 8733] [0.0] [cxt 0] tiger.p4(333) Condition "hdr.mri.isValid()" (node_10) is false
[18:13:00.442] [bmv2] [D] [thread 8733] [0.0] [cxt 0] Pipeline 'egress': end
[18:13:00.442] [bmv2] [D] [thread 8733] [0.0] [cxt 0] Deparser 'deparser': start
[18:13:00.442] [bmv2] [T] [thread 8733] [0.0] [cxt 0] Skipping checksum 'cksum' update because condition not met
[18:13:00.442] [bmv2] [D] [thread 8733] [0.0] [cxt 0] Deparsing header 'ethernet'
[18:13:00.442] [bmv2] [D] [thread 8733] [0.0] [cxt 0] Deparser 'deparser': end
[18:13:00.442] [bmv2] [D] [thread 8733] [1.0] [cxt 0] Pipeline 'egress': start
[18:13:00.442] [bmv2] [T] [thread 8733] [1.0] [cxt 0] tiger.p4(333) Condition "hdr.mri.isValid()" (node_10) is false
[18:13:00.442] [bmv2] [D] [thread 8733] [1.0] [cxt 0] Pipeline 'egress': end
[18:13:00.442] [bmv2] [D] [thread 8733] [1.0] [cxt 0] Deparser 'deparser': start
[18:13:00.442] [bmv2] [T] [thread 8733] [1.0] [cxt 0] Skipping checksum 'cksum' update because condition not met
[18:13:00.442] [bmv2] [D] [thread 8733] [1.0] [cxt 0] Deparsing header 'ethernet'
[18:13:00.442] [bmv2] [D] [thread 8733] [1.0] [cxt 0] Deparser 'deparser': end
[18:13:00.442] [bmv2] [D] [thread 8737] [0.0] [cxt 0] Transmitting packet of size 70 out of port 0
[18:13:00.442] [bmv2] [D] [thread 8737] [1.0] [cxt 0] Transmitting packet of size 70 out of port 0
[18:13:00.954] [bmv2] [D] [thread 8732] [2.0] [cxt 0] Processing packet received on port 2
[18:13:00.954] [bmv2] [D] [thread 8732] [2.0] [cxt 0] Parser 'parser': start
[18:13:00.954] [bmv2] [D] [thread 8732] [2.0] [cxt 0] Parser 'parser' entering state 'start'
[18:13:00.954] [bmv2] [D] [thread 8732] [2.0] [cxt 0] Extracting header 'ethernet'
[18:13:00.954] [bmv2] [D] [thread 8732] [2.0] [cxt 0] Parser state 'start': key is 86dd
[18:13:00.954] [bmv2] [T] [thread 8732] [2.0] [cxt 0] Bytes parsed: 14
[18:13:00.954] [bmv2] [D] [thread 8732] [2.0] [cxt 0] Parser 'parser': end
[18:13:00.954] [bmv2] [D] [thread 8732] [2.0] [cxt 0] Pipeline 'ingress': start
[18:13:00.954] [bmv2] [T] [thread 8732] [2.0] [cxt 0] tiger.p4(290) Condition "hdr.rtp.isValid()" (node_2) is false
[18:13:00.954] [bmv2] [T] [thread 8732] [2.0] [cxt 0] tiger.p4(293) Condition "hdr.tigercy.isValid()" (node_4) is false
[18:13:00.954] [bmv2] [T] [thread 8732] [2.0] [cxt 0] tiger.p4(296) Condition "hdr.ipv4.isValid()" (node_6) is false
[18:13:00.954] [bmv2] [D] [thread 8732] [2.0] [cxt 0] Pipeline 'ingress': end
[18:13:00.954] [bmv2] [D] [thread 8732] [2.0] [cxt 0] Egress port is 0
[18:13:00.954] [bmv2] [D] [thread 8732] [3.0] [cxt 0] Processing packet received on port 4
[18:13:00.954] [bmv2] [D] [thread 8732] [3.0] [cxt 0] Parser 'parser': start
[18:13:00.954] [bmv2] [D] [thread 8732] [3.0] [cxt 0] Parser 'parser' entering state 'start'
[18:13:00.954] [bmv2] [D] [thread 8732] [3.0] [cxt 0] Extracting header 'ethernet'
[18:13:00.954] [bmv2] [D] [thread 8732] [3.0] [cxt 0] Parser state 'start': key is 86dd
[18:13:00.954] [bmv2] [T] [thread 8732] [3.0] [cxt 0] Bytes parsed: 14
[18:13:00.954] [bmv2] [D] [thread 8732] [3.0] [cxt 0] Parser 'parser': end
[18:13:00.954] [bmv2] [D] [thread 8732] [3.0] [cxt 0] Pipeline 'ingress': start
[18:13:00.954] [bmv2] [T] [thread 8732] [3.0] [cxt 0] tiger.p4(290) Condition "hdr.rtp.isValid()" (node_2) is false
[18:13:00.954] [bmv2] [T] [thread 8732] [3.0] [cxt 0] tiger.p4(293) Condition "hdr.tigercy.isValid()" (node_4) is false
[18:13:00.954] [bmv2] [T] [thread 8732] [3.0] [cxt 0] tiger.p4(296) Condition "hdr.ipv4.isValid()" (node_6) is false
[18:13:00.954] [bmv2] [D] [thread 8732] [3.0] [cxt 0] Pipeline 'ingress': end
[18:13:00.954] [bmv2] [D] [thread 8732] [3.0] [cxt 0] Egress port is 0
[18:13:00.954] [bmv2] [D] [thread 8733] [2.0] [cxt 0] Pipeline 'egress': start
[18:13:00.955] [bmv2] [T] [thread 8733] [2.0] [cxt 0] tiger.p4(333) Condition "hdr.mri.isValid()" (node_10) is false
[18:13:00.955] [bmv2] [D] [thread 8733] [2.0] [cxt 0] Pipeline 'egress': end
[18:13:00.955] [bmv2] [D] [thread 8733] [2.0] [cxt 0] Deparser 'deparser': start
[18:13:00.955] [bmv2] [T] [thread 8733] [2.0] [cxt 0] Skipping checksum 'cksum' update because condition not met
[18:13:00.955] [bmv2] [D] [thread 8733] [2.0] [cxt 0] Deparsing header 'ethernet'
[18:13:00.955] [bmv2] [D] [thread 8733] [2.0] [cxt 0] Deparser 'deparser': end
[18:13:00.955] [bmv2] [D] [thread 8733] [3.0] [cxt 0] Pipeline 'egress': start
[18:13:00.955] [bmv2] [T] [thread 8733] [3.0] [cxt 0] tiger.p4(333) Condition "hdr.mri.isValid()" (node_10) is false
[18:13:00.955] [bmv2] [D] [thread 8733] [3.0] [cxt 0] Pipeline 'egress': end
[18:13:00.955] [bmv2] [D] [thread 8733] [3.0] [cxt 0] Deparser 'deparser': start
[18:13:00.955] [bmv2] [T] [thread 8733] [3.0] [cxt 0] Skipping checksum 'cksum' update because condition not met
[18:13:00.955] [bmv2] [D] [thread 8733] [3.0] [cxt 0] Deparsing header 'ethernet'
[18:13:00.955] [bmv2] [D] [thread 8733] [3.0] [cxt 0] Deparser 'deparser': end
[18:13:00.955] [bmv2] [D] [thread 8737] [2.0] [cxt 0] Transmitting packet of size 70 out of port 0
[18:13:00.955] [bmv2] [D] [thread 8737] [3.0] [cxt 0] Transmitting packet of size 70 out of port 0
[18:13:01.211] [bmv2] [D] [thread 8732] [4.0] [cxt 0] Processing packet received on port 1
[18:13:01.211] [bmv2] [D] [thread 8732] [4.0] [cxt 0] Parser 'parser': start
[18:13:01.211] [bmv2] [D] [thread 8732] [4.0] [cxt 0] Parser 'parser' entering state 'start'
[18:13:01.211] [bmv2] [D] [thread 8732] [4.0] [cxt 0] Extracting header 'ethernet'
[18:13:01.211] [bmv2] [D] [thread 8732] [4.0] [cxt 0] Parser state 'start': key is 86dd
[18:13:01.211] [bmv2] [T] [thread 8732] [4.0] [cxt 0] Bytes parsed: 14
[18:13:01.211] [bmv2] [D] [thread 8732] [4.0] [cxt 0] Parser 'parser': end
[18:13:01.211] [bmv2] [D] [thread 8732] [4.0] [cxt 0] Pipeline 'ingress': start
[18:13:01.211] [bmv2] [T] [thread 8732] [4.0] [cxt 0] tiger.p4(290) Condition "hdr.rtp.isValid()" (node_2) is false
[18:13:01.211] [bmv2] [T] [thread 8732] [4.0] [cxt 0] tiger.p4(293) Condition "hdr.tigercy.isValid()" (node_4) is false
[18:13:01.211] [bmv2] [T] [thread 8732] [4.0] [cxt 0] tiger.p4(296) Condition "hdr.ipv4.isValid()" (node_6) is false
[18:13:01.211] [bmv2] [D] [thread 8732] [4.0] [cxt 0] Pipeline 'ingress': end
[18:13:01.211] [bmv2] [D] [thread 8732] [4.0] [cxt 0] Egress port is 0
[18:13:01.211] [bmv2] [D] [thread 8732] [5.0] [cxt 0] Processing packet received on port 3
[18:13:01.211] [bmv2] [D] [thread 8732] [5.0] [cxt 0] Parser 'parser': start
[18:13:01.211] [bmv2] [D] [thread 8732] [5.0] [cxt 0] Parser 'parser' entering state 'start'
[18:13:01.211] [bmv2] [D] [thread 8732] [5.0] [cxt 0] Extracting header 'ethernet'
[18:13:01.211] [bmv2] [D] [thread 8732] [5.0] [cxt 0] Parser state 'start': key is 86dd
[18:13:01.211] [bmv2] [T] [thread 8732] [5.0] [cxt 0] Bytes parsed: 14
[18:13:01.211] [bmv2] [D] [thread 8732] [5.0] [cxt 0] Parser 'parser': end
[18:13:01.211] [bmv2] [D] [thread 8732] [5.0] [cxt 0] Pipeline 'ingress': start
[18:13:01.211] [bmv2] [T] [thread 8732] [5.0] [cxt 0] tiger.p4(290) Condition "hdr.rtp.isValid()" (node_2) is false
[18:13:01.211] [bmv2] [T] [thread 8732] [5.0] [cxt 0] tiger.p4(293) Condition "hdr.tigercy.isValid()" (node_4) is false
[18:13:01.211] [bmv2] [T] [thread 8732] [5.0] [cxt 0] tiger.p4(296) Condition "hdr.ipv4.isValid()" (node_6) is false
[18:13:01.211] [bmv2] [D] [thread 8732] [5.0] [cxt 0] Pipeline 'ingress': end
[18:13:01.211] [bmv2] [D] [thread 8732] [5.0] [cxt 0] Egress port is 0
[18:13:01.211] [bmv2] [D] [thread 8732] [6.0] [cxt 0] Processing packet received on port 4
[18:13:01.211] [bmv2] [D] [thread 8732] [6.0] [cxt 0] Parser 'parser': start
[18:13:01.211] [bmv2] [D] [thread 8732] [6.0] [cxt 0] Parser 'parser' entering state 'start'
[18:13:01.211] [bmv2] [D] [thread 8732] [6.0] [cxt 0] Extracting header 'ethernet'
[18:13:01.211] [bmv2] [D] [thread 8732] [6.0] [cxt 0] Parser state 'start': key is 86dd
[18:13:01.211] [bmv2] [T] [thread 8732] [6.0] [cxt 0] Bytes parsed: 14
[18:13:01.211] [bmv2] [D] [thread 8732] [6.0] [cxt 0] Parser 'parser': end
[18:13:01.211] [bmv2] [D] [thread 8732] [6.0] [cxt 0] Pipeline 'ingress': start
[18:13:01.211] [bmv2] [T] [thread 8732] [6.0] [cxt 0] tiger.p4(290) Condition "hdr.rtp.isValid()" (node_2) is false
[18:13:01.211] [bmv2] [T] [thread 8732] [6.0] [cxt 0] tiger.p4(293) Condition "hdr.tigercy.isValid()" (node_4) is false
[18:13:01.211] [bmv2] [T] [thread 8732] [6.0] [cxt 0] tiger.p4(296) Condition "hdr.ipv4.isValid()" (node_6) is false
[18:13:01.211] [bmv2] [D] [thread 8732] [6.0] [cxt 0] Pipeline 'ingress': end
[18:13:01.211] [bmv2] [D] [thread 8732] [6.0] [cxt 0] Egress port is 0
[18:13:01.212] [bmv2] [D] [thread 8733] [4.0] [cxt 0] Pipeline 'egress': start
[18:13:01.212] [bmv2] [T] [thread 8733] [4.0] [cxt 0] tiger.p4(333) Condition "hdr.mri.isValid()" (node_10) is false
[18:13:01.212] [bmv2] [D] [thread 8733] [4.0] [cxt 0] Pipeline 'egress': end
[18:13:01.212] [bmv2] [D] [thread 8733] [4.0] [cxt 0] Deparser 'deparser': start
[18:13:01.212] [bmv2] [T] [thread 8733] [4.0] [cxt 0] Skipping checksum 'cksum' update because condition not met
[18:13:01.212] [bmv2] [D] [thread 8733] [4.0] [cxt 0] Deparsing header 'ethernet'
[18:13:01.212] [bmv2] [D] [thread 8733] [4.0] [cxt 0] Deparser 'deparser': end
[18:13:01.212] [bmv2] [D] [thread 8733] [5.0] [cxt 0] Pipeline 'egress': start
[18:13:01.212] [bmv2] [T] [thread 8733] [5.0] [cxt 0] tiger.p4(333) Condition "hdr.mri.isValid()" (node_10) is false
[18:13:01.212] [bmv2] [D] [thread 8733] [5.0] [cxt 0] Pipeline 'egress': end
[18:13:01.212] [bmv2] [D] [thread 8733] [5.0] [cxt 0] Deparser 'deparser': start
[18:13:01.212] [bmv2] [T] [thread 8733] [5.0] [cxt 0] Skipping checksum 'cksum' update because condition not met
[18:13:01.212] [bmv2] [D] [thread 8733] [5.0] [cxt 0] Deparsing header 'ethernet'
[18:13:01.212] [bmv2] [D] [thread 8733] [5.0] [cxt 0] Deparser 'deparser': end
[18:13:01.212] [bmv2] [D] [thread 8733] [6.0] [cxt 0] Pipeline 'egress': start
[18:13:01.212] [bmv2] [T] [thread 8733] [6.0] [cxt 0] tiger.p4(333) Condition "hdr.mri.isValid()" (node_10) is false
[18:13:01.212] [bmv2] [D] [thread 8733] [6.0] [cxt 0] Pipeline 'egress': end
[18:13:01.212] [bmv2] [D] [thread 8733] [6.0] [cxt 0] Deparser 'deparser': start
[18:13:01.212] [bmv2] [T] [thread 8733] [6.0] [cxt 0] Skipping checksum 'cksum' update because condition not met
[18:13:01.212] [bmv2] [D] [thread 8733] [6.0] [cxt 0] Deparsing header 'ethernet'
[18:13:01.212] [bmv2] [D] [thread 8733] [6.0] [cxt 0] Deparser 'deparser': end
[18:13:01.212] [bmv2] [D] [thread 8737] [4.0] [cxt 0] Transmitting packet of size 70 out of port 0
[18:13:01.212] [bmv2] [D] [thread 8737] [5.0] [cxt 0] Transmitting packet of size 70 out of port 0
[18:13:01.212] [bmv2] [D] [thread 8737] [6.0] [cxt 0] Transmitting packet of size 70 out of port 0
[18:13:01.465] [bmv2] [D] [thread 8732] [7.0] [cxt 0] Processing packet received on port 1
[18:13:01.465] [bmv2] [D] [thread 8732] [7.0] [cxt 0] Parser 'parser': start
[18:13:01.465] [bmv2] [D] [thread 8732] [7.0] [cxt 0] Parser 'parser' entering state 'start'
[18:13:01.465] [bmv2] [D] [thread 8732] [7.0] [cxt 0] Extracting header 'ethernet'
[18:13:01.465] [bmv2] [D] [thread 8732] [7.0] [cxt 0] Parser state 'start': key is 86dd
[18:13:01.465] [bmv2] [T] [thread 8732] [7.0] [cxt 0] Bytes parsed: 14
[18:13:01.465] [bmv2] [D] [thread 8732] [7.0] [cxt 0] Parser 'parser': end
[18:13:01.465] [bmv2] [D] [thread 8732] [7.0] [cxt 0] Pipeline 'ingress': start
[18:13:01.465] [bmv2] [T] [thread 8732] [7.0] [cxt 0] tiger.p4(290) Condition "hdr.rtp.isValid()" (node_2) is false
[18:13:01.465] [bmv2] [T] [thread 8732] [7.0] [cxt 0] tiger.p4(293) Condition "hdr.tigercy.isValid()" (node_4) is false
[18:13:01.465] [bmv2] [T] [thread 8732] [7.0] [cxt 0] tiger.p4(296) Condition "hdr.ipv4.isValid()" (node_6) is false
[18:13:01.466] [bmv2] [D] [thread 8732] [7.0] [cxt 0] Pipeline 'ingress': end
[18:13:01.466] [bmv2] [D] [thread 8732] [7.0] [cxt 0] Egress port is 0
[18:13:01.466] [bmv2] [D] [thread 8733] [7.0] [cxt 0] Pipeline 'egress': start
[18:13:01.466] [bmv2] [T] [thread 8733] [7.0] [cxt 0] tiger.p4(333) Condition "hdr.mri.isValid()" (node_10) is false
[18:13:01.466] [bmv2] [D] [thread 8733] [7.0] [cxt 0] Pipeline 'egress': end
[18:13:01.466] [bmv2] [D] [thread 8733] [7.0] [cxt 0] Deparser 'deparser': start
[18:13:01.467] [bmv2] [T] [thread 8733] [7.0] [cxt 0] Skipping checksum 'cksum' update because condition not met
[18:13:01.467] [bmv2] [D] [thread 8733] [7.0] [cxt 0] Deparsing header 'ethernet'
[18:13:01.467] [bmv2] [D] [thread 8733] [7.0] [cxt 0] Deparser 'deparser': end
[18:13:01.467] [bmv2] [D] [thread 8737] [7.0] [cxt 0] Transmitting packet of size 70 out of port 0
[18:13:07.865] [bmv2] [D] [thread 8732] [8.0] [cxt 0] Processing packet received on port 2
[18:13:07.865] [bmv2] [D] [thread 8732] [8.0] [cxt 0] Parser 'parser': start
[18:13:07.865] [bmv2] [D] [thread 8732] [8.0] [cxt 0] Parser 'parser' entering state 'start'
[18:13:07.865] [bmv2] [D] [thread 8732] [8.0] [cxt 0] Extracting header 'ethernet'
[18:13:07.865] [bmv2] [D] [thread 8732] [8.0] [cxt 0] Parser state 'start': key is 86dd
[18:13:07.865] [bmv2] [T] [thread 8732] [8.0] [cxt 0] Bytes parsed: 14
[18:13:07.865] [bmv2] [D] [thread 8732] [8.0] [cxt 0] Parser 'parser': end
[18:13:07.865] [bmv2] [D] [thread 8732] [8.0] [cxt 0] Pipeline 'ingress': start
[18:13:07.865] [bmv2] [T] [thread 8732] [8.0] [cxt 0] tiger.p4(290) Condition "hdr.rtp.isValid()" (node_2) is false
[18:13:07.865] [bmv2] [T] [thread 8732] [8.0] [cxt 0] tiger.p4(293) Condition "hdr.tigercy.isValid()" (node_4) is false
[18:13:07.865] [bmv2] [T] [thread 8732] [8.0] [cxt 0] tiger.p4(296) Condition "hdr.ipv4.isValid()" (node_6) is false
[18:13:07.865] [bmv2] [D] [thread 8732] [8.0] [cxt 0] Pipeline 'ingress': end
[18:13:07.865] [bmv2] [D] [thread 8732] [8.0] [cxt 0] Egress port is 0
[18:13:07.866] [bmv2] [D] [thread 8733] [8.0] [cxt 0] Pipeline 'egress': start
[18:13:07.866] [bmv2] [T] [thread 8733] [8.0] [cxt 0] tiger.p4(333) Condition "hdr.mri.isValid()" (node_10) is false
[18:13:07.866] [bmv2] [D] [thread 8733] [8.0] [cxt 0] Pipeline 'egress': end
[18:13:07.866] [bmv2] [D] [thread 8733] [8.0] [cxt 0] Deparser 'deparser': start
[18:13:07.866] [bmv2] [T] [thread 8733] [8.0] [cxt 0] Skipping checksum 'cksum' update because condition not met
[18:13:07.866] [bmv2] [D] [thread 8733] [8.0] [cxt 0] Deparsing header 'ethernet'
[18:13:07.866] [bmv2] [D] [thread 8733] [8.0] [cxt 0] Deparser 'deparser': end
[18:13:07.866] [bmv2] [D] [thread 8737] [8.0] [cxt 0] Transmitting packet of size 70 out of port 0
[18:13:07.869] [bmv2] [D] [thread 8732] [9.0] [cxt 0] Processing packet received on port 3
[18:13:07.869] [bmv2] [D] [thread 8732] [9.0] [cxt 0] Parser 'parser': start
[18:13:07.869] [bmv2] [D] [thread 8732] [9.0] [cxt 0] Parser 'parser' entering state 'start'
[18:13:07.869] [bmv2] [D] [thread 8732] [9.0] [cxt 0] Extracting header 'ethernet'
[18:13:07.869] [bmv2] [D] [thread 8732] [9.0] [cxt 0] Parser state 'start': key is 86dd
[18:13:07.869] [bmv2] [T] [thread 8732] [9.0] [cxt 0] Bytes parsed: 14
[18:13:07.869] [bmv2] [D] [thread 8732] [9.0] [cxt 0] Parser 'parser': end
[18:13:07.869] [bmv2] [D] [thread 8732] [9.0] [cxt 0] Pipeline 'ingress': start
[18:13:07.869] [bmv2] [T] [thread 8732] [9.0] [cxt 0] tiger.p4(290) Condition "hdr.rtp.isValid()" (node_2) is false
[18:13:07.869] [bmv2] [T] [thread 8732] [9.0] [cxt 0] tiger.p4(293) Condition "hdr.tigercy.isValid()" (node_4) is false
[18:13:07.869] [bmv2] [T] [thread 8732] [9.0] [cxt 0] tiger.p4(296) Condition "hdr.ipv4.isValid()" (node_6) is false
[18:13:07.869] [bmv2] [D] [thread 8732] [9.0] [cxt 0] Pipeline 'ingress': end
[18:13:07.869] [bmv2] [D] [thread 8732] [9.0] [cxt 0] Egress port is 0
[18:13:07.870] [bmv2] [D] [thread 8733] [9.0] [cxt 0] Pipeline 'egress': start
[18:13:07.870] [bmv2] [T] [thread 8733] [9.0] [cxt 0] tiger.p4(333) Condition "hdr.mri.isValid()" (node_10) is false
[18:13:07.870] [bmv2] [D] [thread 8733] [9.0] [cxt 0] Pipeline 'egress': end
[18:13:07.870] [bmv2] [D] [thread 8733] [9.0] [cxt 0] Deparser 'deparser': start
[18:13:07.870] [bmv2] [T] [thread 8733] [9.0] [cxt 0] Skipping checksum 'cksum' update because condition not met
[18:13:07.870] [bmv2] [D] [thread 8733] [9.0] [cxt 0] Deparsing header 'ethernet'
[18:13:07.870] [bmv2] [D] [thread 8733] [9.0] [cxt 0] Deparser 'deparser': end
[18:13:07.870] [bmv2] [D] [thread 8737] [9.0] [cxt 0] Transmitting packet of size 70 out of port 0
[18:13:08.638] [bmv2] [D] [thread 8732] [10.0] [cxt 0] Processing packet received on port 3
[18:13:08.638] [bmv2] [D] [thread 8732] [10.0] [cxt 0] Parser 'parser': start
[18:13:08.638] [bmv2] [D] [thread 8732] [10.0] [cxt 0] Parser 'parser' entering state 'start'
[18:13:08.638] [bmv2] [D] [thread 8732] [10.0] [cxt 0] Extracting header 'ethernet'
[18:13:08.638] [bmv2] [D] [thread 8732] [10.0] [cxt 0] Parser state 'start': key is 86dd
[18:13:08.638] [bmv2] [T] [thread 8732] [10.0] [cxt 0] Bytes parsed: 14
[18:13:08.638] [bmv2] [D] [thread 8732] [10.0] [cxt 0] Parser 'parser': end
[18:13:08.638] [bmv2] [D] [thread 8732] [10.0] [cxt 0] Pipeline 'ingress': start
[18:13:08.638] [bmv2] [T] [thread 8732] [10.0] [cxt 0] tiger.p4(290) Condition "hdr.rtp.isValid()" (node_2) is false
[18:13:08.638] [bmv2] [T] [thread 8732] [10.0] [cxt 0] tiger.p4(293) Condition "hdr.tigercy.isValid()" (node_4) is false
[18:13:08.638] [bmv2] [T] [thread 8732] [10.0] [cxt 0] tiger.p4(296) Condition "hdr.ipv4.isValid()" (node_6) is false
[18:13:08.638] [bmv2] [D] [thread 8732] [10.0] [cxt 0] Pipeline 'ingress': end
[18:13:08.638] [bmv2] [D] [thread 8732] [10.0] [cxt 0] Egress port is 0
[18:13:08.638] [bmv2] [D] [thread 8733] [10.0] [cxt 0] Pipeline 'egress': start
[18:13:08.638] [bmv2] [T] [thread 8733] [10.0] [cxt 0] tiger.p4(333) Condition "hdr.mri.isValid()" (node_10) is false
[18:13:08.638] [bmv2] [D] [thread 8733] [10.0] [cxt 0] Pipeline 'egress': end
[18:13:08.638] [bmv2] [D] [thread 8733] [10.0] [cxt 0] Deparser 'deparser': start
[18:13:08.638] [bmv2] [T] [thread 8733] [10.0] [cxt 0] Skipping checksum 'cksum' update because condition not met
[18:13:08.638] [bmv2] [D] [thread 8733] [10.0] [cxt 0] Deparsing header 'ethernet'
[18:13:08.638] [bmv2] [D] [thread 8733] [10.0] [cxt 0] Deparser 'deparser': end
[18:13:08.638] [bmv2] [D] [thread 8737] [10.0] [cxt 0] Transmitting packet of size 70 out of port 0
[18:13:08.889] [bmv2] [D] [thread 8732] [11.0] [cxt 0] Processing packet received on port 4
[18:13:08.889] [bmv2] [D] [thread 8732] [11.0] [cxt 0] Parser 'parser': start
[18:13:08.889] [bmv2] [D] [thread 8732] [11.0] [cxt 0] Parser 'parser' entering state 'start'
[18:13:08.889] [bmv2] [D] [thread 8732] [11.0] [cxt 0] Extracting header 'ethernet'
[18:13:08.889] [bmv2] [D] [thread 8732] [11.0] [cxt 0] Parser state 'start': key is 86dd
[18:13:08.889] [bmv2] [T] [thread 8732] [11.0] [cxt 0] Bytes parsed: 14
[18:13:08.889] [bmv2] [D] [thread 8732] [11.0] [cxt 0] Parser 'parser': end
[18:13:08.889] [bmv2] [D] [thread 8732] [11.0] [cxt 0] Pipeline 'ingress': start
[18:13:08.889] [bmv2] [T] [thread 8732] [11.0] [cxt 0] tiger.p4(290) Condition "hdr.rtp.isValid()" (node_2) is false
[18:13:08.889] [bmv2] [T] [thread 8732] [11.0] [cxt 0] tiger.p4(293) Condition "hdr.tigercy.isValid()" (node_4) is false
[18:13:08.889] [bmv2] [T] [thread 8732] [11.0] [cxt 0] tiger.p4(296) Condition "hdr.ipv4.isValid()" (node_6) is false
[18:13:08.889] [bmv2] [D] [thread 8732] [11.0] [cxt 0] Pipeline 'ingress': end
[18:13:08.889] [bmv2] [D] [thread 8732] [11.0] [cxt 0] Egress port is 0
[18:13:08.889] [bmv2] [D] [thread 8733] [11.0] [cxt 0] Pipeline 'egress': start
[18:13:08.889] [bmv2] [T] [thread 8733] [11.0] [cxt 0] tiger.p4(333) Condition "hdr.mri.isValid()" (node_10) is false
[18:13:08.889] [bmv2] [D] [thread 8733] [11.0] [cxt 0] Pipeline 'egress': end
[18:13:08.889] [bmv2] [D] [thread 8733] [11.0] [cxt 0] Deparser 'deparser': start
[18:13:08.889] [bmv2] [T] [thread 8733] [11.0] [cxt 0] Skipping checksum 'cksum' update because condition not met
[18:13:08.889] [bmv2] [D] [thread 8733] [11.0] [cxt 0] Deparsing header 'ethernet'
[18:13:08.889] [bmv2] [D] [thread 8733] [11.0] [cxt 0] Deparser 'deparser': end
[18:13:08.890] [bmv2] [D] [thread 8737] [11.0] [cxt 0] Transmitting packet of size 70 out of port 0
[18:13:09.145] [bmv2] [D] [thread 8732] [12.0] [cxt 0] Processing packet received on port 2
[18:13:09.145] [bmv2] [D] [thread 8732] [12.0] [cxt 0] Parser 'parser': start
[18:13:09.145] [bmv2] [D] [thread 8732] [12.0] [cxt 0] Parser 'parser' entering state 'start'
[18:13:09.145] [bmv2] [D] [thread 8732] [12.0] [cxt 0] Extracting header 'ethernet'
[18:13:09.145] [bmv2] [D] [thread 8732] [12.0] [cxt 0] Parser state 'start': key is 86dd
[18:13:09.145] [bmv2] [T] [thread 8732] [12.0] [cxt 0] Bytes parsed: 14
[18:13:09.145] [bmv2] [D] [thread 8732] [12.0] [cxt 0] Parser 'parser': end
[18:13:09.145] [bmv2] [D] [thread 8732] [12.0] [cxt 0] Pipeline 'ingress': start
[18:13:09.145] [bmv2] [T] [thread 8732] [12.0] [cxt 0] tiger.p4(290) Condition "hdr.rtp.isValid()" (node_2) is false
[18:13:09.145] [bmv2] [T] [thread 8732] [12.0] [cxt 0] tiger.p4(293) Condition "hdr.tigercy.isValid()" (node_4) is false
[18:13:09.145] [bmv2] [T] [thread 8732] [12.0] [cxt 0] tiger.p4(296) Condition "hdr.ipv4.isValid()" (node_6) is false
[18:13:09.145] [bmv2] [D] [thread 8732] [12.0] [cxt 0] Pipeline 'ingress': end
[18:13:09.145] [bmv2] [D] [thread 8732] [12.0] [cxt 0] Egress port is 0
[18:13:09.146] [bmv2] [D] [thread 8733] [12.0] [cxt 0] Pipeline 'egress': start
[18:13:09.146] [bmv2] [T] [thread 8733] [12.0] [cxt 0] tiger.p4(333) Condition "hdr.mri.isValid()" (node_10) is false
[18:13:09.146] [bmv2] [D] [thread 8733] [12.0] [cxt 0] Pipeline 'egress': end
[18:13:09.146] [bmv2] [D] [thread 8733] [12.0] [cxt 0] Deparser 'deparser': start
[18:13:09.146] [bmv2] [T] [thread 8733] [12.0] [cxt 0] Skipping checksum 'cksum' update because condition not met
[18:13:09.146] [bmv2] [D] [thread 8733] [12.0] [cxt 0] Deparsing header 'ethernet'
[18:13:09.146] [bmv2] [D] [thread 8733] [12.0] [cxt 0] Deparser 'deparser': end
[18:13:09.146] [bmv2] [D] [thread 8737] [12.0] [cxt 0] Transmitting packet of size 70 out of port 0
[18:13:09.415] [bmv2] [D] [thread 8732] [13.0] [cxt 0] Processing packet received on port 1
[18:13:09.415] [bmv2] [D] [thread 8732] [13.0] [cxt 0] Parser 'parser': start
[18:13:09.415] [bmv2] [D] [thread 8732] [13.0] [cxt 0] Parser 'parser' entering state 'start'
[18:13:09.415] [bmv2] [D] [thread 8732] [13.0] [cxt 0] Extracting header 'ethernet'
[18:13:09.415] [bmv2] [D] [thread 8732] [13.0] [cxt 0] Parser state 'start': key is 86dd
[18:13:09.415] [bmv2] [T] [thread 8732] [13.0] [cxt 0] Bytes parsed: 14
[18:13:09.415] [bmv2] [D] [thread 8732] [13.0] [cxt 0] Parser 'parser': end
[18:13:09.415] [bmv2] [D] [thread 8732] [13.0] [cxt 0] Pipeline 'ingress': start
[18:13:09.415] [bmv2] [T] [thread 8732] [13.0] [cxt 0] tiger.p4(290) Condition "hdr.rtp.isValid()" (node_2) is false
[18:13:09.415] [bmv2] [T] [thread 8732] [13.0] [cxt 0] tiger.p4(293) Condition "hdr.tigercy.isValid()" (node_4) is false
[18:13:09.415] [bmv2] [T] [thread 8732] [13.0] [cxt 0] tiger.p4(296) Condition "hdr.ipv4.isValid()" (node_6) is false
[18:13:09.415] [bmv2] [D] [thread 8732] [13.0] [cxt 0] Pipeline 'ingress': end
[18:13:09.415] [bmv2] [D] [thread 8732] [13.0] [cxt 0] Egress port is 0
[18:13:09.415] [bmv2] [D] [thread 8733] [13.0] [cxt 0] Pipeline 'egress': start
[18:13:09.415] [bmv2] [T] [thread 8733] [13.0] [cxt 0] tiger.p4(333) Condition "hdr.mri.isValid()" (node_10) is false
[18:13:09.415] [bmv2] [D] [thread 8733] [13.0] [cxt 0] Pipeline 'egress': end
[18:13:09.415] [bmv2] [D] [thread 8733] [13.0] [cxt 0] Deparser 'deparser': start
[18:13:09.415] [bmv2] [T] [thread 8733] [13.0] [cxt 0] Skipping checksum 'cksum' update because condition not met
[18:13:09.415] [bmv2] [D] [thread 8733] [13.0] [cxt 0] Deparsing header 'ethernet'
[18:13:09.415] [bmv2] [D] [thread 8733] [13.0] [cxt 0] Deparser 'deparser': end
[18:13:09.415] [bmv2] [D] [thread 8737] [13.0] [cxt 0] Transmitting packet of size 70 out of port 0
[18:13:09.659] [bmv2] [D] [thread 8732] [14.0] [cxt 0] Processing packet received on port 1
[18:13:09.660] [bmv2] [D] [thread 8732] [14.0] [cxt 0] Parser 'parser': start
[18:13:09.660] [bmv2] [D] [thread 8732] [14.0] [cxt 0] Parser 'parser' entering state 'start'
[18:13:09.660] [bmv2] [D] [thread 8732] [14.0] [cxt 0] Extracting header 'ethernet'
[18:13:09.660] [bmv2] [D] [thread 8732] [14.0] [cxt 0] Parser state 'start': key is 86dd
[18:13:09.660] [bmv2] [T] [thread 8732] [14.0] [cxt 0] Bytes parsed: 14
[18:13:09.660] [bmv2] [D] [thread 8732] [14.0] [cxt 0] Parser 'parser': end
[18:13:09.660] [bmv2] [D] [thread 8732] [14.0] [cxt 0] Pipeline 'ingress': start
[18:13:09.660] [bmv2] [T] [thread 8732] [14.0] [cxt 0] tiger.p4(290) Condition "hdr.rtp.isValid()" (node_2) is false
[18:13:09.660] [bmv2] [T] [thread 8732] [14.0] [cxt 0] tiger.p4(293) Condition "hdr.tigercy.isValid()" (node_4) is false
[18:13:09.660] [bmv2] [T] [thread 8732] [14.0] [cxt 0] tiger.p4(296) Condition "hdr.ipv4.isValid()" (node_6) is false
[18:13:09.660] [bmv2] [D] [thread 8732] [14.0] [cxt 0] Pipeline 'ingress': end
[18:13:09.660] [bmv2] [D] [thread 8732] [14.0] [cxt 0] Egress port is 0
[18:13:09.660] [bmv2] [D] [thread 8733] [14.0] [cxt 0] Pipeline 'egress': start
[18:13:09.660] [bmv2] [T] [thread 8733] [14.0] [cxt 0] tiger.p4(333) Condition "hdr.mri.isValid()" (node_10) is false
[18:13:09.660] [bmv2] [D] [thread 8733] [14.0] [cxt 0] Pipeline 'egress': end
[18:13:09.660] [bmv2] [D] [thread 8733] [14.0] [cxt 0] Deparser 'deparser': start
[18:13:09.660] [bmv2] [T] [thread 8733] [14.0] [cxt 0] Skipping checksum 'cksum' update because condition not met
[18:13:09.660] [bmv2] [D] [thread 8733] [14.0] [cxt 0] Deparsing header 'ethernet'
[18:13:09.660] [bmv2] [D] [thread 8733] [14.0] [cxt 0] Deparser 'deparser': end
[18:13:09.660] [bmv2] [D] [thread 8737] [14.0] [cxt 0] Transmitting packet of size 70 out of port 0
[18:13:09.660] [bmv2] [D] [thread 8732] [15.0] [cxt 0] Processing packet received on port 4
[18:13:09.660] [bmv2] [D] [thread 8732] [15.0] [cxt 0] Parser 'parser': start
[18:13:09.660] [bmv2] [D] [thread 8732] [15.0] [cxt 0] Parser 'parser' entering state 'start'
[18:13:09.660] [bmv2] [D] [thread 8732] [15.0] [cxt 0] Extracting header 'ethernet'
[18:13:09.660] [bmv2] [D] [thread 8732] [15.0] [cxt 0] Parser state 'start': key is 86dd
[18:13:09.660] [bmv2] [T] [thread 8732] [15.0] [cxt 0] Bytes parsed: 14
[18:13:09.660] [bmv2] [D] [thread 8732] [15.0] [cxt 0] Parser 'parser': end
[18:13:09.660] [bmv2] [D] [thread 8732] [15.0] [cxt 0] Pipeline 'ingress': start
[18:13:09.660] [bmv2] [T] [thread 8732] [15.0] [cxt 0] tiger.p4(290) Condition "hdr.rtp.isValid()" (node_2) is false
[18:13:09.660] [bmv2] [T] [thread 8732] [15.0] [cxt 0] tiger.p4(293) Condition "hdr.tigercy.isValid()" (node_4) is false
[18:13:09.660] [bmv2] [T] [thread 8732] [15.0] [cxt 0] tiger.p4(296) Condition "hdr.ipv4.isValid()" (node_6) is false
[18:13:09.660] [bmv2] [D] [thread 8732] [15.0] [cxt 0] Pipeline 'ingress': end
[18:13:09.660] [bmv2] [D] [thread 8732] [15.0] [cxt 0] Egress port is 0
[18:13:09.660] [bmv2] [D] [thread 8733] [15.0] [cxt 0] Pipeline 'egress': start
[18:13:09.660] [bmv2] [T] [thread 8733] [15.0] [cxt 0] tiger.p4(333) Condition "hdr.mri.isValid()" (node_10) is false
[18:13:09.660] [bmv2] [D] [thread 8733] [15.0] [cxt 0] Pipeline 'egress': end
[18:13:09.660] [bmv2] [D] [thread 8733] [15.0] [cxt 0] Deparser 'deparser': start
[18:13:09.660] [bmv2] [T] [thread 8733] [15.0] [cxt 0] Skipping checksum 'cksum' update because condition not met
[18:13:09.660] [bmv2] [D] [thread 8733] [15.0] [cxt 0] Deparsing header 'ethernet'
[18:13:09.660] [bmv2] [D] [thread 8733] [15.0] [cxt 0] Deparser 'deparser': end
[18:13:09.660] [bmv2] [D] [thread 8737] [15.0] [cxt 0] Transmitting packet of size 70 out of port 0
[18:13:21.948] [bmv2] [D] [thread 8732] [16.0] [cxt 0] Processing packet received on port 2
[18:13:21.948] [bmv2] [D] [thread 8732] [16.0] [cxt 0] Parser 'parser': start
[18:13:21.948] [bmv2] [D] [thread 8732] [16.0] [cxt 0] Parser 'parser' entering state 'start'
[18:13:21.948] [bmv2] [D] [thread 8732] [16.0] [cxt 0] Extracting header 'ethernet'
[18:13:21.948] [bmv2] [D] [thread 8732] [16.0] [cxt 0] Parser state 'start': key is 86dd
[18:13:21.948] [bmv2] [T] [thread 8732] [16.0] [cxt 0] Bytes parsed: 14
[18:13:21.948] [bmv2] [D] [thread 8732] [16.0] [cxt 0] Parser 'parser': end
[18:13:21.948] [bmv2] [D] [thread 8732] [16.0] [cxt 0] Pipeline 'ingress': start
[18:13:21.948] [bmv2] [T] [thread 8732] [16.0] [cxt 0] tiger.p4(290) Condition "hdr.rtp.isValid()" (node_2) is false
[18:13:21.948] [bmv2] [T] [thread 8732] [16.0] [cxt 0] tiger.p4(293) Condition "hdr.tigercy.isValid()" (node_4) is false
[18:13:21.948] [bmv2] [T] [thread 8732] [16.0] [cxt 0] tiger.p4(296) Condition "hdr.ipv4.isValid()" (node_6) is false
[18:13:21.948] [bmv2] [D] [thread 8732] [16.0] [cxt 0] Pipeline 'ingress': end
[18:13:21.948] [bmv2] [D] [thread 8732] [16.0] [cxt 0] Egress port is 0
[18:13:21.948] [bmv2] [D] [thread 8733] [16.0] [cxt 0] Pipeline 'egress': start
[18:13:21.948] [bmv2] [T] [thread 8733] [16.0] [cxt 0] tiger.p4(333) Condition "hdr.mri.isValid()" (node_10) is false
[18:13:21.948] [bmv2] [D] [thread 8733] [16.0] [cxt 0] Pipeline 'egress': end
[18:13:21.948] [bmv2] [D] [thread 8733] [16.0] [cxt 0] Deparser 'deparser': start
[18:13:21.948] [bmv2] [T] [thread 8733] [16.0] [cxt 0] Skipping checksum 'cksum' update because condition not met
[18:13:21.948] [bmv2] [D] [thread 8733] [16.0] [cxt 0] Deparsing header 'ethernet'
[18:13:21.948] [bmv2] [D] [thread 8733] [16.0] [cxt 0] Deparser 'deparser': end
[18:13:21.948] [bmv2] [D] [thread 8737] [16.0] [cxt 0] Transmitting packet of size 70 out of port 0
[18:13:22.458] [bmv2] [D] [thread 8732] [17.0] [cxt 0] Processing packet received on port 3
[18:13:22.458] [bmv2] [D] [thread 8732] [17.0] [cxt 0] Parser 'parser': start
[18:13:22.458] [bmv2] [D] [thread 8732] [17.0] [cxt 0] Parser 'parser' entering state 'start'
[18:13:22.458] [bmv2] [D] [thread 8732] [17.0] [cxt 0] Extracting header 'ethernet'
[18:13:22.458] [bmv2] [D] [thread 8732] [17.0] [cxt 0] Parser state 'start': key is 86dd
[18:13:22.458] [bmv2] [T] [thread 8732] [17.0] [cxt 0] Bytes parsed: 14
[18:13:22.458] [bmv2] [D] [thread 8732] [17.0] [cxt 0] Parser 'parser': end
[18:13:22.458] [bmv2] [D] [thread 8732] [17.0] [cxt 0] Pipeline 'ingress': start
[18:13:22.458] [bmv2] [T] [thread 8732] [17.0] [cxt 0] tiger.p4(290) Condition "hdr.rtp.isValid()" (node_2) is false
[18:13:22.458] [bmv2] [T] [thread 8732] [17.0] [cxt 0] tiger.p4(293) Condition "hdr.tigercy.isValid()" (node_4) is false
[18:13:22.458] [bmv2] [T] [thread 8732] [17.0] [cxt 0] tiger.p4(296) Condition "hdr.ipv4.isValid()" (node_6) is false
[18:13:22.458] [bmv2] [D] [thread 8732] [17.0] [cxt 0] Pipeline 'ingress': end
[18:13:22.458] [bmv2] [D] [thread 8732] [17.0] [cxt 0] Egress port is 0
[18:13:22.458] [bmv2] [D] [thread 8733] [17.0] [cxt 0] Pipeline 'egress': start
[18:13:22.458] [bmv2] [T] [thread 8733] [17.0] [cxt 0] tiger.p4(333) Condition "hdr.mri.isValid()" (node_10) is false
[18:13:22.458] [bmv2] [D] [thread 8733] [17.0] [cxt 0] Pipeline 'egress': end
[18:13:22.458] [bmv2] [D] [thread 8733] [17.0] [cxt 0] Deparser 'deparser': start
[18:13:22.458] [bmv2] [T] [thread 8733] [17.0] [cxt 0] Skipping checksum 'cksum' update because condition not met
[18:13:22.458] [bmv2] [D] [thread 8733] [17.0] [cxt 0] Deparsing header 'ethernet'
[18:13:22.458] [bmv2] [D] [thread 8733] [17.0] [cxt 0] Deparser 'deparser': end
[18:13:22.458] [bmv2] [D] [thread 8737] [17.0] [cxt 0] Transmitting packet of size 70 out of port 0
[18:13:23.484] [bmv2] [D] [thread 8732] [18.0] [cxt 0] Processing packet received on port 3
[18:13:23.484] [bmv2] [D] [thread 8732] [18.0] [cxt 0] Parser 'parser': start
[18:13:23.484] [bmv2] [D] [thread 8732] [18.0] [cxt 0] Parser 'parser' entering state 'start'
[18:13:23.484] [bmv2] [D] [thread 8732] [18.0] [cxt 0] Extracting header 'ethernet'
[18:13:23.484] [bmv2] [D] [thread 8732] [18.0] [cxt 0] Parser state 'start': key is 86dd
[18:13:23.484] [bmv2] [T] [thread 8732] [18.0] [cxt 0] Bytes parsed: 14
[18:13:23.484] [bmv2] [D] [thread 8732] [18.0] [cxt 0] Parser 'parser': end
[18:13:23.484] [bmv2] [D] [thread 8732] [18.0] [cxt 0] Pipeline 'ingress': start
[18:13:23.484] [bmv2] [T] [thread 8732] [18.0] [cxt 0] tiger.p4(290) Condition "hdr.rtp.isValid()" (node_2) is false
[18:13:23.484] [bmv2] [T] [thread 8732] [18.0] [cxt 0] tiger.p4(293) Condition "hdr.tigercy.isValid()" (node_4) is false
[18:13:23.484] [bmv2] [T] [thread 8732] [18.0] [cxt 0] tiger.p4(296) Condition "hdr.ipv4.isValid()" (node_6) is false
[18:13:23.484] [bmv2] [D] [thread 8732] [18.0] [cxt 0] Pipeline 'ingress': end
[18:13:23.484] [bmv2] [D] [thread 8732] [18.0] [cxt 0] Egress port is 0
[18:13:23.485] [bmv2] [D] [thread 8733] [18.0] [cxt 0] Pipeline 'egress': start
[18:13:23.485] [bmv2] [T] [thread 8733] [18.0] [cxt 0] tiger.p4(333) Condition "hdr.mri.isValid()" (node_10) is false
[18:13:23.485] [bmv2] [D] [thread 8733] [18.0] [cxt 0] Pipeline 'egress': end
[18:13:23.485] [bmv2] [D] [thread 8733] [18.0] [cxt 0] Deparser 'deparser': start
[18:13:23.485] [bmv2] [T] [thread 8733] [18.0] [cxt 0] Skipping checksum 'cksum' update because condition not met
[18:13:23.485] [bmv2] [D] [thread 8733] [18.0] [cxt 0] Deparsing header 'ethernet'
[18:13:23.485] [bmv2] [D] [thread 8733] [18.0] [cxt 0] Deparser 'deparser': end
[18:13:23.485] [bmv2] [D] [thread 8737] [18.0] [cxt 0] Transmitting packet of size 70 out of port 0
[18:13:24.505] [bmv2] [D] [thread 8732] [19.0] [cxt 0] Processing packet received on port 4
[18:13:24.505] [bmv2] [D] [thread 8732] [19.0] [cxt 0] Parser 'parser': start
[18:13:24.505] [bmv2] [D] [thread 8732] [19.0] [cxt 0] Parser 'parser' entering state 'start'
[18:13:24.505] [bmv2] [D] [thread 8732] [19.0] [cxt 0] Extracting header 'ethernet'
[18:13:24.505] [bmv2] [D] [thread 8732] [19.0] [cxt 0] Parser state 'start': key is 86dd
[18:13:24.505] [bmv2] [T] [thread 8732] [19.0] [cxt 0] Bytes parsed: 14
[18:13:24.505] [bmv2] [D] [thread 8732] [19.0] [cxt 0] Parser 'parser': end
[18:13:24.505] [bmv2] [D] [thread 8732] [19.0] [cxt 0] Pipeline 'ingress': start
[18:13:24.505] [bmv2] [T] [thread 8732] [19.0] [cxt 0] tiger.p4(290) Condition "hdr.rtp.isValid()" (node_2) is false
[18:13:24.505] [bmv2] [T] [thread 8732] [19.0] [cxt 0] tiger.p4(293) Condition "hdr.tigercy.isValid()" (node_4) is false
[18:13:24.505] [bmv2] [T] [thread 8732] [19.0] [cxt 0] tiger.p4(296) Condition "hdr.ipv4.isValid()" (node_6) is false
[18:13:24.505] [bmv2] [D] [thread 8732] [19.0] [cxt 0] Pipeline 'ingress': end
[18:13:24.505] [bmv2] [D] [thread 8732] [19.0] [cxt 0] Egress port is 0
[18:13:24.506] [bmv2] [D] [thread 8733] [19.0] [cxt 0] Pipeline 'egress': start
[18:13:24.506] [bmv2] [T] [thread 8733] [19.0] [cxt 0] tiger.p4(333) Condition "hdr.mri.isValid()" (node_10) is false
[18:13:24.506] [bmv2] [D] [thread 8733] [19.0] [cxt 0] Pipeline 'egress': end
[18:13:24.506] [bmv2] [D] [thread 8733] [19.0] [cxt 0] Deparser 'deparser': start
[18:13:24.506] [bmv2] [T] [thread 8733] [19.0] [cxt 0] Skipping checksum 'cksum' update because condition not met
[18:13:24.506] [bmv2] [D] [thread 8733] [19.0] [cxt 0] Deparsing header 'ethernet'
[18:13:24.506] [bmv2] [D] [thread 8733] [19.0] [cxt 0] Deparser 'deparser': end
[18:13:24.506] [bmv2] [D] [thread 8737] [19.0] [cxt 0] Transmitting packet of size 70 out of port 0
[18:13:25.538] [bmv2] [D] [thread 8732] [20.0] [cxt 0] Processing packet received on port 1
[18:13:25.538] [bmv2] [D] [thread 8732] [20.0] [cxt 0] Parser 'parser': start
[18:13:25.538] [bmv2] [D] [thread 8732] [20.0] [cxt 0] Parser 'parser' entering state 'start'
[18:13:25.538] [bmv2] [D] [thread 8732] [20.0] [cxt 0] Extracting header 'ethernet'
[18:13:25.538] [bmv2] [D] [thread 8732] [20.0] [cxt 0] Parser state 'start': key is 86dd
[18:13:25.538] [bmv2] [T] [thread 8732] [20.0] [cxt 0] Bytes parsed: 14
[18:13:25.538] [bmv2] [D] [thread 8732] [20.0] [cxt 0] Parser 'parser': end
[18:13:25.538] [bmv2] [D] [thread 8732] [20.0] [cxt 0] Pipeline 'ingress': start
[18:13:25.538] [bmv2] [T] [thread 8732] [20.0] [cxt 0] tiger.p4(290) Condition "hdr.rtp.isValid()" (node_2) is false
[18:13:25.538] [bmv2] [T] [thread 8732] [20.0] [cxt 0] tiger.p4(293) Condition "hdr.tigercy.isValid()" (node_4) is false
[18:13:25.538] [bmv2] [T] [thread 8732] [20.0] [cxt 0] tiger.p4(296) Condition "hdr.ipv4.isValid()" (node_6) is false
[18:13:25.538] [bmv2] [D] [thread 8732] [20.0] [cxt 0] Pipeline 'ingress': end
[18:13:25.538] [bmv2] [D] [thread 8732] [20.0] [cxt 0] Egress port is 0
[18:13:25.538] [bmv2] [D] [thread 8733] [20.0] [cxt 0] Pipeline 'egress': start
[18:13:25.538] [bmv2] [T] [thread 8733] [20.0] [cxt 0] tiger.p4(333) Condition "hdr.mri.isValid()" (node_10) is false
[18:13:25.538] [bmv2] [D] [thread 8733] [20.0] [cxt 0] Pipeline 'egress': end
[18:13:25.538] [bmv2] [D] [thread 8733] [20.0] [cxt 0] Deparser 'deparser': start
[18:13:25.538] [bmv2] [T] [thread 8733] [20.0] [cxt 0] Skipping checksum 'cksum' update because condition not met
[18:13:25.538] [bmv2] [D] [thread 8733] [20.0] [cxt 0] Deparsing header 'ethernet'
[18:13:25.538] [bmv2] [D] [thread 8733] [20.0] [cxt 0] Deparser 'deparser': end
[18:13:25.538] [bmv2] [D] [thread 8737] [20.0] [cxt 0] Transmitting packet of size 70 out of port 0
[18:13:25.787] [bmv2] [D] [thread 8732] [21.0] [cxt 0] Processing packet received on port 1
[18:13:25.787] [bmv2] [D] [thread 8732] [21.0] [cxt 0] Parser 'parser': start
[18:13:25.787] [bmv2] [D] [thread 8732] [21.0] [cxt 0] Parser 'parser' entering state 'start'
[18:13:25.787] [bmv2] [D] [thread 8732] [21.0] [cxt 0] Extracting header 'ethernet'
[18:13:25.787] [bmv2] [D] [thread 8732] [21.0] [cxt 0] Parser state 'start': key is 86dd
[18:13:25.787] [bmv2] [T] [thread 8732] [21.0] [cxt 0] Bytes parsed: 14
[18:13:25.787] [bmv2] [D] [thread 8732] [21.0] [cxt 0] Parser 'parser': end
[18:13:25.787] [bmv2] [D] [thread 8732] [21.0] [cxt 0] Pipeline 'ingress': start
[18:13:25.787] [bmv2] [T] [thread 8732] [21.0] [cxt 0] tiger.p4(290) Condition "hdr.rtp.isValid()" (node_2) is false
[18:13:25.787] [bmv2] [T] [thread 8732] [21.0] [cxt 0] tiger.p4(293) Condition "hdr.tigercy.isValid()" (node_4) is false
[18:13:25.787] [bmv2] [T] [thread 8732] [21.0] [cxt 0] tiger.p4(296) Condition "hdr.ipv4.isValid()" (node_6) is false
[18:13:25.787] [bmv2] [D] [thread 8732] [21.0] [cxt 0] Pipeline 'ingress': end
[18:13:25.787] [bmv2] [D] [thread 8732] [21.0] [cxt 0] Egress port is 0
[18:13:25.787] [bmv2] [D] [thread 8732] [22.0] [cxt 0] Processing packet received on port 2
[18:13:25.787] [bmv2] [D] [thread 8732] [22.0] [cxt 0] Parser 'parser': start
[18:13:25.787] [bmv2] [D] [thread 8732] [22.0] [cxt 0] Parser 'parser' entering state 'start'
[18:13:25.787] [bmv2] [D] [thread 8732] [22.0] [cxt 0] Extracting header 'ethernet'
[18:13:25.787] [bmv2] [D] [thread 8732] [22.0] [cxt 0] Parser state 'start': key is 86dd
[18:13:25.787] [bmv2] [T] [thread 8732] [22.0] [cxt 0] Bytes parsed: 14
[18:13:25.787] [bmv2] [D] [thread 8732] [22.0] [cxt 0] Parser 'parser': end
[18:13:25.787] [bmv2] [D] [thread 8732] [22.0] [cxt 0] Pipeline 'ingress': start
[18:13:25.787] [bmv2] [T] [thread 8732] [22.0] [cxt 0] tiger.p4(290) Condition "hdr.rtp.isValid()" (node_2) is false
[18:13:25.787] [bmv2] [T] [thread 8732] [22.0] [cxt 0] tiger.p4(293) Condition "hdr.tigercy.isValid()" (node_4) is false
[18:13:25.787] [bmv2] [T] [thread 8732] [22.0] [cxt 0] tiger.p4(296) Condition "hdr.ipv4.isValid()" (node_6) is false
[18:13:25.787] [bmv2] [D] [thread 8732] [22.0] [cxt 0] Pipeline 'ingress': end
[18:13:25.787] [bmv2] [D] [thread 8732] [22.0] [cxt 0] Egress port is 0
[18:13:25.788] [bmv2] [D] [thread 8733] [21.0] [cxt 0] Pipeline 'egress': start
[18:13:25.788] [bmv2] [T] [thread 8733] [21.0] [cxt 0] tiger.p4(333) Condition "hdr.mri.isValid()" (node_10) is false
[18:13:25.788] [bmv2] [D] [thread 8733] [21.0] [cxt 0] Pipeline 'egress': end
[18:13:25.788] [bmv2] [D] [thread 8733] [21.0] [cxt 0] Deparser 'deparser': start
[18:13:25.788] [bmv2] [T] [thread 8733] [21.0] [cxt 0] Skipping checksum 'cksum' update because condition not met
[18:13:25.788] [bmv2] [D] [thread 8733] [21.0] [cxt 0] Deparsing header 'ethernet'
[18:13:25.788] [bmv2] [D] [thread 8733] [21.0] [cxt 0] Deparser 'deparser': end
[18:13:25.788] [bmv2] [D] [thread 8733] [22.0] [cxt 0] Pipeline 'egress': start
[18:13:25.788] [bmv2] [T] [thread 8733] [22.0] [cxt 0] tiger.p4(333) Condition "hdr.mri.isValid()" (node_10) is false
[18:13:25.788] [bmv2] [D] [thread 8733] [22.0] [cxt 0] Pipeline 'egress': end
[18:13:25.788] [bmv2] [D] [thread 8733] [22.0] [cxt 0] Deparser 'deparser': start
[18:13:25.788] [bmv2] [T] [thread 8733] [22.0] [cxt 0] Skipping checksum 'cksum' update because condition not met
[18:13:25.788] [bmv2] [D] [thread 8733] [22.0] [cxt 0] Deparsing header 'ethernet'
[18:13:25.788] [bmv2] [D] [thread 8733] [22.0] [cxt 0] Deparser 'deparser': end
[18:13:25.788] [bmv2] [D] [thread 8737] [21.0] [cxt 0] Transmitting packet of size 70 out of port 0
[18:13:25.788] [bmv2] [D] [thread 8737] [22.0] [cxt 0] Transmitting packet of size 70 out of port 0
[18:13:27.837] [bmv2] [D] [thread 8732] [23.0] [cxt 0] Processing packet received on port 4
[18:13:27.837] [bmv2] [D] [thread 8732] [23.0] [cxt 0] Parser 'parser': start
[18:13:27.837] [bmv2] [D] [thread 8732] [23.0] [cxt 0] Parser 'parser' entering state 'start'
[18:13:27.837] [bmv2] [D] [thread 8732] [23.0] [cxt 0] Extracting header 'ethernet'
[18:13:27.837] [bmv2] [D] [thread 8732] [23.0] [cxt 0] Parser state 'start': key is 86dd
[18:13:27.837] [bmv2] [T] [thread 8732] [23.0] [cxt 0] Bytes parsed: 14
[18:13:27.837] [bmv2] [D] [thread 8732] [23.0] [cxt 0] Parser 'parser': end
[18:13:27.837] [bmv2] [D] [thread 8732] [23.0] [cxt 0] Pipeline 'ingress': start
[18:13:27.837] [bmv2] [T] [thread 8732] [23.0] [cxt 0] tiger.p4(290) Condition "hdr.rtp.isValid()" (node_2) is false
[18:13:27.837] [bmv2] [T] [thread 8732] [23.0] [cxt 0] tiger.p4(293) Condition "hdr.tigercy.isValid()" (node_4) is false
[18:13:27.837] [bmv2] [T] [thread 8732] [23.0] [cxt 0] tiger.p4(296) Condition "hdr.ipv4.isValid()" (node_6) is false
[18:13:27.837] [bmv2] [D] [thread 8732] [23.0] [cxt 0] Pipeline 'ingress': end
[18:13:27.837] [bmv2] [D] [thread 8732] [23.0] [cxt 0] Egress port is 0
[18:13:27.838] [bmv2] [D] [thread 8733] [23.0] [cxt 0] Pipeline 'egress': start
[18:13:27.838] [bmv2] [T] [thread 8733] [23.0] [cxt 0] tiger.p4(333) Condition "hdr.mri.isValid()" (node_10) is false
[18:13:27.838] [bmv2] [D] [thread 8733] [23.0] [cxt 0] Pipeline 'egress': end
[18:13:27.838] [bmv2] [D] [thread 8733] [23.0] [cxt 0] Deparser 'deparser': start
[18:13:27.838] [bmv2] [T] [thread 8733] [23.0] [cxt 0] Skipping checksum 'cksum' update because condition not met
[18:13:27.838] [bmv2] [D] [thread 8733] [23.0] [cxt 0] Deparsing header 'ethernet'
[18:13:27.838] [bmv2] [D] [thread 8733] [23.0] [cxt 0] Deparser 'deparser': end
[18:13:27.838] [bmv2] [D] [thread 8737] [23.0] [cxt 0] Transmitting packet of size 70 out of port 0
